10.07.2015 - 22:25:19	  [ LOG ] 	Using log file /mnt/data/IRC Bot/new/Wild-IRC-Bot/logs//log125.log10.07.2015 - 22:25:19	  [ WildPHP\Manager ] 	Registered event IRCMessageInbound (with class IIRCMessageInboundEvent).10.07.2015 - 22:25:19	  [ WildPHP\Manager ] 	Registered event BotCommand (with class ICommandEvent).10.07.2015 - 22:25:19	  [ WildPHP\Manager ] 	Registered event Say (with class ISayEvent).10.07.2015 - 22:25:19	  [ WildPHP\Manager ] 	Registered event Connect (with class IConnectEvent).10.07.2015 - 22:25:19	  [ WildPHP\Manager ] 	Registered event Loop (with class IEvent).10.07.2015 - 22:25:19	  [ WildPHP\Manager-DEBUG ] 	Module Auth registered.10.07.2015 - 22:25:19	  [ WildPHP\Manager-DEBUG ] 	Module ChannelAdmin registered.10.07.2015 - 22:25:19	  [ WildPHP\Manager-DEBUG ] 	Module ChannelManager registered.10.07.2015 - 22:25:19	  [ WildPHP\Manager-DEBUG ] 	Module CoreCommands registered.10.07.2015 - 22:25:19	  [ WildPHP\Manager-DEBUG ] 	Module Dev registered.10.07.2015 - 22:25:19	  [ WildPHP\Manager-DEBUG ] 	Module FunModule registered.10.07.2015 - 22:25:19	  [ WildPHP\Manager-DEBUG ] 	Module GitHub registered.10.07.2015 - 22:25:19	  [ WildPHP\Manager-DEBUG ] 	Module Help registered.10.07.2015 - 22:25:19	  [ WildPHP\Manager-DEBUG ] 	Module Hooks registered.10.07.2015 - 22:25:19	  [ WildPHP\Manager-DEBUG ] 	Module STFU registered.10.07.2015 - 22:25:19	  [ WildPHP\Manager-DEBUG ] 	Module Watchdog registered.10.07.2015 - 22:25:19	  [ WildPHP\Manager-DEBUG ] 	Module Wiki registered.10.07.2015 - 22:25:19	  [ WildPHP\Manager-DEBUG ] 	Loading module Auth...10.07.2015 - 22:25:19	  [ WildPHP\Manager ] 	Module Auth loaded.10.07.2015 - 22:25:19	  [ WildPHP\Manager-DEBUG ] 	Loading module ChannelAdmin...10.07.2015 - 22:25:19	  [ WildPHP\Manager ] 	Module ChannelAdmin loaded.10.07.2015 - 22:25:19	  [ WildPHP\Manager-DEBUG ] 	Loading module ChannelManager...10.07.2015 - 22:25:19	  [ WildPHP\Manager ] 	Registered event ChannelJoin (with class ChannelJoinEvent).10.07.2015 - 22:25:19	  [ WildPHP\Manager ] 	Module ChannelManager loaded.10.07.2015 - 22:25:19	  [ WildPHP\Manager-DEBUG ] 	Loading module CoreCommands...10.07.2015 - 22:25:19	  [ WildPHP\Manager ] 	Module CoreCommands loaded.10.07.2015 - 22:25:19	  [ WildPHP\Manager-DEBUG ] 	Loading module Dev...10.07.2015 - 22:25:19	  [ WildPHP\Manager ] 	Module Dev loaded.10.07.2015 - 22:25:19	  [ WildPHP\Manager-DEBUG ] 	Loading module FunModule...10.07.2015 - 22:25:19	  [ WildPHP\Manager ] 	Module FunModule loaded.10.07.2015 - 22:25:19	  [ WildPHP\Manager-DEBUG ] 	Loading module GitHub...10.07.2015 - 22:25:19	  [ WildPHP\Manager ] 	Module GitHub loaded.10.07.2015 - 22:25:19	  [ WildPHP\Manager-DEBUG ] 	Loading module Help...10.07.2015 - 22:25:19	  [ WildPHP\Manager ] 	Module Help loaded.10.07.2015 - 22:25:19	  [ WildPHP\Manager-DEBUG ] 	Loading module Hooks...10.07.2015 - 22:25:19	  [ WildPHP\Manager ] 	Module Hooks loaded.10.07.2015 - 22:25:19	  [ WildPHP\Manager-DEBUG ] 	Loading module STFU...10.07.2015 - 22:25:19	  [ WildPHP\Manager ] 	Module STFU loaded.10.07.2015 - 22:25:19	  [ WildPHP\Manager-DEBUG ] 	Loading module Watchdog...10.07.2015 - 22:25:19	  [ TIMERMAN ] 	Added new timer PingTimeoutTimer. Next trigger in 350 seconds.10.07.2015 - 22:25:19	  [ WildPHP\Manager ] 	Module Watchdog loaded.10.07.2015 - 22:25:19	  [ WildPHP\Manager-DEBUG ] 	Loading module Wiki...10.07.2015 - 22:25:19	  [ WildPHP\Manager ] 	Module Wiki loaded.10.07.2015 - 22:25:19	  [ WildPHP\Manager ] 	Connection to server irc.freenode.net:6667 set up with nick FatalException; ready to use.10.07.2015 - 22:25:19	  [ WildPHP\Manager-DEBUG ] 	<< :cameron.freenode.net NOTICE * :*** Looking up your hostname...
10.07.2015 - 22:25:19	  [ WildPHP\Manager-DEBUG ] 	<< :cameron.freenode.net NOTICE * :*** Checking Ident
10.07.2015 - 22:25:19	  [ WildPHP\Manager-DEBUG ] 	<< :cameron.freenode.net NOTICE * :*** Found your hostname
10.07.2015 - 22:25:27	  [ WildPHP\Manager-DEBUG ] 	<< :cameron.freenode.net NOTICE * :*** No Ident response
10.07.2015 - 22:25:27	  [ WildPHP\Manager-DEBUG ] 	<< :cameron.freenode.net 001 FatalException :Welcome to the freenode Internet Relay Chat Network FatalException
10.07.2015 - 22:25:27	  [ WildPHP\Manager-DEBUG ] 	<< :cameron.freenode.net 002 FatalException :Your host is cameron.freenode.net[84.240.3.129/6667], running version ircd-seven-1.1.3
10.07.2015 - 22:25:27	  [ WildPHP\Manager-DEBUG ] 	<< :cameron.freenode.net 003 FatalException :This server was created Tue Oct 21 2014 at 11:36:02 UTC
10.07.2015 - 22:25:27	  [ WildPHP\Manager-DEBUG ] 	<< :cameron.freenode.net 004 FatalException cameron.freenode.net ircd-seven-1.1.3 DOQRSZaghilopswz CFILMPQSbcefgijklmnopqrstvz bkloveqjfI
10.07.2015 - 22:25:27	  [ WildPHP\Manager-DEBUG ] 	<< :cameron.freenode.net 005 FatalException CHANTYPES=# EXCEPTS INVEX CHANMODES=eIbq,k,flj,CFLMPQScgimnprstz CHANLIMIT=#:120 PREFIX=(ov)@+ MAXLIST=bqeI:100 MODES=4 NETWORK=freenode KNOCK STATUSMSG=@+ CALLERID=g :are supported by this server
10.07.2015 - 22:25:27	  [ WildPHP\Manager-DEBUG ] 	<< :cameron.freenode.net 005 FatalException CASEMAPPING=rfc1459 CHARSET=ascii NICKLEN=16 CHANNELLEN=50 TOPICLEN=390 ETRACE CPRIVMSG CNOTICE DEAF=D MONITOR=100 FNC TARGMAX=NAMES:1,LIST:1,KICK:1,WHOIS:1,PRIVMSG:4,NOTICE:4,ACCEPT:,MONITOR: :are supported by this server
10.07.2015 - 22:25:27	  [ WildPHP\Manager-DEBUG ] 	<< :cameron.freenode.net 005 FatalException EXTBAN=$,ajrxz WHOX CLIENTVER=3.0 SAFELIST ELIST=CTU :are supported by this server
10.07.2015 - 22:25:27	  [ WildPHP\Manager-DEBUG ] 	<< :cameron.freenode.net 251 FatalException :There are 169 users and 90997 invisible on 27 servers
10.07.2015 - 22:25:27	  [ WildPHP\Manager-DEBUG ] 	<< :cameron.freenode.net 252 FatalException 21 :IRC Operators online
10.07.2015 - 22:25:27	  [ WildPHP\Manager-DEBUG ] 	<< :cameron.freenode.net 253 FatalException 7 :unknown connection(s)
10.07.2015 - 22:25:27	  [ WildPHP\Manager-DEBUG ] 	<< :cameron.freenode.net 254 FatalException 60576 :channels formed
10.07.2015 - 22:25:27	  [ WildPHP\Manager-DEBUG ] 	<< :cameron.freenode.net 255 FatalException :I have 2651 clients and 2 servers
10.07.2015 - 22:25:27	  [ WildPHP\Manager-DEBUG ] 	<< :cameron.freenode.net 265 FatalException 2651 4932 :Current local users 2651, max 4932
10.07.2015 - 22:25:27	  [ WildPHP\Manager-DEBUG ] 	<< :cameron.freenode.net 266 FatalException 91166 105669 :Current global users 91166, max 105669
10.07.2015 - 22:25:27	  [ WildPHP\Manager-DEBUG ] 	<< :cameron.freenode.net 250 FatalException :Highest connection count: 4934 (4932 clients) (2160959 connections received)
10.07.2015 - 22:25:27	  [ WildPHP\Manager-DEBUG ] 	<< :cameron.freenode.net 375 FatalException :- cameron.freenode.net Message of the Day - 
10.07.2015 - 22:25:27	  [ WildPHP\Manager-DEBUG ] 	<< :cameron.freenode.net 372 FatalException :- Welcome to cameron.freenode.net, hosted in Vilnius, Lithuania. 
10.07.2015 - 22:25:27	  [ WildPHP\Manager-DEBUG ] 	<< :cameron.freenode.net 372 FatalException :- Thanks to Skynet (http://www.skynet.lt) for sponsoring this server!
10.07.2015 - 22:25:27	  [ WildPHP\Manager-DEBUG ] 	<< :cameron.freenode.net 372 FatalException :-  
10.07.2015 - 22:25:27	  [ WildPHP\Manager-DEBUG ] 	<< :cameron.freenode.net 372 FatalException :- CAMERON, JAMES (1954-). Canadian screenwriter/director James Cameron has 
10.07.2015 - 22:25:27	  [ WildPHP\Manager-DEBUG ] 	<< :cameron.freenode.net 372 FatalException :- been involved in the production of many of the film "greatest hits" 
10.07.2015 - 22:25:27	  [ WildPHP\Manager-DEBUG ] 	<< :cameron.freenode.net 372 FatalException :- of the past 25 years, including the Terminator movies and the 3D
10.07.2015 - 22:25:27	  [ WildPHP\Manager-DEBUG ] 	<< :cameron.freenode.net 372 FatalException :- blockbuster Avatar.
10.07.2015 - 22:25:27	  [ WildPHP\Manager-DEBUG ] 	<< :cameron.freenode.net 372 FatalException :-  
10.07.2015 - 22:25:27	  [ WildPHP\Manager-DEBUG ] 	<< :cameron.freenode.net 372 FatalException :- Welcome to freenode - supporting the free and open source
10.07.2015 - 22:25:27	  [ WildPHP\Manager-DEBUG ] 	<< :cameron.freenode.net 372 FatalException :- software communities since 1998.
10.07.2015 - 22:25:27	  [ WildPHP\Manager-DEBUG ] 	<< :cameron.freenode.net 372 FatalException :-  
10.07.2015 - 22:25:27	  [ WildPHP\Manager-DEBUG ] 	<< :cameron.freenode.net 372 FatalException :- By connecting to freenode you indicate that you have read and
10.07.2015 - 22:25:27	  [ WildPHP\Manager-DEBUG ] 	<< :cameron.freenode.net 372 FatalException :- accept our policies as set out on http://www.freenode.net
10.07.2015 - 22:25:27	  [ WildPHP\Manager-DEBUG ] 	<< :cameron.freenode.net 372 FatalException :- freenode runs an open proxy scanner. Please join #freenode for
10.07.2015 - 22:25:27	  [ WildPHP\Manager-DEBUG ] 	<< :cameron.freenode.net 372 FatalException :- any network-related questions or queries, where a number of
10.07.2015 - 22:25:27	  [ WildPHP\Manager-DEBUG ] 	<< :cameron.freenode.net 372 FatalException :- volunteer staff and helpful users will be happy to assist you.
10.07.2015 - 22:25:27	  [ WildPHP\Manager-DEBUG ] 	<< :cameron.freenode.net 372 FatalException :-  
10.07.2015 - 22:25:27	  [ WildPHP\Manager-DEBUG ] 	<< :cameron.freenode.net 372 FatalException :- You can meet us at FOSSCON (http://www.fosscon.org) where we get
10.07.2015 - 22:25:27	  [ WildPHP\Manager-DEBUG ] 	<< :cameron.freenode.net 372 FatalException :- together with like-minded FOSS enthusiasts for talks and
10.07.2015 - 22:25:27	  [ WildPHP\Manager-DEBUG ] 	<< :cameron.freenode.net 372 FatalException :- real-life collaboration.
10.07.2015 - 22:25:27	  [ WildPHP\Manager-DEBUG ] 	<< :cameron.freenode.net 372 FatalException :-  
10.07.2015 - 22:25:27	  [ WildPHP\Manager-DEBUG ] 	<< :cameron.freenode.net 372 FatalException :- We would like to thank Private Internet Access
10.07.2015 - 22:25:27	  [ WildPHP\Manager-DEBUG ] 	<< :cameron.freenode.net 372 FatalException :- (https://www.privateinternetaccess.com/) and the other
10.07.2015 - 22:25:27	  [ WildPHP\Manager-DEBUG ] 	<< :cameron.freenode.net 372 FatalException :- organisations that help keep freenode and our other projects
10.07.2015 - 22:25:27	  [ WildPHP\Manager-DEBUG ] 	<< :cameron.freenode.net 372 FatalException :- running for their sustained support.
10.07.2015 - 22:25:27	  [ WildPHP\Manager-DEBUG ] 	<< :cameron.freenode.net 372 FatalException :-  
10.07.2015 - 22:25:27	  [ WildPHP\Manager-DEBUG ] 	<< :cameron.freenode.net 372 FatalException :- In particular we would like to thank the sponsor
10.07.2015 - 22:25:27	  [ WildPHP\Manager-DEBUG ] 	<< :cameron.freenode.net 372 FatalException :- of this server, details of which can be found above.
10.07.2015 - 22:25:27	  [ WildPHP\Manager-DEBUG ] 	<< :cameron.freenode.net 372 FatalExc10.07.2015 - 22:25:27	  [ WildPHP\Manager-DEBUG ] 	<< eption :-  
10.07.2015 - 22:25:27	  [ WildPHP\Manager-DEBUG ] 	<< :cameron.freenode.net 376 FatalException :End of /MOTD command.
10.07.2015 - 22:25:27	  [ DATAOUT ] 	JOIN #NanoPlayground10.07.2015 - 22:25:27	  [ WildPHP\Manager-DEBUG ] 	<< :FatalException MODE FatalException :+i
10.07.2015 - 22:25:27	  [ WildPHP\Manager-DEBUG ] 	<< :NickServ!NickServ@services. NOTICE FatalException :This nickname is registered. Please choose a different nickname, or identify via /msg NickServ identify <password>.
10.07.2015 - 22:25:27	  [ WildPHP\Manager-DEBUG ] 	<< :NickServ!NickServ@services. NOTICE FatalException :You are now identified for FatalException.
10.07.2015 - 22:25:27	  [ WildPHP\Manager-DEBUG ] 	<< :cameron.freenode.net 396 FatalException unaffiliated/yoshi2889/bot/fatalexception :is now your hidden host (set by services.)
10.07.2015 - 22:25:33	  [ WildPHP\Manager-DEBUG ] 	<< :FatalException!~FatalExce@unaffiliated/yoshi2889/bot/fatalexception JOIN #NanoPlayground
10.07.2015 - 22:25:33	  [ WildPHP\Manager-DEBUG ] 	<< :cameron.freenode.net 332 FatalException #NanoPlayground :Test place for bots.
10.07.2015 - 22:25:33	  [ WildPHP\Manager-DEBUG ] 	<< :cameron.freenode.net 333 FatalException #NanoPlayground FatalException!~FatalExce@unaffiliated/yoshi2889/bot/fatalexception 1425410979
10.07.2015 - 22:25:33	  [ WildPHP\Manager-DEBUG ] 	<< :cameron.freenode.net 353 FatalException = #NanoPlayground :FatalException DenBeiren SPF|Cloud Stiflerrpg Stifler NanoSector sigv TimTims @ChanServ
10.07.2015 - 22:25:33	  [ WildPHP\Manager-DEBUG ] 	<< :cameron.freenode.net 366 FatalException #NanoPlayground :End of /NAMES list.
10.07.2015 - 22:25:33	  [ WildPHP\Manager-DEBUG ] 	<< :ChanServ!ChanServ@services. MODE #NanoPlayground +o FatalException
10.07.2015 - 22:25:35	  [ WildPHP\Manager-DEBUG ] 	<< :NanoSector!~Yoshi2889@simplemachines/friend/NanoSector PRIVMSG #NanoPlayground :#wiki Test
10.07.2015 - 22:25:35	  [ DATAOUT ] 	PRIVMSG #NanoPlayground :NanoSector, here are the results:10.07.2015 - 22:25:35	  [ DATAOUT ] 	PRIVMSG #NanoPlayground :- http://wiki.simplemachines.org/smf/Setting_up_a_test_installation10.07.2015 - 22:25:41	  [ WildPHP\Manager-DEBUG ] 	<< :NanoSector!~Yoshi2889@simplemachines/friend/NanoSector PRIVMSG #NanoPlayground :#join #smf
10.07.2015 - 22:25:41	  [ AUTH ] 	Checking authorization for hostname ~Yoshi2889@simplemachines/friend/NanoSector: Authorized10.07.2015 - 22:25:41	  [ CHANMAN ] 	Joining channel #smf...10.07.2015 - 22:25:41	  [ DATAOUT ] 	JOIN #smf10.07.2015 - 22:25:42	  [ WildPHP\Manager-DEBUG ] 	<< :FatalException!~FatalExce@unaffiliated/yoshi2889/bot/fatalexception JOIN #smf
10.07.2015 - 22:25:42	  [ WildPHP\Manager-DEBUG ] 	<< :cameron.freenode.net 332 FatalException #smf :Simple Machines Forum (SMF) official IRC channel! || SMF 2.1 Beta 1 Released! http://bit.ly/1xItRQl || SMF 2.0.10 and 1.1.21 Released! Please upgrade: http://bit.ly/1GvRVJW || Visit us at http://www.simplemachines.org/ || Online manual: http://bit.ly/I2PEnF || Looking for support? http://bit.ly/1aoqWwZ
10.07.2015 - 22:25:42	  [ WildPHP\Manager-DEBUG ] 	<< :cameron.freenode.net 333 FatalException #smf CoreISP!~coreisp@simplemachines/rootadmin/CoreISP 1432406302
10.07.2015 - 22:25:42	  [ WildPHP\Manager-DEBUG ] 	<< :cameron.freenode.net 353 FatalException = #smf :FatalException tomreyn +Antes luuuciano ^esc_ NanoSector Roph tvenhola Mega9 cali Metacity Kissaki Stu| spossiba paulr realz anonymouse Rymax99 Elsensee Niko^ StupidWeasel stefan RTamas SleePy callumacrae Nicofuma eichiro t @ChanServ
10.07.2015 - 22:25:42	  [ WildPHP\Manager-DEBUG ] 	<< :cameron.freenode.net 366 FatalException #smf :End of /NAMES list.
10.07.2015 - 22:25:42	  [ WildPHP\Manager-DEBUG ] 	<< :ChanServ!ChanServ@services. NOTICE FatalException :[#smf] Welcome to the SimpleMachines.org official IRC channel! No guarantee for support here. Please do !NOT! send private messages to anyone in this channel without asking permission first! Thank you :) Staff are +v. Have a great time! *!*Please speak English in this channel*!*
10.07.2015 - 22:25:42	  [ WildPHP\Manager-DEBUG ] 	<< :services. 328 FatalException #smf :http://www.simplemachines.org/
10.07.2015 - 22:25:47	  [ WildPHP\Manager-DEBUG ] 	<< :NanoSector!~Yoshi2889@simplemachines/friend/NanoSector PRIVMSG #smf :#wiki
10.07.2015 - 22:25:47	  [ DATAOUT ] 	PRIVMSG #smf :NanoSector: Sorry, I could not find a page matching your query. Please try again.10.07.2015 - 22:25:55	  [ WildPHP\Manager-DEBUG ] 	<< :NanoSector!~Yoshi2889@simplemachines/friend/NanoSector PRIVMSG #smf :#wiki Test
10.07.2015 - 22:25:55	  [ DATAOUT ] 	PRIVMSG #smf :NanoSector, here are the results:10.07.2015 - 22:25:55	  [ DATAOUT ] 	PRIVMSG #smf :- http://wiki.simplemachines.org/smf/Setting_up_a_test_installation10.07.2015 - 22:26:04	  [ WildPHP\Manager-DEBUG ] 	<< :NanoSector!~Yoshi2889@simplemachines/friend/NanoSector PRIVMSG #smf :#wiki administrator
10.07.2015 - 22:26:04	  [ DATAOUT ] 	PRIVMSG #smf :NanoSector, here are the results:10.07.2015 - 22:26:04	  [ DATAOUT ] 	PRIVMSG #smf :- http://wiki.simplemachines.org/smf/Administrator10.07.2015 - 22:26:04	  [ DATAOUT ] 	PRIVMSG #smf :- http://wiki.simplemachines.org/smf/How_to_create_a_new_administrator_or_global_moderator10.07.2015 - 22:26:04	  [ DATAOUT ] 	PRIVMSG #smf :- http://wiki.simplemachines.org/smf/As_an_administrator,_can_I_hide_my_"newbie"_status10.07.2015 - 22:26:04	  [ DATAOUT ] 	PRIVMSG #smf :- http://wiki.simplemachines.org/smf/Administrator/es10.07.2015 - 22:26:19	  [ WildPHP\Manager-DEBUG ] 	<< :NanoSector!~Yoshi2889@simplemachines/friend/NanoSector PRIVMSG #smf :#wiki admin
10.07.2015 - 22:26:19	  [ DATAOUT ] 	PRIVMSG #smf :NanoSector, here are the results:10.07.2015 - 22:26:19	  [ DATAOUT ] 	PRIVMSG #smf :- http://wiki.simplemachines.org/smf/Administration_-_I_accidentally_lost_my_admin_account!_What_can_I_do10.07.2015 - 22:26:19	  [ DATAOUT ] 	PRIVMSG #smf :- http://wiki.simplemachines.org/smf/I_accidentally_lost_my_admin_account!_What_can_I_do10.07.2015 - 22:26:19	  [ DATAOUT ] 	PRIVMSG #smf :- http://wiki.simplemachines.org/smf/What_the_white_screen_of_death_means_when_accessing_admin_or_package_installs10.07.2015 - 22:26:19	  [ DATAOUT ] 	PRIVMSG #smf :- http://wiki.simplemachines.org/smf/Search_(admin)10.07.2015 - 22:26:36	  [ WildPHP\Manager-DEBUG ] 	<< :NanoSector!~Yoshi2889@simplemachines/friend/NanoSector PRIVMSG #smf :#wiki white screen
10.07.2015 - 22:26:36	  [ DATAOUT ] 	PRIVMSG #smf :NanoSector, here are the results:10.07.2015 - 22:26:36	  [ DATAOUT ] 	PRIVMSG #smf :- http://wiki.simplemachines.org/smf/What_the_white_screen_of_death_means_when_accessing_admin_or_package_installs10.07.2015 - 22:26:39	  [ WildPHP\Manager-DEBUG ] 	<< :NanoSector!~Yoshi2889@simplemachines/friend/NanoSector PRIVMSG #smf :cool
10.07.2015 - 22:26:41	  [ WildPHP\Manager-DEBUG ] 	<< :NanoSector!~Yoshi2889@simplemachines/friend/NanoSector PRIVMSG #smf :seems working
10.07.2015 - 22:27:13	  [ WildPHP\Manager-DEBUG ] 	<< :NanoSector!~Yoshi2889@simplemachines/friend/NanoSector PRIVMSG #smf :#quit
10.07.2015 - 22:27:13	  [ AUTH ] 	Checking authorization for hostname ~Yoshi2889@simplemachines/friend/NanoSector: Authorized10.07.2015 - 22:27:13	  [ DATAOUT ] 	QUIT :WildPHP <http://wildphp.com/>10.07.2015 - 22:27:13	  [ LOG ] 	Shutdown function called, closing log...