28.06.2015 - 17:17:01	  [ LOG ] 	Using log file /mnt/data/IRC Bot/new/Wild-IRC-Bot/logs//log42.log28.06.2015 - 17:17:01	  [ WildPHP\Manager ] 	Registered event IRCMessageInbound (with class IIRCMessageInboundEvent).28.06.2015 - 17:17:01	  [ WildPHP\Manager ] 	Registered event BotCommand (with class ICommandEvent).28.06.2015 - 17:17:01	  [ WildPHP\Manager-DEBUG ] 	Module Auth registered.28.06.2015 - 17:17:01	  [ WildPHP\Manager-DEBUG ] 	Module ChannelAdmin registered.28.06.2015 - 17:17:01	  [ WildPHP\Manager-DEBUG ] 	Module ChannelManager registered.28.06.2015 - 17:17:01	  [ WildPHP\Manager-DEBUG ] 	Module CoreCommands registered.28.06.2015 - 17:17:01	  [ WildPHP\Manager-DEBUG ] 	Module Dev registered.28.06.2015 - 17:17:01	  [ WildPHP\Manager-DEBUG ] 	Module Help registered.28.06.2015 - 17:17:01	  [ WildPHP\Manager-DEBUG ] 	Loading module Auth...28.06.2015 - 17:17:01	  [ WildPHP\Manager ] 	Module Auth loaded.28.06.2015 - 17:17:01	  [ WildPHP\Manager-DEBUG ] 	Loading module ChannelAdmin...28.06.2015 - 17:17:01	  [ WildPHP\Manager ] 	Module ChannelAdmin loaded.28.06.2015 - 17:17:01	  [ WildPHP\Manager-DEBUG ] 	Loading module ChannelManager...28.06.2015 - 17:17:01	  [ WildPHP\Manager ] 	Could not load non-existing module ChannelManager; module not initialised.28.06.2015 - 17:17:01	  [ WildPHP\Manager-DEBUG ] 	Loading module CoreCommands...28.06.2015 - 17:17:01	  [ WildPHP\Manager ] 	Could not load non-existing module CoreCommands; module not initialised.28.06.2015 - 17:17:01	  [ WildPHP\Manager-DEBUG ] 	Loading module Dev...28.06.2015 - 17:17:01	  [ WildPHP\Manager ] 	Could not load non-existing module Dev; module not initialised.28.06.2015 - 17:17:01	  [ WildPHP\Manager-DEBUG ] 	Loading module Help...28.06.2015 - 17:17:01	  [ WildPHP\Manager ] 	Could not load non-existing module Help; module not initialised.28.06.2015 - 17:17:01	  [ WildPHP\Manager ] 	Connection to server localhost:5000 set up with nick NanoSector; ready to use.28.06.2015 - 17:17:01	  [ WildPHP\Manager-DEBUG ] 	<< :wolfe.freenode.net 001 NanoSector :Welcome to the freenode Internet Relay Chat Network NanoSector
28.06.2015 - 17:17:01	  [ WildPHP\Manager-DEBUG ] 	<< :wolfe.freenode.net 002 NanoSector :Your host is wolfe.freenode.net[91.217.189.44/6697], running version ircd-seven-1.1.3
28.06.2015 - 17:17:01	  [ WildPHP\Manager-DEBUG ] 	<< :wolfe.freenode.net 003 NanoSector :This server was created Mon Sep 15 2014 at 10:05:03 UTC
28.06.2015 - 17:17:01	  [ WildPHP\Manager-DEBUG ] 	<< :wolfe.freenode.net 004 NanoSector wolfe.freenode.net ircd-seven-1.1.3 DOQRSZaghilopswz CFILMPQSbcefgijklmnopqrstvz bkloveqjfI
28.06.2015 - 17:17:01	  [ WildPHP\Manager-DEBUG ] 	<< :wolfe.freenode.net 005 NanoSector CHANTYPES=# EXCEPTS INVEX CHANMODES=eIbq,k,flj,CFLMPQScgimnprstz CHANLIMIT=#:120 PREFIX=(ov)@+ MAXLIST=bqeI:100 MODES=4 NETWORK=freenode KNOCK STATUSMSG=@+ CALLERID=g :are supported by this server
28.06.2015 - 17:17:01	  [ WildPHP\Manager-DEBUG ] 	<< :wolfe.freenode.net 005 NanoSector CASEMAPPING=rfc1459 CHARSET=ascii NICKLEN=16 CHANNELLEN=50 TOPICLEN=390 ETRACE CPRIVMSG CNOTICE DEAF=D MONITOR=100 FNC TARGMAX=NAMES:1,LIST:1,KICK:1,WHOIS:1,PRIVMSG:4,NOTICE:4,ACCEPT:,MONITOR: :are supported by this server
28.06.2015 - 17:17:01	  [ WildPHP\Manager-DEBUG ] 	<< :wolfe.freenode.net 005 NanoSector EXTBAN=$,ajrxz WHOX CLIENTVER=3.0 SAFELIST ELIST=CTU :are supported by this server
28.06.2015 - 17:17:01	  [ WildPHP\Manager-DEBUG ] 	<< :wolfe.freenode.net 251 NanoSector :There are 163 users and 87607 invisible on 27 servers
28.06.2015 - 17:17:01	  [ WildPHP\Manager-DEBUG ] 	<< :wolfe.freenode.net 252 NanoSector 22 :IRC Operators online
28.06.2015 - 17:17:01	  [ WildPHP\Manager-DEBUG ] 	<< :wolfe.freenode.net 254 NanoSector 59393 :channels formed
28.06.2015 - 17:17:01	  [ WildPHP\Manager-DEBUG ] 	<< :wolfe.freenode.net 255 NanoSector :I have 1998 clients and 1 servers
28.06.2015 - 17:17:01	  [ WildPHP\Manager-DEBUG ] 	<< :wolfe.freenode.net 265 NanoSector 1998 6804 :Current local users 1998, max 6804
28.06.2015 - 17:17:01	  [ WildPHP\Manager-DEBUG ] 	<< :wolfe.freenode.net 266 NanoSector 87770 105669 :Current global users 87770, max 105669
28.06.2015 - 17:17:01	  [ WildPHP\Manager-DEBUG ] 	<< :wolfe.freenode.net 250 NanoSector :Highest connection count: 6805 (6804 clients) (3021413 connections received)
28.06.2015 - 17:17:01	  [ WildPHP\Manager-DEBUG ] 	<< :wolfe.freenode.net 375 NanoSector :- wolfe.freenode.net Message of the Day - 
28.06.2015 - 17:17:01	  [ WildPHP\Manager-DEBUG ] 	<< :wolfe.freenode.net 372 NanoSector :- Welcome to wolfe.freenode.net in Stockholm, SE.
28.06.2015 - 17:17:01	  [ WildPHP\Manager-DEBUG ] 	<< :wolfe.freenode.net 372 NanoSector :- Thanks to http://www.portlane.com/ for sponsoring
28.06.2015 - 17:17:01	  [ WildPHP\Manager-DEBUG ] 	<< :wolfe.freenode.net 372 NanoSector :- this server!
28.06.2015 - 17:17:01	  [ WildPHP\Manager-DEBUG ] 	<< :wolfe.freenode.net 372 NanoSector :-  
28.06.2015 - 17:17:01	  [ WildPHP\Manager-DEBUG ] 	<< :wolfe.freenode.net 372 NanoSector :- WOLFE, GENE [1931-].  Prolific writer of short stories and
28.06.2015 - 17:17:01	  [ WildPHP\Manager-DEBUG ] 	<< :wolfe.freenode.net 372 NanoSector :- novels. His best-known work is the multi-volume novel The
28.06.2015 - 17:17:01	  [ WildPHP\Manager-DEBUG ] 	<< :wolfe.freenode.net 372 NanoSector :- Book of the New Sun. He has won multiple awards including
28.06.2015 - 17:17:01	  [ WildPHP\Manager-DEBUG ] 	<< :wolfe.freenode.net 372 NanoSector :- the Nebula Award, the World Fantasy Award, The Campell
28.06.2015 - 17:17:01	  [ WildPHP\Manager-DEBUG ] 	<< :wolfe.freenode.net 372 NanoSector :- Memorial Award and the Locus Award. He was awarded the World
28.06.2015 - 17:17:01	  [ WildPHP\Manager-DEBUG ] 	<< :wolfe.freenode.net 372 NanoSector :- Fantasy Award for lifetime achievement in 1996.
28.06.2015 - 17:17:01	  [ WildPHP\Manager-DEBUG ] 	<< :wolfe.freenode.net 372 NanoSector :-  
28.06.2015 - 17:17:01	  [ WildPHP\Manager-DEBUG ] 	<< :wolfe.freenode.net 372 NanoSector :- Welcome to freenode - supporting the free and open source
28.06.2015 - 17:17:01	  [ WildPHP\Manager-DEBUG ] 	<< :wolfe.freenode.net 372 NanoSector :- software communities since 1998.
28.06.2015 - 17:17:01	  [ WildPHP\Manager-DEBUG ] 	<< :wolfe.freenode.net 372 NanoSector :-  
28.06.2015 - 17:17:01	  [ WildPHP\Manager-DEBUG ] 	<< :wolfe.freenode.net 372 NanoSector :- By connecting to freenode you indicate that you have read and
28.06.2015 - 17:17:01	  [ WildPHP\Manager-DEBUG ] 	<< :wolfe.freenode.net 372 NanoSector :- accept our policies as set out on http://www.freenode.net
28.06.2015 - 17:17:01	  [ WildPHP\Manager-DEBUG ] 	<< :wolfe.freenode.net 372 NanoSector :- freenode runs an open proxy scanner. Please join #freenode for
28.06.2015 - 17:17:01	  [ WildPHP\Manager-DEBUG ] 	<< :wolfe.freenode.net 372 NanoSector :- any network-related questions or queries, where a number of
28.06.2015 - 17:17:01	  [ WildPHP\Manager-DEBUG ] 	<< :wolfe.freenode.net 372 NanoSector :- volunteer staff and helpful users will be happy to assist you.
28.06.2015 - 17:17:01	  [ WildPHP\Manager-DEBUG ] 	<< :wolfe.freenode.net 372 NanoSector :-  
28.06.2015 - 17:17:01	  [ WildPHP\Manager-DEBUG ] 	<< :wolfe.freenode.net 372 NanoSector :- You can meet us at FOSSCON (http://www.fosscon.org) where we get
28.06.2015 - 17:17:01	  [ WildPHP\Manager-DEBUG ] 	<< :wolfe.freenode.net 372 NanoSector :- together with like-minded FOSS enthusiasts for talks and
28.06.2015 - 17:17:01	  [ WildPHP\Manager-DEBUG ] 	<< :wolfe.freenode.net 372 NanoSector :- real-life collaboration.
28.06.2015 - 17:17:01	  [ WildPHP\Manager-DEBUG ] 	<< :wolfe.freenode.net 372 NanoSector :-  
28.06.2015 - 17:17:01	  [ WildPHP\Manager-DEBUG ] 	<< :wolfe.freenode.net 372 NanoSector :- We would like to thank Private Internet Access
28.06.2015 - 17:17:01	  [ WildPHP\Manager-DEBUG ] 	<< :wolfe.freenode.net 372 NanoSector :- (https://www.privateinternetaccess.com/) and the other
28.06.2015 - 17:17:01	  [ WildPHP\Manager-DEBUG ] 	<< :wolfe.freenode.net 372 NanoSector :- organisations that help keep freenode and our other projects
28.06.2015 - 17:17:01	  [ WildPHP\Manager-DEBUG ] 	<< :wolfe.freenode.net 372 NanoSector :- running for their sustained support.
28.06.2015 - 17:17:01	  [ WildPHP\Manager-DEBUG ] 	<< :wolfe.freenode.net 372 NanoSector :-  
28.06.2015 - 17:17:01	  [ WildPHP\Manager-DEBUG ] 	<< :wolfe.freenode.net 372 NanoSector :- In particular we would like to thank the sponsor
28.06.2015 - 17:17:01	  [ WildPHP\Manager-DEBUG ] 	<< :wolfe.freenode.net 372 NanoSector :- of this server, details of which can be found above.
28.06.2015 - 17:17:01	  [ WildPHP\Manager-DEBUG ] 	<< :wolfe.freenode.net 372 NanoSector :-  
28.06.2015 - 17:17:01	  [ WildPHP\Manager-DEBUG ] 	<< :wolfe.freenode.net 376 NanoSector :End of /MOTD command.
28.06.2015 - 17:17:01	  [ WildPHP\Manager-DEBUG ] 	<< :NanoSector!~Yoshi2889@541BF3D2.cm-5-4d.dynamic.ziggo.nl MODE NanoSector :+Zi
28.06.2015 - 17:17:01	  [ WildPHP\Manager-DEBUG ] 	<< :NanoSector!~Yoshi2889@541BF3D2.cm-5-4d.dynamic.ziggo.nl JOIN :#dolphin-emu
28.06.2015 - 17:17:01	  [ WildPHP\Manager-DEBUG ] 	<< :wolfe.freenode.net 332 NanoSector #dolphin-emu :http://dolphin-emu.org/ | http://changes.dolphin-emu.org/ | http://dolphin-emu.org/docs/faq/ | No Magic | No Piracy - Instant Ban | Development channel: #dolphin-dev
28.06.2015 - 17:17:01	  [ WildPHP\Manager-DEBUG ] 	<< :wolfe.freenode.net 333 NanoSector #dolphin-emu HdkR!~ryanh@li489-126.members.linode.com 1417328760
28.06.2015 - 17:17:01	  [ WildPHP\Manager-DEBUG ] 	<< :wolfe.freenode.net 353 NanoSector = #dolphin-emu :Adr1 Amanieu Arisaka Armada Aster Azelphur B0g4r7 BBSplat_ BITTERBEE @Bh44L Bish_ BtbN CME CoreDuo CyberKitsune DarkFire David3k Dazzozo Dippyskoodlez DoctorDelusional ExeciN Extrems FIQ Fenhl FenrisulfrX @Fiora FireFly FourSword F|RES Genericenemy Genolo Ghabry Gogh GreenBlood GuntherD1 Hamcha @HdkR Helios747 Internets InusualZ Isotarge JMC47 Jacksoft Kazuma KnightMustard Kovensky Ladon Lightning @Lioncash LittleWhite LocoMJ Logokas MMukherjee
28.06.2015 - 17:17:01	  [ WildPHP\Manager-DEBUG ] 	<< :wolfe.freenode.net 353 NanoSector = #dolphin-emu :@MaJoR1 @Matt_P Montisaquadeis MrC MrKB2 Muzer NWPlayer123 NanoSector Neui Nextra NickG365 Nighthawk Ninten NsGk Omega22 OrNoX Orlando Orphis Pepe_ Pikachu025 Quatroking RonnChyran Saturn812 Schquid Shadoxfix Shoegazer Soni StapleButter Stevoisiak Subv Summeli Tanjoodo TechyZeldaNerd Toothache Tropsy WinterMute XgF Yllodra Zialus [Unknown] _Fissurez_ _Spekkio_ _aegis_ `blasty_ acidx alucryd amanone anathema_ archshift awksp aztec balrog
28.06.2015 - 17:17:01	  [ WildPHP\Manager-DEBUG ] 	<< :wolfe.freenode.net 353 NanoSector = #dolphin-emu :bigpet booto cdoublejj clobber comex crediar_ csssuf cthd cute_korean_girl dan- dantarion darkengine @degasus dibas dozn ds84182 dtm dx ehw- endrift enitiz espes evil-doer flacs flamingspinach flowerhack friden fury__ furyhunter ignalina imaginary inara jchadwick jj2baile juzza1 kee7a kexplo kg_ kino` kode54 krnlyng lecx linkmauve1 lol0gram mackal madez_ markey_work marzipanWhale mathieui mephostophilis merry monojin moochmcgee mrgreywater
28.06.2015 - 17:17:01	  [ WildPHP\Manager-DEBUG ] 	<< :wolfe.freenode.net 353 NanoSector = #dolphin-emu :msm mth neiltyson @neobrain nethershaw nispaur nogagplz nopnopgoose paperManu pendo324 phire pinchy radens radius rdema riking_ ripdog rweichler saneki sapheriel seirl_ sherlock shonumi simcop2387 @skid_au skmp smea the8thark unicodesnowman utack vik wapiflapi wariw yuriks zkxs zylche
28.06.2015 - 17:17:01	  [ WildPHP\Manager-DEBUG ] 	<< :wolfe.freenode.net 366 NanoSector #dolphin-emu :End of /NAMES list.
28.06.2015 - 17:17:01	  [ WildPHP\Manager-DEBUG ] 	<< :NanoSector!~Yoshi2889@541BF3D2.cm-5-4d.dynamic.ziggo.nl JOIN :#wildphp
28.06.2015 - 17:17:01	  [ WildPHP\Manager-DEBUG ] 	<< :wolfe.freenode.net 332 NanoSector #wildphp :Welcome to #wildphp. Feel free to idle around. For help, just poke one of us and please stay around; someone will get to you. Get the latest version of the bot from https://github.com/WildPHP/Wild-IRC-Bot
28.06.2015 - 17:17:01	  [ WildPHP\Manager-DEBUG ] 	<< :wolfe.freenode.net 333 NanoSector #wildphp NanoSector!~Yoshi2889@simplemachines/support/NanoSector 1428415030
28.06.2015 - 17:17:01	  [ WildPHP\Manager-DEBUG ] 	<< :wolfe.freenode.net 353 NanoSector = #wildphp :@ChanServ Envigado GuntherD1 @NanoSector +SPF|Cloud Sheo Stifler @TimTims +amunak rbxs
28.06.2015 - 17:17:01	  [ WildPHP\Manager-DEBUG ] 	<< :wolfe.freenode.net 366 NanoSector #wildphp :End of /NAMES list.
28.06.2015 - 17:17:01	  [ WildPHP\Manager-DEBUG ] 	<< :NanoSector!~Yoshi2889@541BF3D2.cm-5-4d.dynamic.ziggo.nl JOIN :#NanoPlayground
28.06.2015 - 17:17:01	  [ WildPHP\Manager-DEBUG ] 	<< :wolfe.freenode.net 332 NanoSector #NanoPlayground :Test place for bots.
28.06.2015 - 17:17:01	  [ WildPHP\Manager-DEBUG ] 	<< :wolfe.freenode.net 333 NanoSector #NanoPlayground FatalException!~FatalExce@unaffiliated/yoshi2889/bot/fatalexception 1425410979
28.06.2015 - 17:17:01	  [ WildPHP\Manager-DEBUG ] 	<< :wolfe.freenode.net 353 NanoSector = #NanoPlayground :@ChanServ DenBeiren @NanoSector SPF|Cloud Stifler Stiflerrpg TimTims iStifler sigv
28.06.2015 - 17:17:01	  [ WildPHP\Manager-DEBUG ] 	<< :wolfe.freenode.net 366 NanoSector #NanoPlayground :End of /NAMES list.
28.06.2015 - 17:17:01	  [ WildPHP\Manager-DEBUG ] 	<< :NanoSector!~Yoshi2889@541BF3D2.cm-5-4d.dynamic.ziggo.nl JOIN :#aospa
28.06.2015 - 17:17:01	  [ WildPHP\Manager-DEBUG ] 	<< :wolfe.freenode.net 332 NanoSector #aospa :Welcome to the official AOSPA channel! | Sometimes it is a bit silent here - please don't leave right away! | PA 5.0 ALPHA2 is out | Website: http://aospa.co/ | AOSPA community: http://bit.ly/1lcw0cO | AOSPA Legacy community: http://bit.ly/1gm965I
28.06.2015 - 17:17:01	  [ WildPHP\Manager-DEBUG ] 	<< :wolfe.freenode.net 333 NanoSector #aospa sigv 1425919812
28.06.2015 - 17:17:01	  [ WildPHP\Manager-DEBUG ] 	<< :wolfe.freenode.net 353 NanoSector = #aospa :BytesAndCoffee Cerise Clark008 Cthulhux GermainZ Happzz JZTech101 NanoSector NaterTots ParkerR T-Junk [Saint] @aospa beekay201 chachin codebam deathspawn gnosticJade helicopter88 infected_ lol768- m3rcuriel ne0phyte netwoodle p3lim pinPoint pirateghost +sigv
28.06.2015 - 17:17:01	  [ WildPHP\Manager-DEBUG ] 	<< :wolfe.freenode.net 366 NanoSector #aospa :End of /NAMES list.
28.06.2015 - 17:17:01	  [ WildPHP\Manager-DEBUG ] 	<< :NanoSector!~Yoshi2889@541BF3D2.cm-5-4d.dynamic.ziggo.nl JOIN :#Cyanogenmod
28.06.2015 - 17:17:01	  [ WildPHP\Manager-DEBUG ] 	<< :wolfe.freenode.net 332 NanoSector #Cyanogenmod :Welcome! Stuck on a new install? Did you Wipe? || General info see: http://goo.gl/EEoBM & google.com/+CyanogenMod :: Don't ask to ask a question, just ask! || Protip: Do not click EugeneKay's links | All questions regarding development or building #cyanogenmod-dev
28.06.2015 - 17:17:01	  [ WildPHP\Manager-DEBUG ] 	<< :wolfe.freenode.net 333 NanoSector #Cyanogenmod ciwrl|away!~ciwrl@cyanogenmod/pr/ciwrl 1401579684
28.06.2015 - 17:17:01	  [ WildPHP\Manager-DEBUG ] 	<< :wolfe.freenode.net 353 NanoSector * #Cyanogenmod :AbsoluteZero Afterster Alam_Squeeze Ankhers Archon__ AshTR Aster AstraMagica Atlas Azelphur BKuhl BlackBishop BloodDonor Bluefoxicy Brando753 BytesAndCoffee Cerise @ChanServ ChrisWarrick ChunkzZ CiPi Cork Criamo_Off Cultist CustosLimen CygniX Dastgir Dave123 Dave123_ Dazzozo DeadRinga Decad3nce DinCahill Djole DoYouKnow DrMacinyasha DrTaft DroidOne DzAirmaX Eduard_Munteanu ElAngelo Elish Entropy512 FDCX_ FR^2 Fenhl Fiouz Fleurety Fogest
28.06.2015 - 17:17:01	  [ WildPHP\Manager-DEBUG ] 	<< :wolfe.freenode.net 353 NanoSector * #Cyanogenmod :FruitieX FuZZ__ Furai GentileBen GeraldWagner Great-Geek Happzz Haxxa ImQ009 Ir0nsh007er JRansome_ JZTech101 Jackneill Jim[work] JohnnyricoMC Jonno_FTW Jordy Jusic KDDLB KaZo58 Kaboon Kenzi` +Khaytsus +KhaytsusToo Kitt3n KoolKidsK Lacriatch Lartza Lekensteyn Liam` LjL Lloir LoganA LoganG LordDeath Lymia LzrdKing_ M4rc3l MDTech-us_MAN Maakuth Makinit Malmis Manolis Marquel McNetic Midnightfox Monkeh MooingLemur Namidairo NanoSector Neffi
28.06.2015 - 17:17:01	  [ WildPHP\Manager-DEBUG ] 	<< :wolfe.freenode.net 353 NanoSector * #Cyanogenmod :NightMonkey Nik05 NikolausK NucWin Obilan PatBoy PennStater PomstaZLesa @PsychoI3oy QuinnLion Qwell R0b0t1 RBecker RDash Raccoon Reedy Reventlov RiXtEr Ricaz RudyValencia Rundll Ruusento SATS Saturn812 Savemech Schnabeltierchen Sean_Wang Sedated ShapeShifter499 Shiodooru SirCmpwn Skyrider Soaps SolarAquarion SpeakerToMeat SteamPoweredH Streetwalrus SudoNull- SuperLag Techman Telvana Termana ThatOneDude The0x539 TheQuestionmark TheReverend403
28.06.2015 - 17:17:01	  [ WildPHP\Manager-DEBUG ] 	<< :wolfe.freenode.net 353 NanoSector * #Cyanogenmod :Top_Cat Turl Turtuga Unforgiving Vampire0_ Venusaur Vladi Werring Wiki13|Cloud XDS2010 Xavierdarkness Xoib XpineX YamakasY YeahRight Yomi Yoshimo Zzeiss [Awaxx] [Saint] ]OLI[ _0x5eb_ _litz _marc` a3Dman aaa801 aarontc aeroevan aetheric ajrty33 alok alxd amiconn andre_m androidbruce archshift ari5av arlen asturel axisys basteh +bealtine benoliver999 bgupta bipolar bitkid blaise blind blip- blunden borosky break19 brolin_empey bynarie c00p3r
28.06.2015 - 17:17:01	  [ WildPHP\Manager-DEBUG ] 	<< :wolfe.freenode.net 353 NanoSector * #Cyanogenmod :c0deweaver cantstanya catpiggest cdesai chjj chris| chrstfer @ciwrl cl4p-tp cliffer cluelesscoder codeworkx coperek303 core cryptic cwstorm_ cydrobolt d1b dadrc damwdan danl danmackay darken datagutt dazo_afk deathspawn devatwork dippingsauce dju dna5589|away doomwake dustinm eXtremo ecips edsonduarte1990 elgatov endlessgate eric f4lk0r_ ferdna flatface fluxi ford forkup frankS2 frankyboy_ frapell fuqi g_byers gdrc gelignite ghormoon ghost64
28.06.2015 - 17:17:01	  [ WildPHP\Manager-DEBUG ] 	<< :wolfe.freenode.net 353 NanoSector * #Cyanogenmod :godlessfather gox39 grobe0ba h82or8 haasn haltdef hays_ heap_ helicopter88 heydabop hfp hmmwhatsthisdo hyper_ch iNsAn|tY ieatacid infected_ infernix intervigil invisiblek ivan\ jason237 jazka jemus42 jerdog jgeboski joe75 jreese jurcz91 jusplainmike jzaw jznomoney k0mp0 kInOzAwA kalz kamyl ketas klaas klusark kossy kuzetsa l0xas lahwran laufersteppenw__ lerc lkoranda lnostdal lonewulf` lonex lool lunchdump m0viefreak m4rcu5 m4t mac-mini_
28.06.2015 - 17:17:01	  [ WildPHP\Manager-DEBUG ] 	<< :wolfe.freenode.net 353 NanoSector * #Cyanogenmod :madLyfe makije maqr mave_ maxexcloo mbecroft meLon meeeeeeee megabitdragon meti mfabian milaq mindrunner mist_ mittwinter mmmonk moviuro mrtux myside nausea neersighted nemysis nepochal nethershaw netwoodle noptys normalra nyuszika7h ob-sed obXiDeJSFQ orliesaurus owa oxhak pagefault paramourne passenger pb penguin1263 pfloyd philippe_fouquet phunyguy pii4 pikpok pinPoint ponyofdeath pppingme pragma- protodev protosoul prox prurigro pvoigt
28.06.2015 - 17:17:01	  [ WildPHP\Manager-DEBUG ] 	<< :wolfe.freenode.net 353 NanoSector * #Cyanogenmod :pw qupada42 raid razorloves_ rich0 rika rmk robink robtow romann rosseaux ruukasu ryan-c rymate1234 sado1 saintcajetan sash_ scorche seba seejy shoerain siel sigv siinus` sir_tyrion skarn_ sleepys40 snitch_ spY|da sparetire stargo storrgie stux|work stvlker subterfugium supa_user swebb tapout thebiffman thoemy tilal6991 tjader @toastcfh tomaw tomreyn trae32566[w] trobotham turgenevskaya uber unforgiven512 untitaker utack @utkanos v0rtex
28.06.2015 - 17:17:01	  [ WildPHP\Manager-DEBUG ] 	<< :wolfe.freenode.net 353 NanoSector * #Cyanogenmod :varesa vividboarder waratte webvictim weltall wiiguy wlritchi xMopxShell xSmurf xadidas4lifex xelra xfullmetal17 zaniyah zcat zifnab zinx zom |0xD34D| |PuLi| |shark|
28.06.2015 - 17:17:01	  [ WildPHP\Manager-DEBUG ] 	<< :wolfe.freenode.net 366 NanoSector #Cyanogenmod :End of /NAMES list.
28.06.2015 - 17:17:01	  [ WildPHP\Manager-DEBUG ] 	<< :NanoSector!~Yoshi2889@541BF3D2.cm-5-4d.dynamic.ziggo.nl JOIN :#twrp
28.06.2015 - 17:17:01	  [ WildPHP\Manager-DEBUG ] 	<< :wolfe.freenode.net 332 NanoSector #twrp :Team Win Recovery Project || TWRP 2.8.7.0: http://tinyw.in/twrp || Compile TWRP from source: http://tinyw.in/50tg || Unsupported devices: http://tinyw.in/unsupported || If you need help, just ask your question (don't ask to ask) and state what device you're using and *wait* for an answer
28.06.2015 - 17:17:01	  [ WildPHP\Manager-DEBUG ] 	<< :wolfe.freenode.net 333 NanoSector #twrp _that 1435256772
28.06.2015 - 17:17:01	  [ WildPHP\Manager-DEBUG ] 	<< :wolfe.freenode.net 353 NanoSector @ #twrp :Azelphur Babydollll BigShotRob BytesAndCoffee CaptainThrowback @ChanServ Chris122- Ciku Darkshado DeMiNe0 @Dees_Troy DrMacinyasha Elimin8er EllieGoulding Entropy512 FireBreath FrankZZ FuZZ__ GhostlyCrowd Guest9143 HeyCitizen Ignorant JRansome_ Junaos Kamilion Kra1o5 Lky Lloir Lunario Lymia MDTech-us_MAN MeanderingCode MiloH NanoSector @NookieBot NucWin Nuggernogger NxtGenCowboy PRJosh PatBoy PeperPots__ PlayfulGod Rentard SATS Sagi Sean_Wang Sedated
28.06.2015 - 17:17:01	  [ WildPHP\Manager-DEBUG ] 	<< :wolfe.freenode.net 353 NanoSector @ #twrp :SlimBot SolarAquarion T-Junk Tassadar WondererQ XDS2010 @Zanzibar Zesty_ Ziyan [NUT] adema_ aeroevan aj-san alok amarullz arlen arrrghhh asturel autoprime ben_alman benoliver999 @bigbiff bipolar bitpushr blacklaser blind book` bynarie ced117 cf_ chaosagent chrisch1974 chrmhoffmann clarjon1 csmart cybo deanrock devrandomfx dexter93 djkinetic dkelle4 doomwake eXtremo @eyeballer fluxi foxblur frankyboy_ ghormoon gladiac gladitzu78 godlessfather gvercoutere
28.06.2015 - 17:17:01	  [ WildPHP\Manager-DEBUG ] 	<< :wolfe.freenode.net 353 NanoSector @ #twrp :haltdef +hashcode heap_ +helicopter88 humberos idnar irick itsblah jakew02 jcase jerdog jevin jfeise_ jrior001 jscinoz @kevank klept0 +lilstevie lsdigital marduk191 markus-j martinmcu misc-- mschiff netwoodle nkk71 normalra onebyside pb perillamint phh pirateghost polyzen ppq pvoigt razorloves_ rebelos riotz rwaters sawdey21 sbdags scanno sigv simonsickle sireebob sleepys40 steev stvlker th3g1z thoemy tiny4579 @toastcfh twitch153 v_superuser-away
28.06.2015 - 17:17:01	  [ WildPHP\Manager-DEBUG ] 	<< :wolfe.freenode.net 353 NanoSector @ #twrp :vidplace7 @vividboarder withere2 xadidas4lifex z31s1g_
28.06.2015 - 17:17:01	  [ WildPHP\Manager-DEBUG ] 	<< :wolfe.freenode.net 366 NanoSector #twrp :End of /NAMES list.
28.06.2015 - 17:17:01	  [ WildPHP\Manager-DEBUG ] 	<< :NanoSector!~Yoshi2889@541BF3D2.cm-5-4d.dynamic.ziggo.nl JOIN :#sunshine-support
28.06.2015 - 17:17:01	  [ WildPHP\Manager-DEBUG ] 	<< :wolfe.freenode.net 332 NanoSector #sunshine-support :No one here? Submit a ticket http://support.theroot.ninja | Type '!info ring' to summon support | SunShine 3.1 is out! | Get latest copy from http://theroot.ninja | Need help rooting? Type '!info rootchoices' | ALL OFF-TOPIC goes to ##sunshine-support | No re-using license on replacement phones - You need to buy a new license | For Out-of-App payment options, type: !msglist payment
28.06.2015 - 17:17:01	  [ WildPHP\Manager-DEBUG ] 	<< :wolfe.freenode.net 333 NanoSector #sunshine-support beaups 1434806613
28.06.2015 - 17:17:01	  [ WildPHP\Manager-DEBUG ] 	<< :wolfe.freenode.net 353 NanoSector = #sunshine-support :Chris122- Daemoen_ +Dr_Drache Fenny @Fuses GSKarhu Haxxa Jdpaul88 M3mphiZ Mr_Bartek NanoSector @NookieBot OakyTree PeperPots__ XDS2010 @Zanzibar +_litz @autoprime @beaups bfritz blakange3 break19 bschram darkspadez datagutt dizzan djkinetic dr0id dstaley illie +j_to_the_4n jcase jcbjoe joako joeykrim +kingy9000 kuzetsa lud @madpax mik__ @nkk71 pi-rho posixninja pulser sawdey21 th3g1z timong uba @uld wetdog @zifnab |EHG|
28.06.2015 - 17:17:01	  [ WildPHP\Manager-DEBUG ] 	<< :wolfe.freenode.net 366 NanoSector #sunshine-support :End of /NAMES list.
28.06.2015 - 17:17:01	  [ WildPHP\Manager-DEBUG ] 	<< :NanoSector!~Yoshi2889@541BF3D2.cm-5-4d.dynamic.ziggo.nl JOIN :##sunshine-support
28.06.2015 - 17:17:01	  [ WildPHP\Manager-DEBUG ] 	<< :wolfe.freenode.net 332 NanoSector ##sunshine-support :FYF
28.06.2015 - 17:17:01	  [ WildPHP\Manager-DEBUG ] 	<< :wolfe.freenode.net 333 NanoSector ##sunshine-support beaups!~beaups@unaffiliated/beaups 1421709151
28.06.2015 - 17:17:01	  [ WildPHP\Manager-DEBUG ] 	<< :wolfe.freenode.net 353 NanoSector = ##sunshine-support :Dr_Drache Haxxa Mr_Bartek NanoSector NookieBot PeperPots__ XDS2010 Zanzibar _litz bschram datagutt illie j_to_the_4n jcase kingy9000 kuzetsa nkk71 oxyc th3g1z uba zifnab
28.06.2015 - 17:17:01	  [ WildPHP\Manager-DEBUG ] 	<< :wolfe.freenode.net 366 NanoSector ##sunshine-support :End of /NAMES list.
28.06.2015 - 17:17:01	  [ WildPHP\Manager-DEBUG ] 	<< :NanoSector!~Yoshi2889@541BF3D2.cm-5-4d.dynamic.ziggo.nl JOIN :#cakephp
28.06.2015 - 17:17:01	  [ WildPHP\Manager-DEBUG ] 	<< :wolfe.freenode.net 332 NanoSector #cakephp :CakePHP Channel - http://cakephp.org | Manual - http://book.cakephp.org | CakePHP API - http://api.cakephp.org | CakeFest - http://cakefest.org
28.06.2015 - 17:17:01	  [ WildPHP\Manager-DEBUG ] 	<< :wolfe.freenode.net 333 NanoSector #cakephp PhpNut!~PhpNut@137.119.152.45 1393439244
28.06.2015 - 17:17:01	  [ WildPHP\Manager-DEBUG ] 	<< :wolfe.freenode.net 353 NanoSector = #cakephp :ADmad Akufen Alina-malina Astraeus BackEndCoder BackEndCoder2 Blacklite CakeBot Coldblackice_ Eax Guest55880 Henskeleinen JelmerD Jippi Kaimei Kitcat711 Laszlo Martin` NanoSector NeoThermic|Work Neon1024 Oldskool Paradox924X RamunasM_ RuAnt Schalla Scott0_ ScottO_1 SpX TheRec Werring Wouter0100 Wouterdt WyriHaximus Zir0h _mtz acosonic adamSs alarch arj arnis_ aro atmx bakerman bcSquared berarma bigbluehat bravo_kernel1 burzum candybar dakota
28.06.2015 - 17:17:01	  [ WildPHP\Manager-DEBUG ] 	<< :wolfe.freenode.net 353 NanoSector = #cakephp :dan_w deizel diegoaguilar djpretzel dogmatic69 dorxy_ dziegler_off egerlach elventails fiblan foogle gale geheim49 greenmanspirit grzes hekep jadb jcool jekt jfive jmtran jose_zap jschwartz_ krizSol lexx liamonade linxon m-takagi makamo marlinc mclee mglinski micalm michelpeters mkettel mohammadsaleh_ mvriel noob13_ orangey patsToms petris phafner pharesim_ phishy qdk r0kc4t ran randompherret renan rmill rvsjoen shealyw2 shinnya shudon simont
28.06.2015 - 17:17:01	  [ WildPHP\Manager-DEBUG ] 	<< :wolfe.freenode.net 353 NanoSector = #cakephp :spexi stiv2k storkovo|away styles synapt synbyte tapout the_dave toin0u|a1ay ujjain underflow veganista waspinator_ webguynow zonetti
28.06.2015 - 17:17:01	  [ WildPHP\Manager-DEBUG ] 	<< :wolfe.freenode.net 366 NanoSector #cakephp :End of /NAMES list.
28.06.2015 - 17:17:01	  [ WildPHP\Manager-DEBUG ] 	<< :NanoSector!~Yoshi2889@541BF3D2.cm-5-4d.dynamic.ziggo.nl JOIN :#antergos
28.06.2015 - 17:17:01	  [ WildPHP\Manager-DEBUG ] 	<< :wolfe.freenode.net 332 NanoSector #antergos :Official Antergos IRC | Need Help? IRC Help Guide: http://bit.ly/1odHpzZ | FAQs: http://bit.ly/1wai35S | Forum: http://bit.ly/1CudJ2p | Antergos News: http://bit.ly/1F9qXpo | Arch News: http://bit.ly/1sWFfoE
28.06.2015 - 17:17:01	  [ WildPHP\Manager-DEBUG ] 	<< :wolfe.freenode.net 333 NanoSector #antergos faidoc 1413654696
28.06.2015 - 17:17:01	  [ WildPHP\Manager-DEBUG ] 	<< :wolfe.freenode.net 353 NanoSector = #antergos :Acidflash| Asterisk AyForest @ChanServ DerRaiden Eadaro Guest40051 Impyy JustACharlatan Lartza Meaulnes_ Melon_Bread Mikaela NanoSector NuSuey ShapeShifter499 ShrewdSpirit SiGNAL[Arch] SirCmpwn TheSoph WizBright ahoneybun aitorpazos amdavies_ angular_mike_ anthony25 cook__ cowai ctgriffiths dNbatcp_ dabbill dfalk fractal ghost64 glebihan__ jgmdev joren jumbers kennae mitfree neiltyson odinho palasso pankid pirateghost rOss^64 radish rawzone
28.06.2015 - 17:17:01	  [ WildPHP\Manager-DEBUG ] 	<< :wolfe.freenode.net 353 NanoSector = #antergos :revnja rikai rrittenhouse ryanlee rylinaux smo superobserver titanomachy
28.06.2015 - 17:17:01	  [ WildPHP\Manager-DEBUG ] 	<< :wolfe.freenode.net 366 NanoSector #antergos :End of /NAMES list.
28.06.2015 - 17:17:01	  [ WildPHP\Manager-DEBUG ] 	<< :NanoSector!~Yoshi2889@541BF3D2.cm-5-4d.dynamic.ziggo.nl JOIN :#smf
28.06.2015 - 17:17:01	  [ WildPHP\Manager-DEBUG ] 	<< :wolfe.freenode.net 332 NanoSector #smf :Simple Machines Forum (SMF) official IRC channel! || SMF 2.1 Beta 1 Released! http://bit.ly/1xItRQl || SMF 2.0.10 and 1.1.21 Released! Please upgrade: http://bit.ly/1GvRVJW || Visit us at http://www.simplemachines.org/ || Online manual: http://bit.ly/I2PEnF || Looking for support? http://bit.ly/1aoqWwZ
28.06.2015 - 17:17:01	  [ WildPHP\Manager-DEBUG ] 	<< :wolfe.freenode.net 333 NanoSector #smf CoreISP!~coreisp@simplemachines/rootadmin/CoreISP 1432406302
28.06.2015 - 17:17:01	  [ WildPHP\Manager-DEBUG ] 	<< :wolfe.freenode.net 353 NanoSector = #smf :@ChanServ Daniel15 +Dragooon Elsensee Kissaki KnownSyntax NanoSector Nicofuma Niko^ Nikon Pouvik RTamas Roph Rymax99 SleePy StupidWeasel Stu|[A] ^esc anonymouse cali callumacrae eichiro luuuciano paulr realz spossiba stefan t tomreyn tvenhola
28.06.2015 - 17:17:01	  [ WildPHP\Manager-DEBUG ] 	<< :wolfe.freenode.net 366 NanoSector #smf :End of /NAMES list.
28.06.2015 - 17:17:20	  [ WildPHP\Manager-DEBUG ] 	<< :jose_zap!~jose_zap@93-167-126-15-dynamic.dk.customer.tdc.net PRIVMSG #cakephp :yes
28.06.2015 - 17:17:24	  [ WildPHP\Manager-DEBUG ] 	<< :dan_w!521e9d5c@gateway/web/freenode/ip.82.30.157.92 PRIVMSG #cakephp :jose_zap: yes, passing the user by doing $user = $this->Users->get($auth_user['id'], ['contain' => []]); fixes the issue. I suppose it makes sense that the authed user wouldn't be an editable object
28.06.2015 - 17:17:36	  [ WildPHP\Manager-DEBUG ] 	<< :jose_zap!~jose_zap@93-167-126-15-dynamic.dk.customer.tdc.net PRIVMSG #cakephp :that's correct
28.06.2015 - 17:17:44	  [ WildPHP\Manager-DEBUG ] 	<< :enitiz!~Saurabh@pool-72-75-205-30.bflony.fios.verizon.net QUIT :Quit: Leaving
28.06.2015 - 17:17:47	  [ WildPHP\Manager-DEBUG ] 	<< :dan_w!521e9d5c@gateway/web/freenode/ip.82.30.157.92 PRIVMSG #cakephp :jose_zap: ok thanks for the help dude
28.06.2015 - 17:18:23	  [ WildPHP\Manager-DEBUG ] 	<< :NanoSector!~Yoshi2889@simplemachines/friend/NanoSector NOTICE NanoSector :LAGCHK 1435504745888
28.06.2015 - 17:19:03	  [ WildPHP\Manager-DEBUG ] 	<< :NanoSector!~Yoshi2889@simplemachines/friend/NanoSector NOTICE NanoSector :LAGCHK 1435504785888
28.06.2015 - 17:19:25	  [ WildPHP\Manager-DEBUG ] 	<< :AppAraat!~AppAraat@gateway/vpn/privateinternetaccess/apparaat JOIN #Cyanogenmod
28.06.2015 - 17:19:42	  [ WildPHP\Manager-DEBUG ] 	<< :Fog_TAS!~RisingFog@CPE14d64d31dd75-CM185933f393ce.cpe.net.cable.rogers.com JOIN #dolphin-emu
28.06.2015 - 17:19:50	  [ WildPHP\Manager-DEBUG ] 	<< :k0mp0!~k0mp0@90.195.129.155 QUIT :
28.06.2015 - 17:19:50	  [ WildPHP\Manager-DEBUG ] 	<< :AppAraat!~AppAraat@gateway/vpn/privateinternetaccess/apparaat PRIVMSG #Cyanogenmod :sorry if I missed anything [Saint], my Internets disconnected again :S
28.06.2015 - 17:19:53	  [ WildPHP\Manager-DEBUG ] 	<< :NanoSector!~Yoshi2889@541BF3D2.cm-5-4d.dynamic.ziggo.nl PRIVMSG #aospa :heh
28.06.2015 - 17:20:03	  [ WildPHP\Manager-DEBUG ] 	<< :NanoSector!~Yoshi2889@541BF3D2.cm-5-4d.dynamic.ziggo.nl PRIVMSG #aospa :ACTION is doing heavy work on his bot
28.06.2015 - 17:20:42	  [ WildPHP\Manager-DEBUG ] 	<< :NanoSector!~Yoshi2889@simplemachines/friend/NanoSector NOTICE NanoSector :LAGCHK 1435504885889
28.06.2015 - 17:20:43	  [ WildPHP\Manager-DEBUG ] 	<< :tomreyn!~tomreyn@megaglest/team/tomreyn PRIVMSG #Cyanogenmod :ecips: you suggested restoring the RPM image in addition to the modem one earlier. do you happen which one of these is the RPM?  boot.img  cache.img  hidden.img  modem.bin  recovery.img  sboot.bin  system.img  tombstones.img  tz.img
28.06.2015 - 17:20:52	  [ WildPHP\Manager-DEBUG ] 	<< :tomreyn!~tomreyn@megaglest/team/tomreyn PRIVMSG #Cyanogenmod :*to know
28.06.2015 - 17:21:17	  [ WildPHP\Manager-DEBUG ] 	<< :ecips!~Ecips@220-245-23-214.static.tpgi.com.au PRIVMSG #Cyanogenmod :tomreyn: It's frequently not in every image pack
28.06.2015 - 17:21:17	  [ WildPHP\Manager-DEBUG ] 	<< :R-Z!~Potato@91-158-60-48.elisa-laajakaista.fi JOIN #twrp
28.06.2015 - 17:21:17	  [ WildPHP\Manager-DEBUG ] 	<< :R-Z!~Potato@91-158-60-48.elisa-laajakaista.fi JOIN #aospa
28.06.2015 - 17:21:25	  [ WildPHP\Manager-DEBUG ] 	<< :ecips!~Ecips@220-245-23-214.static.tpgi.com.au PRIVMSG #Cyanogenmod :but changes sometimes
28.06.2015 - 17:21:30	  [ WildPHP\Manager-DEBUG ] 	<< :degasus!~markus@markus.members.selfnet.de PRIVMSG #dolphin-emu :HdkR: why did you "implement" icbi?
28.06.2015 - 17:21:32	  [ WildPHP\Manager-DEBUG ] 	<< :ecips!~Ecips@220-245-23-214.static.tpgi.com.au PRIVMSG #Cyanogenmod :may be no update for your device
28.06.2015 - 17:21:44	  [ WildPHP\Manager-DEBUG ] 	<< :tomreyn!~tomreyn@megaglest/team/tomreyn PRIVMSG #Cyanogenmod :i see
28.06.2015 - 17:21:58	  [ WildPHP\Manager-DEBUG ] 	<< PING :ZNC
28.06.2015 - 17:21:58	  [ DATAOUT ] 	PONG :ZNC
28.06.2015 - 17:22:23	  [ WildPHP\Manager-DEBUG ] 	<< :NanoSector!~Yoshi2889@simplemachines/friend/NanoSector NOTICE NanoSector :LAGCHK 1435504985889
28.06.2015 - 17:22:54	  [ WildPHP\Manager-DEBUG ] 	<< :xadidas4lifex!xadidas4li@gateway/shell/bnc4free/x-kymnfrmiyjmhxhto QUIT :Remote host closed the connection
28.06.2015 - 17:22:54	  [ WildPHP\Manager-DEBUG ] 	<< :Stevoisiak!Stevoisiak@gateway/shell/bnc4free/x-sbyzrefbkyjqgzat QUIT :Remote host closed the connection
28.06.2015 - 17:23:33	  [ WildPHP\Manager-DEBUG ] 	<< :NanoSector!~Yoshi2889@simplemachines/friend/NanoSector NOTICE NanoSector :LAGCHK 1435505055889
28.06.2015 - 17:24:13	  [ WildPHP\Manager-DEBUG ] 	<< :NanoSector!~Yoshi2889@simplemachines/friend/NanoSector NOTICE NanoSector :LAGCHK 1435505095888
28.06.2015 - 17:24:20	  [ WildPHP\Manager-DEBUG ] 	<< :Zackio!Matrixiumn@unaffiliated/matrixiumn JOIN #Cyanogenmod
28.06.2015 - 17:24:37	  [ WildPHP\Manager-DEBUG ] 	<< :z31s1g_!~androirc@2001:4c50:31e:5900:ddfe:9e8e:a29a:dcd6 QUIT :Remote host closed the connection
28.06.2015 - 17:24:58	  [ WildPHP\Manager-DEBUG ] 	<< :variable!~variable@freebsd/developer/variable JOIN #dolphin-emu
28.06.2015 - 17:25:33	  [ WildPHP\Manager-DEBUG ] 	<< :NanoSector!~Yoshi2889@simplemachines/friend/NanoSector NOTICE NanoSector :LAGCHK 1435505175888
28.06.2015 - 17:26:04	  [ WildPHP\Manager-DEBUG ] 	<< :Eax!~EchoAlpha@h59ec03d8.dklydix.dyn.perspektivbredband.net QUIT :Quit: Fuck, I fell asleep.. Goodnight!
28.06.2015 - 17:26:43	  [ WildPHP\Manager-DEBUG ] 	<< :NanoSector!~Yoshi2889@simplemachines/friend/NanoSector NOTICE NanoSector :LAGCHK 1435505245889
28.06.2015 - 17:26:51	  [ WildPHP\Manager-DEBUG ] 	<< :Miguel!~Miguel@textual/donator/Miguel JOIN #Cyanogenmod
28.06.2015 - 17:26:51	  [ WildPHP\Manager-DEBUG ] 	<< :Miguel!~Miguel@textual/donator/Miguel JOIN #twrp
28.06.2015 - 17:26:59	  [ WildPHP\Manager-DEBUG ] 	<< PING :ZNC
28.06.2015 - 17:26:59	  [ DATAOUT ] 	PONG :ZNC
28.06.2015 - 17:27:14	  [ WildPHP\Manager-DEBUG ] 	<< :h82or8!~spence@unaffiliated/spence QUIT :Ping timeout: 248 seconds
28.06.2015 - 17:27:33	  [ WildPHP\Manager-DEBUG ] 	<< :abdul_pt_!~goncalo@92.43.37.188.rev.vodafone.pt JOIN #twrp
28.06.2015 - 17:27:33	  [ WildPHP\Manager-DEBUG ] 	<< :theHAL9000!~j.craswel@67.50.130.255 JOIN #twrp
28.06.2015 - 17:28:09	  [ WildPHP\Manager-DEBUG ] 	<< :DacoTaco!~DacoTaco@178-117-144-25.access.telenet.be JOIN #dolphin-emu
28.06.2015 - 17:28:36	  [ WildPHP\Manager-DEBUG ] 	<< :Eax!~EchoAlpha@h59ec03d8.dklydix.dyn.perspektivbredband.net JOIN #cakephp
28.06.2015 - 17:29:13	  [ WildPHP\Manager-DEBUG ] 	<< :NanoSector!~Yoshi2889@simplemachines/friend/NanoSector NOTICE NanoSector :LAGCHK 1435505395888
28.06.2015 - 17:29:53	  [ WildPHP\Manager-DEBUG ] 	<< :NanoSector!~Yoshi2889@simplemachines/friend/NanoSector NOTICE NanoSector :LAGCHK 1435505435888
28.06.2015 - 17:30:02	  [ WildPHP\Manager-DEBUG ] 	<< :cogo_!6dc800b3@gateway/web/freenode/ip.109.200.0.179 JOIN #Cyanogenmod
28.06.2015 - 17:30:16	  [ WildPHP\Manager-DEBUG ] 	<< :cogo_!6dc800b3@gateway/web/freenode/ip.109.200.0.179 PRIVMSG #Cyanogenmod :Hello
28.06.2015 - 17:30:33	  [ WildPHP\Manager-DEBUG ] 	<< :cogo_!6dc800b3@gateway/web/freenode/ip.109.200.0.179 PRIVMSG #Cyanogenmod :I have some question, maybe somebody here can help me with that
28.06.2015 - 17:30:57	  [ WildPHP\Manager-DEBUG ] 	<< :cogo_!6dc800b3@gateway/web/freenode/ip.109.200.0.179 PRIVMSG #Cyanogenmod :I want to instal CyanogenMod on my Huawei Y330-U01
28.06.2015 - 17:30:58	  [ WildPHP\Manager-DEBUG ] 	<< :ecips!~Ecips@220-245-23-214.static.tpgi.com.au PRIVMSG #Cyanogenmod :ask the question - intelligently - and sit back and see what happens
28.06.2015 - 17:31:29	  [ WildPHP\Manager-DEBUG ] 	<< PING :ZNC
28.06.2015 - 17:31:29	  [ DATAOUT ] 	PONG :ZNC
28.06.2015 - 17:31:33	  [ WildPHP\Manager-DEBUG ] 	<< :NanoSector!~Yoshi2889@simplemachines/friend/NanoSector NOTICE NanoSector :LAGCHK 1435505535889
28.06.2015 - 17:31:37	  [ WildPHP\Manager-DEBUG ] 	<< :cogo_!6dc800b3@gateway/web/freenode/ip.109.200.0.179 PRIVMSG #Cyanogenmod :Just want to know is it possible or not?)
28.06.2015 - 17:31:48	  [ WildPHP\Manager-DEBUG ] 	<< :Fissurez!~Fissurez@host86-179-115-162.range86-179.btcentralplus.com JOIN #dolphin-emu
28.06.2015 - 17:31:50	  [ WildPHP\Manager-DEBUG ] 	<< :_Fissurez_!~Fissurez@host86-179-115-162.range86-179.btcentralplus.com QUIT :Ping timeout: 276 seconds
28.06.2015 - 17:32:23	  [ WildPHP\Manager-DEBUG ] 	<< :NanoSector!~Yoshi2889@simplemachines/friend/NanoSector NOTICE NanoSector :LAGCHK 1435505585889
28.06.2015 - 17:32:54	  [ WildPHP\Manager-DEBUG ] 	<< :ecips!~Ecips@220-245-23-214.static.tpgi.com.au PRIVMSG #Cyanogenmod :cyanogenmod y330  <----- Type that into google and take a look :)
28.06.2015 - 17:33:16	  [ WildPHP\Manager-DEBUG ] 	<< :cf_!51c9301c@gateway/web/freenode/ip.81.201.48.28 QUIT :Ping timeout: 246 seconds
28.06.2015 - 17:33:20	  [ WildPHP\Manager-DEBUG ] 	<< :awksp!~awang@cpe-184-57-24-17.columbus.res.rr.com QUIT :Ping timeout: 256 seconds
28.06.2015 - 17:33:53	  [ WildPHP\Manager-DEBUG ] 	<< :NanoSector!~Yoshi2889@simplemachines/friend/NanoSector NOTICE NanoSector :LAGCHK 1435505675888
28.06.2015 - 17:34:13	  [ WildPHP\Manager-DEBUG ] 	<< :cogo_!6dc800b3@gateway/web/freenode/ip.109.200.0.179 PRIVMSG #Cyanogenmod :I try it, this is why iam now here))
