28.06.2015 - 21:17:02	  [ LOG ] 	Using log file /mnt/data/IRC Bot/new/Wild-IRC-Bot/logs//log55.log28.06.2015 - 21:17:02	  [ WildPHP\Manager ] 	Registered event IRCMessageInbound (with class IIRCMessageInboundEvent).28.06.2015 - 21:17:02	  [ WildPHP\Manager ] 	Registered event BotCommand (with class ICommandEvent).28.06.2015 - 21:17:02	  [ WildPHP\Manager-DEBUG ] 	Module Auth registered.28.06.2015 - 21:17:02	  [ WildPHP\Manager-DEBUG ] 	Module ChannelAdmin registered.28.06.2015 - 21:17:02	  [ WildPHP\Manager-DEBUG ] 	Module ChannelManager registered.28.06.2015 - 21:17:02	  [ WildPHP\Manager-DEBUG ] 	Module CoreCommands registered.28.06.2015 - 21:17:02	  [ WildPHP\Manager-DEBUG ] 	Module Dev registered.28.06.2015 - 21:17:02	  [ WildPHP\Manager-DEBUG ] 	Module Help registered.28.06.2015 - 21:17:02	  [ WildPHP\Manager-DEBUG ] 	Loading module Auth...28.06.2015 - 21:17:02	  [ WildPHP\Manager ] 	Module Auth loaded.28.06.2015 - 21:17:02	  [ WildPHP\Manager-DEBUG ] 	Loading module ChannelAdmin...28.06.2015 - 21:17:02	  [ WildPHP\Manager ] 	Module ChannelAdmin loaded.28.06.2015 - 21:17:02	  [ WildPHP\Manager-DEBUG ] 	Loading module ChannelManager...28.06.2015 - 21:17:02	  [ WildPHP\Manager ] 	Module ChannelManager loaded.28.06.2015 - 21:17:02	  [ WildPHP\Manager-DEBUG ] 	Loading module CoreCommands...28.06.2015 - 21:17:02	  [ WildPHP\Manager ] 	Module CoreCommands loaded.28.06.2015 - 21:17:02	  [ WildPHP\Manager-DEBUG ] 	Loading module Dev...28.06.2015 - 21:17:02	  [ WildPHP\Manager ] 	Module Dev loaded.28.06.2015 - 21:17:02	  [ WildPHP\Manager-DEBUG ] 	Loading module Help...28.06.2015 - 21:17:02	  [ WildPHP\Manager ] 	Module Help loaded.28.06.2015 - 21:17:02	  [ WildPHP\Manager ] 	Connection to server localhost:5000 set up with nick NanoSector; ready to use.28.06.2015 - 21:17:02	  [ WildPHP\Manager-DEBUG ] 	<< :wolfe.freenode.net 001 NanoSector :Welcome to the freenode Internet Relay Chat Network NanoSector
28.06.2015 - 21:17:02	  [ WildPHP\Manager-DEBUG ] 	<< :wolfe.freenode.net 002 NanoSector :Your host is wolfe.freenode.net[91.217.189.44/6697], running version ircd-seven-1.1.3
28.06.2015 - 21:17:02	  [ WildPHP\Manager-DEBUG ] 	<< :wolfe.freenode.net 003 NanoSector :This server was created Mon Sep 15 2014 at 10:05:03 UTC
28.06.2015 - 21:17:02	  [ WildPHP\Manager-DEBUG ] 	<< :wolfe.freenode.net 004 NanoSector wolfe.freenode.net ircd-seven-1.1.3 DOQRSZaghilopswz CFILMPQSbcefgijklmnopqrstvz bkloveqjfI
28.06.2015 - 21:17:02	  [ WildPHP\Manager-DEBUG ] 	<< :wolfe.freenode.net 005 NanoSector CHANTYPES=# EXCEPTS INVEX CHANMODES=eIbq,k,flj,CFLMPQScgimnprstz CHANLIMIT=#:120 PREFIX=(ov)@+ MAXLIST=bqeI:100 MODES=4 NETWORK=freenode KNOCK STATUSMSG=@+ CALLERID=g :are supported by this server
28.06.2015 - 21:17:02	  [ WildPHP\Manager-DEBUG ] 	<< :wolfe.freenode.net 005 NanoSector CASEMAPPING=rfc1459 CHARSET=ascii NICKLEN=16 CHANNELLEN=50 TOPICLEN=390 ETRACE CPRIVMSG CNOTICE DEAF=D MONITOR=100 FNC TARGMAX=NAMES:1,LIST:1,KICK:1,WHOIS:1,PRIVMSG:4,NOTICE:4,ACCEPT:,MONITOR: :are supported by this server
28.06.2015 - 21:17:02	  [ WildPHP\Manager-DEBUG ] 	<< :wolfe.freenode.net 005 NanoSector EXTBAN=$,ajrxz WHOX CLIENTVER=3.0 SAFELIST ELIST=CTU :are supported by this server
28.06.2015 - 21:17:02	  [ WildPHP\Manager-DEBUG ] 	<< :wolfe.freenode.net 251 NanoSector :There are 163 users and 87607 invisible on 27 servers
28.06.2015 - 21:17:02	  [ WildPHP\Manager-DEBUG ] 	<< :wolfe.freenode.net 252 NanoSector 22 :IRC Operators online
28.06.2015 - 21:17:02	  [ WildPHP\Manager-DEBUG ] 	<< :wolfe.freenode.net 254 NanoSector 59393 :channels formed
28.06.2015 - 21:17:02	  [ WildPHP\Manager-DEBUG ] 	<< :wolfe.freenode.net 255 NanoSector :I have 1998 clients and 1 servers
28.06.2015 - 21:17:02	  [ WildPHP\Manager-DEBUG ] 	<< :wolfe.freenode.net 265 NanoSector 1998 6804 :Current local users 1998, max 6804
28.06.2015 - 21:17:02	  [ WildPHP\Manager-DEBUG ] 	<< :wolfe.freenode.net 266 NanoSector 87770 105669 :Current global users 87770, max 105669
28.06.2015 - 21:17:02	  [ WildPHP\Manager-DEBUG ] 	<< :wolfe.freenode.net 250 NanoSector :Highest connection count: 6805 (6804 clients) (3021413 connections received)
28.06.2015 - 21:17:02	  [ WildPHP\Manager-DEBUG ] 	<< :wolfe.freenode.net 375 NanoSector :- wolfe.freenode.net Message of the Day - 
28.06.2015 - 21:17:02	  [ WildPHP\Manager-DEBUG ] 	<< :wolfe.freenode.net 372 NanoSector :- Welcome to wolfe.freenode.net in Stockholm, SE.
28.06.2015 - 21:17:02	  [ WildPHP\Manager-DEBUG ] 	<< :wolfe.freenode.net 372 NanoSector :- Thanks to http://www.portlane.com/ for sponsoring
28.06.2015 - 21:17:02	  [ WildPHP\Manager-DEBUG ] 	<< :wolfe.freenode.net 372 NanoSector :- this server!
28.06.2015 - 21:17:02	  [ WildPHP\Manager-DEBUG ] 	<< :wolfe.freenode.net 372 NanoSector :-  
28.06.2015 - 21:17:02	  [ WildPHP\Manager-DEBUG ] 	<< :wolfe.freenode.net 372 NanoSector :- WOLFE, GENE [1931-].  Prolific writer of short stories and
28.06.2015 - 21:17:02	  [ WildPHP\Manager-DEBUG ] 	<< :wolfe.freenode.net 372 NanoSector :- novels. His best-known work is the multi-volume novel The
28.06.2015 - 21:17:02	  [ WildPHP\Manager-DEBUG ] 	<< :wolfe.freenode.net 372 NanoSector :- Book of the New Sun. He has won multiple awards including
28.06.2015 - 21:17:02	  [ WildPHP\Manager-DEBUG ] 	<< :wolfe.freenode.net 372 NanoSector :- the Nebula Award, the World Fantasy Award, The Campell
28.06.2015 - 21:17:02	  [ WildPHP\Manager-DEBUG ] 	<< :wolfe.freenode.net 372 NanoSector :- Memorial Award and the Locus Award. He was awarded the World
28.06.2015 - 21:17:02	  [ WildPHP\Manager-DEBUG ] 	<< :wolfe.freenode.net 372 NanoSector :- Fantasy Award for lifetime achievement in 1996.
28.06.2015 - 21:17:02	  [ WildPHP\Manager-DEBUG ] 	<< :wolfe.freenode.net 372 NanoSector :-  
28.06.2015 - 21:17:02	  [ WildPHP\Manager-DEBUG ] 	<< :wolfe.freenode.net 372 NanoSector :- Welcome to freenode - supporting the free and open source
28.06.2015 - 21:17:02	  [ WildPHP\Manager-DEBUG ] 	<< :wolfe.freenode.net 372 NanoSector :- software communities since 1998.
28.06.2015 - 21:17:02	  [ WildPHP\Manager-DEBUG ] 	<< :wolfe.freenode.net 372 NanoSector :-  
28.06.2015 - 21:17:02	  [ WildPHP\Manager-DEBUG ] 	<< :wolfe.freenode.net 372 NanoSector :- By connecting to freenode you indicate that you have read and
28.06.2015 - 21:17:02	  [ WildPHP\Manager-DEBUG ] 	<< :wolfe.freenode.net 372 NanoSector :- accept our policies as set out on http://www.freenode.net
28.06.2015 - 21:17:02	  [ WildPHP\Manager-DEBUG ] 	<< :wolfe.freenode.net 372 NanoSector :- freenode runs an open proxy scanner. Please join #freenode for
28.06.2015 - 21:17:02	  [ WildPHP\Manager-DEBUG ] 	<< :wolfe.freenode.net 372 NanoSector :- any network-related questions or queries, where a number of
28.06.2015 - 21:17:02	  [ WildPHP\Manager-DEBUG ] 	<< :wolfe.freenode.net 372 NanoSector :- volunteer staff and helpful users will be happy to assist you.
28.06.2015 - 21:17:02	  [ WildPHP\Manager-DEBUG ] 	<< :wolfe.freenode.net 372 NanoSector :-  
28.06.2015 - 21:17:02	  [ WildPHP\Manager-DEBUG ] 	<< :wolfe.freenode.net 372 NanoSector :- You can meet us at FOSSCON (http://www.fosscon.org) where we get
28.06.2015 - 21:17:02	  [ WildPHP\Manager-DEBUG ] 	<< :wolfe.freenode.net 372 NanoSector :- together with like-minded FOSS enthusiasts for talks and
28.06.2015 - 21:17:02	  [ WildPHP\Manager-DEBUG ] 	<< :wolfe.freenode.net 372 NanoSector :- real-life collaboration.
28.06.2015 - 21:17:02	  [ WildPHP\Manager-DEBUG ] 	<< :wolfe.freenode.net 372 NanoSector :-  
28.06.2015 - 21:17:02	  [ WildPHP\Manager-DEBUG ] 	<< :wolfe.freenode.net 372 NanoSector :- We would like to thank Private Internet Access
28.06.2015 - 21:17:02	  [ WildPHP\Manager-DEBUG ] 	<< :wolfe.freenode.net 372 NanoSector :- (https://www.privateinternetaccess.com/) and the other
28.06.2015 - 21:17:02	  [ WildPHP\Manager-DEBUG ] 	<< :wolfe.freenode.net 372 NanoSector :- organisations that help keep freenode and our other projects
28.06.2015 - 21:17:02	  [ WildPHP\Manager-DEBUG ] 	<< :wolfe.freenode.net 372 NanoSector :- running for their sustained support.
28.06.2015 - 21:17:02	  [ WildPHP\Manager-DEBUG ] 	<< :wolfe.freenode.net 372 NanoSector :-  
28.06.2015 - 21:17:02	  [ WildPHP\Manager-DEBUG ] 	<< :wolfe.freenode.net 372 NanoSector :- In particular we would like to thank the sponsor
28.06.2015 - 21:17:02	  [ WildPHP\Manager-DEBUG ] 	<< :wolfe.freenode.net 372 NanoSector :- of this server, details of which can be found above.
28.06.2015 - 21:17:02	  [ WildPHP\Manager-DEBUG ] 	<< :wolfe.freenode.net 372 NanoSector :-  
28.06.2015 - 21:17:02	  [ WildPHP\Manager-DEBUG ] 	<< :wolfe.freenode.net 376 NanoSector :End of /MOTD command.
28.06.2015 - 21:17:02	  [ WildPHP\Manager-DEBUG ] 	<< :NanoSector!~Yoshi2889@541BF3D2.cm-5-4d.dynamic.ziggo.nl MODE NanoSector :+Zi
28.06.2015 - 21:17:02	  [ WildPHP\Manager-DEBUG ] 	<< :NanoSector!~Yoshi2889@541BF3D2.cm-5-4d.dynamic.ziggo.nl JOIN :#dolphin-emu
28.06.2015 - 21:17:02	  [ WildPHP\Manager-DEBUG ] 	<< :wolfe.freenode.net 332 NanoSector #dolphin-emu :http://dolphin-emu.org/ | http://changes.dolphin-emu.org/ | http://dolphin-emu.org/docs/faq/ | No Magic | No Piracy - Instant Ban | Development channel: #dolphin-dev
28.06.2015 - 21:17:02	  [ WildPHP\Manager-DEBUG ] 	<< :wolfe.freenode.net 333 NanoSector #dolphin-emu HdkR!~ryanh@li489-126.members.linode.com 1417328760
28.06.2015 - 21:17:02	  [ WildPHP\Manager-DEBUG ] 	<< :wolfe.freenode.net 353 NanoSector = #dolphin-emu :Adr1 Amanieu AngerFist Arisaka Armada Aster Azelphur B0g4r7 BITTERBEE @Bh44L Bish_ BtbN CME CoreDuo CyberKitsune DacoTaco DarkAceZ DarkFire David3k Dazzozo Dippyskoodlez DoctorDelusional ExeciN Extrems FIQ Fenhl FenrisulfrX @Fiora FireFly Fissurez Fog_TAS FourSword Fredgido_ F|RES Genericenemy Genolo Ghabry Gogh GreenBlood Guest58996 GuntherD1 Hamcha @HdkR Helios747 Internets InusualZ Isotarge JMC47 Jacksoft Kazuma KnightMustard Kovensky
28.06.2015 - 21:17:02	  [ WildPHP\Manager-DEBUG ] 	<< :wolfe.freenode.net 353 NanoSector = #dolphin-emu :Ladon Lightning @Lioncash LittleWhite LocoMJ MMukherjee @Matt_P Montisaquadeis MrC Muzer NWPlayer123 NanoSector Neui Nextra NickG365 Nighthawk NsGk Omega22 OrNoX Orlando Orphis Pepe_ Pikachu025 ProjectRevoTPP Quatroking RonnChyran Saturn812 Schquid Shadoxfix Shoegazer Soni StapleButter Subv Summeli Tanjoodo TechyZeldaNerd Toothache Tropsy WinterMute XgF Yllodra Zialus [Unknown] _Spekkio_ _aegis_ `blasty_ acidx alucryd amanone anathema_
28.06.2015 - 21:17:02	  [ WildPHP\Manager-DEBUG ] 	<< :wolfe.freenode.net 353 NanoSector = #dolphin-emu :archshift aztec balrog bigpet booto calc84maniac cdoublejj clobber comex crediar_ csssuf cthd cute_korean_girl dan- dantarion darkengine @degasus dibas dici dozn ds84182 dtm dx ehw- endrift enitiz espes evil-doer flacs flamingspinach flowerhack friden fury__ furyhunter ignalina imaginary inara jchadwick jj2baile juzza1 karolherbst kee7a kexplo kg_ kino` kode54 krnlyng lecx linkmauve1 lol0gram madez_ markey_work marzipanWhale mat^2 mathieui
28.06.2015 - 21:17:02	  [ WildPHP\Manager-DEBUG ] 	<< :wolfe.freenode.net 353 NanoSector = #dolphin-emu :mephostophilis merry mimimi monojin mooch2 moochmcgee mrgreywater msm mth neiltyson @neobrain nethershaw nispaur nogagplz nopnopgoose paperManu pendo324 phire pinchy radens radius rdema riking_ ripdog rweichler saneki sapheriel seirl_ sergio-br2 sherlock shonumi simcop2387 @skid_au skmp smea the8thark unicodesnowman utack variable vik wapiflapi wariw yuriks zkxs zylche
28.06.2015 - 21:17:02	  [ WildPHP\Manager-DEBUG ] 	<< :wolfe.freenode.net 366 NanoSector #dolphin-emu :End of /NAMES list.
28.06.2015 - 21:17:02	  [ WildPHP\Manager-DEBUG ] 	<< :NanoSector!~Yoshi2889@541BF3D2.cm-5-4d.dynamic.ziggo.nl JOIN :#wildphp
28.06.2015 - 21:17:02	  [ WildPHP\Manager-DEBUG ] 	<< :wolfe.freenode.net 332 NanoSector #wildphp :Welcome to #wildphp. Feel free to idle around. For help, just poke one of us and please stay around; someone will get to you. Get the latest version of the bot from https://github.com/WildPHP/Wild-IRC-Bot
28.06.2015 - 21:17:02	  [ WildPHP\Manager-DEBUG ] 	<< :wolfe.freenode.net 333 NanoSector #wildphp NanoSector!~Yoshi2889@simplemachines/support/NanoSector 1428415030
28.06.2015 - 21:17:02	  [ WildPHP\Manager-DEBUG ] 	<< :wolfe.freenode.net 353 NanoSector = #wildphp :@ChanServ Envigado GuntherD1 @NanoSector +SPF|Cloud Sheo Stifler @TimTims +amunak rbxs
28.06.2015 - 21:17:02	  [ WildPHP\Manager-DEBUG ] 	<< :wolfe.freenode.net 366 NanoSector #wildphp :End of /NAMES list.
28.06.2015 - 21:17:02	  [ WildPHP\Manager-DEBUG ] 	<< :NanoSector!~Yoshi2889@541BF3D2.cm-5-4d.dynamic.ziggo.nl JOIN :#NanoPlayground
28.06.2015 - 21:17:02	  [ WildPHP\Manager-DEBUG ] 	<< :wolfe.freenode.net 332 NanoSector #NanoPlayground :Test place for bots.
28.06.2015 - 21:17:02	  [ WildPHP\Manager-DEBUG ] 	<< :wolfe.freenode.net 333 NanoSector #NanoPlayground FatalException!~FatalExce@unaffiliated/yoshi2889/bot/fatalexception 1425410979
28.06.2015 - 21:17:02	  [ WildPHP\Manager-DEBUG ] 	<< :wolfe.freenode.net 353 NanoSector = #NanoPlayground :@ChanServ DenBeiren @NanoSector SPF|Cloud Stifler Stiflerrpg TimTims iStifler sigv
28.06.2015 - 21:17:02	  [ WildPHP\Manager-DEBUG ] 	<< :wolfe.freenode.net 366 NanoSector #NanoPlayground :End of /NAMES list.
28.06.2015 - 21:17:02	  [ WildPHP\Manager-DEBUG ] 	<< :NanoSector!~Yoshi2889@541BF3D2.cm-5-4d.dynamic.ziggo.nl JOIN :#Cyanogenmod
28.06.2015 - 21:17:02	  [ WildPHP\Manager-DEBUG ] 	<< :wolfe.freenode.net 332 NanoSector #Cyanogenmod :Welcome! Stuck on a new install? Did you Wipe? || General info see: http://goo.gl/EEoBM & google.com/+CyanogenMod :: Don't ask to ask a question, just ask! || Protip: Do not click EugeneKay's links | All questions regarding development or building #cyanogenmod-dev
28.06.2015 - 21:17:02	  [ WildPHP\Manager-DEBUG ] 	<< :wolfe.freenode.net 333 NanoSector #Cyanogenmod ciwrl|away!~ciwrl@cyanogenmod/pr/ciwrl 1401579684
28.06.2015 - 21:17:02	  [ WildPHP\Manager-DEBUG ] 	<< :wolfe.freenode.net 353 NanoSector * #Cyanogenmod :AbsoluteZero Afterster Alam_Squeeze Ankhers AppAraat Archon__ AshTR Aster AstraMagica Atlas Azelphur BKuhl BlackBishop BloodDonor Bluefoxicy Brando753 BytesAndCoffee CEnnis91 Cerise @ChanServ ChrisWarrick ChunkzZ CiPi Cork Criamos Cultist CygniX Dastgir Dave123 Dave123_ Dazzozo DeadRinga Decad3nce Demokra DinCahill Djole DoYouKnow DrMacinyasha DrTaft DroidOne DzAirmaX Eduard_Munteanu ElAngelo Elish Entropy512 FDCX_ FR^2 Fenhl Fiouz Fleurety
28.06.2015 - 21:17:02	  [ WildPHP\Manager-DEBUG ] 	<< :wolfe.freenode.net 353 NanoSector * #Cyanogenmod :Fogest Frogworm FruitieX FuZZ__ Furai GeraldWagner Great-Geek H Happzz Haxxa ImQ009 Ir0nsh007er JRansome_ JZTech101 Jackneill Jagster Jim[work] JohnnyricoMC Jonno_FTW Jordy Jusic KDDLB KaZo58 Kaboon Kenzi` +Khaytsus +KhaytsusToo Kitt3n KoolKidsK Lacriatch Lartza Lekensteyn Liam` LjL Lloir LoganA LoganG LordDeath Lymia LzrdKing_ M4rc3l MDTech-us_MAN Maakuth Makinit Malmis Manbread Manolis Marquel McNetic Midnightfox Monkeh MooingLemur Namidairo
28.06.2015 - 21:17:02	  [ WildPHP\Manager-DEBUG ] 	<< :wolfe.freenode.net 353 NanoSector * #Cyanogenmod :NanoSector Neffi NightMonkey Nik05 NikolausK NucWin Obilan Oldiesmann PatBoy PennStater @PsychoI3oy QuinnLion Qwell R0b0t1 RBecker RDash Raccoon Reedy Reventlov RiXtEr Ricaz RudyValencia Rundll Ruusento SATS Saturn812 Savemech Schnabeltierchen Scrivener Sean_Wang Sedated ShapeShifter499 Shiodooru SirCmpwn Skyrider Soaps SolarAquarion SpeakerToMeat StarfishPrime SteamPoweredH Streetwalrus SudoNull- SuperLag Techman Telvana Termana ThatOneDude
28.06.2015 - 21:17:02	  [ WildPHP\Manager-DEBUG ] 	<< :wolfe.freenode.net 353 NanoSector * #Cyanogenmod :The0x539 TheQuestionmark TheReverend403 Top_Cat Turl Turtuga Unforgiving Vampire0_ Venusaur Vladi Werring Wiki13|Cloud XDS2010 Xavierdarkness Xoib XpineX YamakasY YeahRight Yomi Yoshimo Zackio Zzeiss [Awaxx] [Saint] ]OLI[ _0x5eb_ _litz _marc` a3Dman aaa801 aarontc aeroevan aetheric ajrty33 alok alxd amiconn andre_m androidbruce archshift ari5av arlen asturel axisys b1101 basteh +bealtine benoliver999 bgupta bipolar bitkid blaise blind blunden
28.06.2015 - 21:17:02	  [ WildPHP\Manager-DEBUG ] 	<< :wolfe.freenode.net 353 NanoSector * #Cyanogenmod :borosky break19 brolin_empey bynarie c00p3r c0deweaver cantstanya catpiggest cdesai chiui chjj chris| chrstfer @ciwrl cl4p-tp cliffer cluelesscoder codeworkx coperek303 core cryptic cwstorm_ cydrobolt d1b dadrc damwdan danl danmackay darken datagutt dazo_afk deathspawn devatwork dippingsauce dju dna5589|away doomwake dustinm eXtremo ecips edsonduarte1990 elgatov endlessgate eric f4lk0r_ fekz ferdna flatface fluxi ford forkup frankS2 frankyboy_
28.06.2015 - 21:17:02	  [ WildPHP\Manager-DEBUG ] 	<< :wolfe.freenode.net 353 NanoSector * #Cyanogenmod :frapell fuqi g_byers gdrc gelignite ghormoon ghost64 godlessfather grobe0ba haasn halakar_ haltdef hays_ heap_ helicopter88 heydabop hfp hmmwhatsthisdo hyper_ch iNsAn|tY ieatacid infernix intervigil invisiblek ischeriad ivan\ jason237 jazka jemus42 jerdog jgeboski joe75 jreese jusplainmike jznomoney kInOzAwA kalz kamyl ketas klaas klusark kossy kuzetsa l0xas lahwran laufersteppenw__ lerc lkoranda lnostdal lonewulf` lonex lool lunchdump
28.06.2015 - 21:17:02	  [ WildPHP\Manager-DEBUG ] 	<< :wolfe.freenode.net 353 NanoSector * #Cyanogenmod :m0viefreak m4rcu5 m4t mac-mini_ macebewley madLyfe makije maqr matrixa1 mave_ maxexcloo mbecroft meLon meeeeeeee megabitdragon meti mfabian milaq mindrunner mist_ mittwinter mmmonk moviuro mrtux myside nausea neersighted nemysis nepochal nethershaw netwoodle noptys normalra nyuszika7h ob-sed obXiDeJSFQ orliesaurus owa oxhak pagefault paramourne passenger pb penguin1263 pfloyd phunyguy pii4 pikpok pinPoint ponyofdeath pppingme pragma- protodev
28.06.2015 - 21:17:02	  [ WildPHP\Manager-DEBUG ] 	<< :wolfe.freenode.net 353 NanoSector * #Cyanogenmod :protosoul prox prurigro pvoigt pw qupada42 raid razorloves rich0 rika rmk robink romann rosseaux ruukasu ryan-c rymate1234 sado1 saintcajetan sash_ scorche seba seejy shoerain siel sigv siinus` sir_tyrion skarn_ sleepys40 snitch_ spY|da sparetire stargo stiv2k storrgie stux|work stvlker subterfugium supa_user swebb tapout thebiffman thoemy tilal6991 tjader @toastcfh tomaw tomreyn trae32566[w] trobotham turgenevskaya uber unforgiven512 untitaker
28.06.2015 - 21:17:02	  [ WildPHP\Manager-DEBUG ] 	<< :wolfe.freenode.net 353 NanoSector * #Cyanogenmod :utack @utkanos v0rtex varesa vividboarder waratte webvictim weltall wlritchi xMopxShell xSmurf xadidas4lifex xelra xfullmetal17 xuedi zaniyah zcat zifnab zinx zom |0xD34D| |PuLi| |shark|
28.06.2015 - 21:17:02	  [ WildPHP\Manager-DEBUG ] 	<< :wolfe.freenode.net 366 NanoSector #Cyanogenmod :End of /NAMES list.
28.06.2015 - 21:17:02	  [ WildPHP\Manager-DEBUG ] 	<< :NanoSector!~Yoshi2889@541BF3D2.cm-5-4d.dynamic.ziggo.nl JOIN :#twrp
28.06.2015 - 21:17:02	  [ WildPHP\Manager-DEBUG ] 	<< :wolfe.freenode.net 332 NanoSector #twrp :Team Win Recovery Project || TWRP 2.8.7.0: http://tinyw.in/twrp || Compile TWRP from source: http://tinyw.in/50tg || Unsupported devices: http://tinyw.in/unsupported || If you need help, just ask your question (don't ask to ask) and state what device you're using and *wait* for an answer
28.06.2015 - 21:17:02	  [ WildPHP\Manager-DEBUG ] 	<< :wolfe.freenode.net 333 NanoSector #twrp _that 1435256772
28.06.2015 - 21:17:02	  [ WildPHP\Manager-DEBUG ] 	<< :wolfe.freenode.net 353 NanoSector @ #twrp :Azelphur Babydollll BigShotRob BytesAndCoffee CEnnis91 CaptainThrowback @ChanServ Chris122- Ciku Darkshado DeMiNe0 @Dees_Troy DrMacinyasha Elimin8er EllieGoulding Entropy512 FireBreath FrankZZ FuZZ__ GhostlyCrowd Grommish Guest9143 HeyCitizen Ignorant JRansome_ Junaos Kamilion Kra1o5 Lky Lloir Lunario Lymia MDTech-us_MAN MeanderingCode MiloH NanoSector @NookieBot NucWin Nuggernogger NxtGenCowboy PRJosh PatBoy PeperPots__ PlayfulGod Rentard SATS
28.06.2015 - 21:17:02	  [ WildPHP\Manager-DEBUG ] 	<< :wolfe.freenode.net 353 NanoSector @ #twrp :Sagi Sean_Wang Sedated SlimBot SolarAquarion T-Junk Tassadar WondererQ XDS2010 @Zanzibar Zesty_ Ziyan [NUT] @_that adema_ aeroevan aj-san alok amarullz_ arlen arrrghhh asturel autoprime ben_alman benoliver999 @bigbiff bipolar bitpushr blacklaser blind book` bynarie chaosagent chrisch1974 chrmhoffmann ckvisme clarjon1 csmart cybo deanrock devrandomfx dexter93 djkinetic dkelle4 doomwake eXtremo @eyeballer fluxi frankyboy_ ghormoon gladiac gladitzu78
28.06.2015 - 21:17:02	  [ WildPHP\Manager-DEBUG ] 	<< :wolfe.freenode.net 353 NanoSector @ #twrp :godlessfather gvercoutere haltdef +hashcode heap_ +helicopter88 humberos idnar irick itsblah jakew02 jcase jerdog jevin jfeise_ jrior001 jscinoz @kevank klept0 +lilstevie lsdigital marduk191 markus-j martinmcu misc-- mistoffelees mschiff netwoodle nkk71__away normalra nytr onebyside pb perillamint phh pirateghost polyzen pvoigt razorloves rebelos riotz rwaters sawdey21 sbdags scanno sigv simonsickle sireebob sleepys40 steev stvlker th3g1z theHAL9000
28.06.2015 - 21:17:02	  [ WildPHP\Manager-DEBUG ] 	<< :wolfe.freenode.net 353 NanoSector @ #twrp :thoemy tiny4579 @toastcfh twitch153 v_superuser-away vidplace7 @vividboarder withere2 wolfgart xadidas4lifex z31s1g
28.06.2015 - 21:17:02	  [ WildPHP\Manager-DEBUG ] 	<< :wolfe.freenode.net 366 NanoSector #twrp :End of /NAMES list.
28.06.2015 - 21:17:02	  [ WildPHP\Manager-DEBUG ] 	<< :NanoSector!~Yoshi2889@541BF3D2.cm-5-4d.dynamic.ziggo.nl JOIN :#sunshine-support
28.06.2015 - 21:17:02	  [ WildPHP\Manager-DEBUG ] 	<< :wolfe.freenode.net 332 NanoSector #sunshine-support :No one here? Submit a ticket http://support.theroot.ninja | Type '!info ring' to summon support | SunShine 3.1 is out! | Get latest copy from http://theroot.ninja | Need help rooting? Type '!info rootchoices' | ALL OFF-TOPIC goes to ##sunshine-support | No re-using license on replacement phones - You need to buy a new license | For Out-of-App payment options, type: !msglist payment
28.06.2015 - 21:17:02	  [ WildPHP\Manager-DEBUG ] 	<< :wolfe.freenode.net 333 NanoSector #sunshine-support beaups 1434806613
28.06.2015 - 21:17:02	  [ WildPHP\Manager-DEBUG ] 	<< :wolfe.freenode.net 353 NanoSector = #sunshine-support :Chris122- Daemoen_ +Dr_Drache Fenny @Fuses GSKarhu Haxxa Jdpaul88 M3mphiZ Markmast_ Mr_Bartek NanoSector @NookieBot OakyTree PeperPots__ XDS2010 @Zanzibar +_litz @autoprime @beaups bfritz blakange3 break19 bschram darkspadez datagutt dizzan djkinetic dr0id dstaley illie +j_to_the_4n jcase jcbjoe joako joeykrim +kingy9000 kuzetsa lud @madpax mistoffelees @nkk71__away pi-rho posixninja pulser sawdey21 th3g1z timong uba @uld wetdog @zifnab
28.06.2015 - 21:17:02	  [ WildPHP\Manager-DEBUG ] 	<< :wolfe.freenode.net 353 NanoSector = #sunshine-support :|EHG|
28.06.2015 - 21:17:02	  [ WildPHP\Manager-DEBUG ] 	<< :wolfe.freenode.net 366 NanoSector #sunshine-support :End of /NAMES list.
28.06.2015 - 21:17:02	  [ WildPHP\Manager-DEBUG ] 	<< :NanoSector!~Yoshi2889@541BF3D2.cm-5-4d.dynamic.ziggo.nl JOIN :##sunshine-support
28.06.2015 - 21:17:02	  [ WildPHP\Manager-DEBUG ] 	<< :wolfe.freenode.net 332 NanoSector ##sunshine-support :FYF
28.06.2015 - 21:17:02	  [ WildPHP\Manager-DEBUG ] 	<< :wolfe.freenode.net 333 NanoSector ##sunshine-support beaups!~beaups@unaffiliated/beaups 1421709151
28.06.2015 - 21:17:02	  [ WildPHP\Manager-DEBUG ] 	<< :wolfe.freenode.net 353 NanoSector = ##sunshine-support :Dr_Drache Haxxa Mr_Bartek NanoSector NookieBot PeperPots__ XDS2010 Zanzibar _litz bschram datagutt illie j_to_the_4n jcase kingy9000 kuzetsa nkk71__away oxyc th3g1z uba zifnab
28.06.2015 - 21:17:02	  [ WildPHP\Manager-DEBUG ] 	<< :wolfe.freenode.net 366 NanoSector ##sunshine-support :End of /NAMES list.
28.06.2015 - 21:17:02	  [ WildPHP\Manager-DEBUG ] 	<< :NanoSector!~Yoshi2889@541BF3D2.cm-5-4d.dynamic.ziggo.nl JOIN :#cakephp
28.06.2015 - 21:17:02	  [ WildPHP\Manager-DEBUG ] 	<< :wolfe.freenode.net 332 NanoSector #cakephp :CakePHP Channel - http://cakephp.org | Manual - http://book.cakephp.org | CakePHP API - http://api.cakephp.org | CakeFest - http://cakefest.org
28.06.2015 - 21:17:02	  [ WildPHP\Manager-DEBUG ] 	<< :wolfe.freenode.net 333 NanoSector #cakephp PhpNut!~PhpNut@137.119.152.45 1393439244
28.06.2015 - 21:17:02	  [ WildPHP\Manager-DEBUG ] 	<< :wolfe.freenode.net 353 NanoSector = #cakephp :Akufen Alina-malina Astraeus BackEndCoder BackEndCoder2 Blacklite CakeBot Ceeram Coldblackice_ Eax Graziel Guest55880 Henskeleinen JelmerD Kaimei Kitcat711 Laszlo Martin` NanoSector NeoThermic|Work Neon1024 Oldskool Paradox924X RamunasM_ RuAnt Schalla Scott0_ ScottO_1 SpX StephanAZ TheRec Trow ViZi0naRy Werring Wouter0100 Wouterdt WyriHaximus Zir0h _mtz acosonic adamSs alarch arj arnis_ aro atmx bakerman bcSquared berarma bigbluehat bravo_kernel1
28.06.2015 - 21:17:02	  [ WildPHP\Manager-DEBUG ] 	<< :wolfe.freenode.net 353 NanoSector = #cakephp :burzum candybar coellobranco dakota dan_w deizel djpretzel dogmatic69 dorxy_ dziegler_off egerlach elventails foogle gale geheim49 greenmanspirit grzes hekep iwn jadb jcool jekt jfive jmtran jschwartz_ lexx liamonade linxon m-takagi makamo marlinc mclee mglinski micalm michelpeters mikenovikov mkettel mmik mohammadsaleh_ mvriel narutimateum noob13_ oMega_2093 orangey patsToms petris phafner pharesim_ phillaf phishy phpcoder qdk r0kc4t r3g3x
28.06.2015 - 21:17:02	  [ WildPHP\Manager-DEBUG ] 	<< :wolfe.freenode.net 353 NanoSector = #cakephp :ran randompherret renan rmill rvsjoen savant shealyw2 shinnya shudon simont spexi stiv2k storkovo|away styles synapt synbyte tapout the_dave toin0u|a1ay ujjain underflow veganista waspinator_ webguynow zonetti
28.06.2015 - 21:17:02	  [ WildPHP\Manager-DEBUG ] 	<< :wolfe.freenode.net 366 NanoSector #cakephp :End of /NAMES list.
28.06.2015 - 21:17:02	  [ WildPHP\Manager-DEBUG ] 	<< :NanoSector!~Yoshi2889@541BF3D2.cm-5-4d.dynamic.ziggo.nl JOIN :#antergos
28.06.2015 - 21:17:02	  [ WildPHP\Manager-DEBUG ] 	<< :wolfe.freenode.net 332 NanoSector #antergos :Official Antergos IRC | Need Help? IRC Help Guide: http://bit.ly/1odHpzZ | FAQs: http://bit.ly/1wai35S | Forum: http://bit.ly/1CudJ2p | Antergos News: http://bit.ly/1F9qXpo | Arch News: http://bit.ly/1sWFfoE
28.06.2015 - 21:17:02	  [ WildPHP\Manager-DEBUG ] 	<< :wolfe.freenode.net 333 NanoSector #antergos faidoc 1413654696
28.06.2015 - 21:17:02	  [ WildPHP\Manager-DEBUG ] 	<< :wolfe.freenode.net 353 NanoSector = #antergos :Acidflash| Asterisk AyForest @ChanServ DerRaiden Eadaro Guest40051 Impyy JustACharlatan Lartza Meaulnes_ Melon_Bread Mikaela NanoSector NuSuey ShapeShifter499 SiGNAL[Arch] SirCmpwn TheSoph WizBright aitorpazos amdavies_ angular_mike_ anthony25 cook__ cowai ctgriffiths dNbatcp_ dabbill dfalk fractal ghost64 glebihan__ jgmdev johnnydiabetic joren jumbers kennae mitfree nehemiasz neiltyson odinho palasso pankid pirateghost rOss^64 radish rawzone
28.06.2015 - 21:17:02	  [ WildPHP\Manager-DEBUG ] 	<< :wolfe.freenode.net 353 NanoSector = #antergos :revnja rikai rrittenhouse ryanlee rylinaux smo superobserver titanomachy
28.06.2015 - 21:17:02	  [ WildPHP\Manager-DEBUG ] 	<< :wolfe.freenode.net 366 NanoSector #antergos :End of /NAMES list.
28.06.2015 - 21:17:02	  [ WildPHP\Manager-DEBUG ] 	<< :NanoSector!~Yoshi2889@541BF3D2.cm-5-4d.dynamic.ziggo.nl JOIN :#smf
28.06.2015 - 21:17:02	  [ WildPHP\Manager-DEBUG ] 	<< :wolfe.freenode.net 332 NanoSector #smf :Simple Machines Forum (SMF) official IRC channel! || SMF 2.1 Beta 1 Released! http://bit.ly/1xItRQl || SMF 2.0.10 and 1.1.21 Released! Please upgrade: http://bit.ly/1GvRVJW || Visit us at http://www.simplemachines.org/ || Online manual: http://bit.ly/I2PEnF || Looking for support? http://bit.ly/1aoqWwZ
28.06.2015 - 21:17:02	  [ WildPHP\Manager-DEBUG ] 	<< :wolfe.freenode.net 333 NanoSector #smf CoreISP!~coreisp@simplemachines/rootadmin/CoreISP 1432406302
28.06.2015 - 21:17:02	  [ WildPHP\Manager-DEBUG ] 	<< :wolfe.freenode.net 353 NanoSector = #smf :+Antes @ChanServ CoreISP Daniel15 +Dragooon Elsensee H Kissaki KnownSyntax NanoSector Nicofuma Niko^ Nikon +Oldiesmann Pouvik RTamas Roph Rymax99 SleePy StupidWeasel Stu|[A] ^esc anonymouse cali callumacrae eichiro luuuciano paulr realz spossiba stefan t tomreyn tvenhola
28.06.2015 - 21:17:02	  [ WildPHP\Manager-DEBUG ] 	<< :wolfe.freenode.net 366 NanoSector #smf :End of /NAMES list.
28.06.2015 - 21:17:02	  [ WildPHP\Manager-DEBUG ] 	<< :NanoSector!~Yoshi2889@541BF3D2.cm-5-4d.dynamic.ziggo.nl JOIN :#aospa
28.06.2015 - 21:17:02	  [ WildPHP\Manager-DEBUG ] 	<< :wolfe.freenode.net 332 NanoSector #aospa :Welcome to the official AOSPA channel! | Sometimes it is a bit silent here - please don't leave right away! | PA 5.0 ALPHA2 is out | Website: http://aospa.co/ | AOSPA community: http://bit.ly/1lcw0cO | AOSPA Legacy community: http://bit.ly/1gm965I
28.06.2015 - 21:17:02	  [ WildPHP\Manager-DEBUG ] 	<< :wolfe.freenode.net 333 NanoSector #aospa sigv 1425919812
28.06.2015 - 21:17:02	  [ WildPHP\Manager-DEBUG ] 	<< :wolfe.freenode.net 353 NanoSector = #aospa :BytesAndCoffee Cerise Clark008 Cthulhux GermainZ Happzz JZTech101 NanoSector NaterTots ParkerR T-Junk [Saint] @aospa beekay201 chachin codebam deathspawn gnosticJade helicopter88 lol768- m3rcuriel ne0phyte netwoodle p3lim pinPoint pirateghost +sigv
28.06.2015 - 21:17:02	  [ WildPHP\Manager-DEBUG ] 	<< :wolfe.freenode.net 366 NanoSector #aospa :End of /NAMES list.
28.06.2015 - 21:17:06	  [ WildPHP\Manager-DEBUG ] 	<< :[Saint]!~hayden@rockbox/staff/saint PRIVMSG #Cyanogenmod :They have precisely zero problems ripping the rubber out lol.
28.06.2015 - 21:17:11	  [ WildPHP\Manager-DEBUG ] 	<< :NanoSector!~Yoshi2889@541BF3D2.cm-5-4d.dynamic.ziggo.nl PRIVMSG #aospa :#exec var_dump($e->getMessage()->get());
28.06.2015 - 21:17:11	  [ AUTH ] 	Checking authorization for hostname :NanoSector!~Yoshi2889@541BF3D2.cm-5-4d.dynamic.ziggo.nl: Authorized28.06.2015 - 21:17:11	  [ LOG ] 	Running command "var_dump($e->getMessage()->get());"28.06.2015 - 21:17:12	  [ WildPHP\Manager-DEBUG ] 	<< :Frogworm!Frogworm@c-50-173-215-110.hsd1.ca.comcast.net PRIVMSG #Cyanogenmod :keas don't looks so bad but those look like sharp beaks
28.06.2015 - 21:17:12	  [ WildPHP\Manager-DEBUG ] 	<< :GodSkinS!~asd@cable-192.222.175.59.electronicbox.net JOIN #twrp
28.06.2015 - 21:17:12	  [ WildPHP\Manager-DEBUG ] 	<< :GodSkinS!~asd@cable-192.222.175.59.electronicbox.net QUIT :Changing host
28.06.2015 - 21:17:12	  [ WildPHP\Manager-DEBUG ] 	<< :GodSkinS!~asd@unaffiliated/godskins JOIN #twrp
28.06.2015 - 21:17:16	  [ WildPHP\Manager-DEBUG ] 	<< :GodSkinS!~asd@unaffiliated/godskins JOIN #Cyanogenmod
28.06.2015 - 21:17:17	  [ WildPHP\Manager-DEBUG ] 	<< :ekristen!~ekristen@host-174-45-138-158.chy-wy.client.bresnan.net JOIN #cakephp
28.06.2015 - 21:17:17	  [ WildPHP\Manager-DEBUG ] 	<< :NanoSector!~Yoshi2889@541BF3D2.cm-5-4d.dynamic.ziggo.nl PRIVMSG #aospa :that's more like it
28.06.2015 - 21:17:19	  [ WildPHP\Manager-DEBUG ] 	<< :ecips!~Ecips@220-245-23-214.static.tpgi.com.au PRIVMSG #Cyanogenmod :The bastards live to destroy
28.06.2015 - 21:17:28	  [ WildPHP\Manager-DEBUG ] 	<< :[Saint]!~hayden@rockbox/staff/saint PRIVMSG #Cyanogenmod :They're terrifying, they're actually pretty damn big.
28.06.2015 - 21:17:34	  [ WildPHP\Manager-DEBUG ] 	<< :NanoSector!~Yoshi2889@541BF3D2.cm-5-4d.dynamic.ziggo.nl PRIVMSG #aospa :had to implement the method
28.06.2015 - 21:17:36	  [ WildPHP\Manager-DEBUG ] 	<< :ecips!~Ecips@220-245-23-214.static.tpgi.com.au PRIVMSG #Cyanogenmod :Frogworm: Good luck cuddling a kea
28.06.2015 - 21:17:38	  [ WildPHP\Manager-DEBUG ] 	<< :ekristen!~ekristen@host-174-45-138-158.chy-wy.client.bresnan.net QUIT :Client Quit
28.06.2015 - 21:17:42	  [ WildPHP\Manager-DEBUG ] 	<< :ecips!~Ecips@220-245-23-214.static.tpgi.com.au PRIVMSG #Cyanogenmod :he'd rip your face off
28.06.2015 - 21:17:44	  [ WildPHP\Manager-DEBUG ] 	<< :[Saint]!~hayden@rockbox/staff/saint PRIVMSG #Cyanogenmod :And they know people are scared of them too, they'll fly right at you for shits and giggles.
28.06.2015 - 21:17:59	  [ WildPHP\Manager-DEBUG ] 	<< :T-Junk!atari@h39030.upc-h.chello.nl PRIVMSG NanoSector :ik heb die meuk trouwens ook werkende :) 
28.06.2015 - 21:18:09	  [ WildPHP\Manager-DEBUG ] 	<< :T-Junk!atari@h39030.upc-h.chello.nl PRIVMSG NanoSector :waar ik je eerder om vroeg vandeweek ff mee te helpe 
28.06.2015 - 21:18:11	  [ WildPHP\Manager-DEBUG ] 	<< :Frogworm!Frogworm@c-50-173-215-110.hsd1.ca.comcast.net PRIVMSG #Cyanogenmod :hmm
28.06.2015 - 21:18:29	  [ WildPHP\Manager-DEBUG ] 	<< :Kolano!~kmk@c-73-194-144-55.hsd1.nj.comcast.net JOIN #dolphin-emu
28.06.2015 - 21:18:31	  [ WildPHP\Manager-DEBUG ] 	<< :ecips!~Ecips@220-245-23-214.static.tpgi.com.au PRIVMSG #Cyanogenmod :https://www.youtube.com/watch?v=fBdvRCkCNfo
28.06.2015 - 21:18:45	  [ WildPHP\Manager-DEBUG ] 	<< :Frogworm!Frogworm@c-50-173-215-110.hsd1.ca.comcast.net PRIVMSG #Cyanogenmod :I won't lie, I've heard of the terrors of animals/insects/birds in that area
28.06.2015 - 21:18:52	  [ WildPHP\Manager-DEBUG ] 	<< :T-Junk!atari@h39030.upc-h.chello.nl PRIVMSG NanoSector :kheb gewoon mn server barebone linux opgeklapt aan lan gehangen apk'tjes fixed en weer uitgetiefd 
28.06.2015 - 21:19:02	  [ WildPHP\Manager-DEBUG ] 	<< :jose_zap!~jose_zap@93-167-126-15-dynamic.dk.customer.tdc.net JOIN #cakephp
28.06.2015 - 21:19:10	  [ WildPHP\Manager-DEBUG ] 	<< :[Saint]!~hayden@rockbox/staff/saint PRIVMSG #Cyanogenmod :Australia is the one with all the "shits gonna fuck you up, yo" things.
28.06.2015 - 21:19:16	  [ WildPHP\Manager-DEBUG ] 	<< :ecips!~Ecips@220-245-23-214.static.tpgi.com.au PRIVMSG #Cyanogenmod :a beak like a set of fucking bolt cutters
28.06.2015 - 21:19:26	  [ WildPHP\Manager-DEBUG ] 	<< :Frogworm!Frogworm@c-50-173-215-110.hsd1.ca.comcast.net PRIVMSG #Cyanogenmod :are they protected by law?
