28.06.2015 - 21:10:27	  [ LOG ] 	Using log file /mnt/data/IRC Bot/new/Wild-IRC-Bot/logs//log53.log28.06.2015 - 21:10:27	  [ WildPHP\Manager ] 	Registered event IRCMessageInbound (with class IIRCMessageInboundEvent).28.06.2015 - 21:10:27	  [ WildPHP\Manager ] 	Registered event BotCommand (with class ICommandEvent).28.06.2015 - 21:10:27	  [ WildPHP\Manager-DEBUG ] 	Module Auth registered.28.06.2015 - 21:10:27	  [ WildPHP\Manager-DEBUG ] 	Module ChannelAdmin registered.28.06.2015 - 21:10:27	  [ WildPHP\Manager-DEBUG ] 	Module ChannelManager registered.28.06.2015 - 21:10:27	  [ WildPHP\Manager-DEBUG ] 	Module CoreCommands registered.28.06.2015 - 21:10:27	  [ WildPHP\Manager-DEBUG ] 	Module Dev registered.28.06.2015 - 21:10:27	  [ WildPHP\Manager-DEBUG ] 	Module Help registered.28.06.2015 - 21:10:27	  [ WildPHP\Manager-DEBUG ] 	Loading module Auth...28.06.2015 - 21:10:27	  [ WildPHP\Manager ] 	Module Auth loaded.28.06.2015 - 21:10:27	  [ WildPHP\Manager-DEBUG ] 	Loading module ChannelAdmin...28.06.2015 - 21:10:27	  [ WildPHP\Manager ] 	Module ChannelAdmin loaded.28.06.2015 - 21:10:27	  [ WildPHP\Manager-DEBUG ] 	Loading module ChannelManager...28.06.2015 - 21:10:27	  [ WildPHP\Manager ] 	Module ChannelManager loaded.28.06.2015 - 21:10:27	  [ WildPHP\Manager-DEBUG ] 	Loading module CoreCommands...28.06.2015 - 21:10:27	  [ WildPHP\Manager ] 	Module CoreCommands loaded.28.06.2015 - 21:10:27	  [ WildPHP\Manager-DEBUG ] 	Loading module Dev...28.06.2015 - 21:10:27	  [ WildPHP\Manager ] 	Module Dev loaded.28.06.2015 - 21:10:27	  [ WildPHP\Manager-DEBUG ] 	Loading module Help...28.06.2015 - 21:10:27	  [ WildPHP\Manager ] 	Module Help loaded.28.06.2015 - 21:10:27	  [ WildPHP\Manager ] 	Connection to server localhost:5000 set up with nick NanoSector; ready to use.28.06.2015 - 21:10:27	  [ WildPHP\Manager-DEBUG ] 	<< :wolfe.freenode.net 001 NanoSector :Welcome to the freenode Internet Relay Chat Network NanoSector
28.06.2015 - 21:10:27	  [ WildPHP\Manager-DEBUG ] 	<< :wolfe.freenode.net 002 NanoSector :Your host is wolfe.freenode.net[91.217.189.44/6697], running version ircd-seven-1.1.3
28.06.2015 - 21:10:27	  [ WildPHP\Manager-DEBUG ] 	<< :wolfe.freenode.net 003 NanoSector :This server was created Mon Sep 15 2014 at 10:05:03 UTC
28.06.2015 - 21:10:27	  [ WildPHP\Manager-DEBUG ] 	<< :wolfe.freenode.net 004 NanoSector wolfe.freenode.net ircd-seven-1.1.3 DOQRSZaghilopswz CFILMPQSbcefgijklmnopqrstvz bkloveqjfI
28.06.2015 - 21:10:27	  [ WildPHP\Manager-DEBUG ] 	<< :wolfe.freenode.net 005 NanoSector CHANTYPES=# EXCEPTS INVEX CHANMODES=eIbq,k,flj,CFLMPQScgimnprstz CHANLIMIT=#:120 PREFIX=(ov)@+ MAXLIST=bqeI:100 MODES=4 NETWORK=freenode KNOCK STATUSMSG=@+ CALLERID=g :are supported by this server
28.06.2015 - 21:10:27	  [ WildPHP\Manager-DEBUG ] 	<< :wolfe.freenode.net 005 NanoSector CASEMAPPING=rfc1459 CHARSET=ascii NICKLEN=16 CHANNELLEN=50 TOPICLEN=390 ETRACE CPRIVMSG CNOTICE DEAF=D MONITOR=100 FNC TARGMAX=NAMES:1,LIST:1,KICK:1,WHOIS:1,PRIVMSG:4,NOTICE:4,ACCEPT:,MONITOR: :are supported by this server
28.06.2015 - 21:10:27	  [ WildPHP\Manager-DEBUG ] 	<< :wolfe.freenode.net 005 NanoSector EXTBAN=$,ajrxz WHOX CLIENTVER=3.0 SAFELIST ELIST=CTU :are supported by this server
28.06.2015 - 21:10:27	  [ WildPHP\Manager-DEBUG ] 	<< :wolfe.freenode.net 251 NanoSector :There are 163 users and 87607 invisible on 27 servers
28.06.2015 - 21:10:27	  [ WildPHP\Manager-DEBUG ] 	<< :wolfe.freenode.net 252 NanoSector 22 :IRC Operators online
28.06.2015 - 21:10:27	  [ WildPHP\Manager-DEBUG ] 	<< :wolfe.freenode.net 254 NanoSector 59393 :channels formed
28.06.2015 - 21:10:27	  [ WildPHP\Manager-DEBUG ] 	<< :wolfe.freenode.net 255 NanoSector :I have 1998 clients and 1 servers
28.06.2015 - 21:10:27	  [ WildPHP\Manager-DEBUG ] 	<< :wolfe.freenode.net 265 NanoSector 1998 6804 :Current local users 1998, max 6804
28.06.2015 - 21:10:27	  [ WildPHP\Manager-DEBUG ] 	<< :wolfe.freenode.net 266 NanoSector 87770 105669 :Current global users 87770, max 105669
28.06.2015 - 21:10:27	  [ WildPHP\Manager-DEBUG ] 	<< :wolfe.freenode.net 250 NanoSector :Highest connection count: 6805 (6804 clients) (3021413 connections received)
28.06.2015 - 21:10:27	  [ WildPHP\Manager-DEBUG ] 	<< :wolfe.freenode.net 375 NanoSector :- wolfe.freenode.net Message of the Day - 
28.06.2015 - 21:10:27	  [ WildPHP\Manager-DEBUG ] 	<< :wolfe.freenode.net 372 NanoSector :- Welcome to wolfe.freenode.net in Stockholm, SE.
28.06.2015 - 21:10:27	  [ WildPHP\Manager-DEBUG ] 	<< :wolfe.freenode.net 372 NanoSector :- Thanks to http://www.portlane.com/ for sponsoring
28.06.2015 - 21:10:27	  [ WildPHP\Manager-DEBUG ] 	<< :wolfe.freenode.net 372 NanoSector :- this server!
28.06.2015 - 21:10:27	  [ WildPHP\Manager-DEBUG ] 	<< :wolfe.freenode.net 372 NanoSector :-  
28.06.2015 - 21:10:27	  [ WildPHP\Manager-DEBUG ] 	<< :wolfe.freenode.net 372 NanoSector :- WOLFE, GENE [1931-].  Prolific writer of short stories and
28.06.2015 - 21:10:27	  [ WildPHP\Manager-DEBUG ] 	<< :wolfe.freenode.net 372 NanoSector :- novels. His best-known work is the multi-volume novel The
28.06.2015 - 21:10:27	  [ WildPHP\Manager-DEBUG ] 	<< :wolfe.freenode.net 372 NanoSector :- Book of the New Sun. He has won multiple awards including
28.06.2015 - 21:10:27	  [ WildPHP\Manager-DEBUG ] 	<< :wolfe.freenode.net 372 NanoSector :- the Nebula Award, the World Fantasy Award, The Campell
28.06.2015 - 21:10:27	  [ WildPHP\Manager-DEBUG ] 	<< :wolfe.freenode.net 372 NanoSector :- Memorial Award and the Locus Award. He was awarded the World
28.06.2015 - 21:10:27	  [ WildPHP\Manager-DEBUG ] 	<< :wolfe.freenode.net 372 NanoSector :- Fantasy Award for lifetime achievement in 1996.
28.06.2015 - 21:10:27	  [ WildPHP\Manager-DEBUG ] 	<< :wolfe.freenode.net 372 NanoSector :-  
28.06.2015 - 21:10:27	  [ WildPHP\Manager-DEBUG ] 	<< :wolfe.freenode.net 372 NanoSector :- Welcome to freenode - supporting the free and open source
28.06.2015 - 21:10:27	  [ WildPHP\Manager-DEBUG ] 	<< :wolfe.freenode.net 372 NanoSector :- software communities since 1998.
28.06.2015 - 21:10:27	  [ WildPHP\Manager-DEBUG ] 	<< :wolfe.freenode.net 372 NanoSector :-  
28.06.2015 - 21:10:27	  [ WildPHP\Manager-DEBUG ] 	<< :wolfe.freenode.net 372 NanoSector :- By connecting to freenode you indicate that you have read and
28.06.2015 - 21:10:27	  [ WildPHP\Manager-DEBUG ] 	<< :wolfe.freenode.net 372 NanoSector :- accept our policies as set out on http://www.freenode.net
28.06.2015 - 21:10:27	  [ WildPHP\Manager-DEBUG ] 	<< :wolfe.freenode.net 372 NanoSector :- freenode runs an open proxy scanner. Please join #freenode for
28.06.2015 - 21:10:27	  [ WildPHP\Manager-DEBUG ] 	<< :wolfe.freenode.net 372 NanoSector :- any network-related questions or queries, where a number of
28.06.2015 - 21:10:27	  [ WildPHP\Manager-DEBUG ] 	<< :wolfe.freenode.net 372 NanoSector :- volunteer staff and helpful users will be happy to assist you.
28.06.2015 - 21:10:27	  [ WildPHP\Manager-DEBUG ] 	<< :wolfe.freenode.net 372 NanoSector :-  
28.06.2015 - 21:10:27	  [ WildPHP\Manager-DEBUG ] 	<< :wolfe.freenode.net 372 NanoSector :- You can meet us at FOSSCON (http://www.fosscon.org) where we get
28.06.2015 - 21:10:27	  [ WildPHP\Manager-DEBUG ] 	<< :wolfe.freenode.net 372 NanoSector :- together with like-minded FOSS enthusiasts for talks and
28.06.2015 - 21:10:27	  [ WildPHP\Manager-DEBUG ] 	<< :wolfe.freenode.net 372 NanoSector :- real-life collaboration.
28.06.2015 - 21:10:27	  [ WildPHP\Manager-DEBUG ] 	<< :wolfe.freenode.net 372 NanoSector :-  
28.06.2015 - 21:10:27	  [ WildPHP\Manager-DEBUG ] 	<< :wolfe.freenode.net 372 NanoSector :- We would like to thank Private Internet Access
28.06.2015 - 21:10:27	  [ WildPHP\Manager-DEBUG ] 	<< :wolfe.freenode.net 372 NanoSector :- (https://www.privateinternetaccess.com/) and the other
28.06.2015 - 21:10:27	  [ WildPHP\Manager-DEBUG ] 	<< :wolfe.freenode.net 372 NanoSector :- organisations that help keep freenode and our other projects
28.06.2015 - 21:10:27	  [ WildPHP\Manager-DEBUG ] 	<< :wolfe.freenode.net 372 NanoSector :- running for their sustained support.
28.06.2015 - 21:10:27	  [ WildPHP\Manager-DEBUG ] 	<< :wolfe.freenode.net 372 NanoSector :-  
28.06.2015 - 21:10:27	  [ WildPHP\Manager-DEBUG ] 	<< :wolfe.freenode.net 372 NanoSector :- In particular we would like to thank the sponsor
28.06.2015 - 21:10:27	  [ WildPHP\Manager-DEBUG ] 	<< :wolfe.freenode.net 372 NanoSector :- of this server, details of which can be found above.
28.06.2015 - 21:10:27	  [ WildPHP\Manager-DEBUG ] 	<< :wolfe.freenode.net 372 NanoSector :-  
28.06.2015 - 21:10:27	  [ WildPHP\Manager-DEBUG ] 	<< :wolfe.freenode.net 376 NanoSector :End of /MOTD command.
28.06.2015 - 21:10:27	  [ WildPHP\Manager-DEBUG ] 	<< :NanoSector!~Yoshi2889@541BF3D2.cm-5-4d.dynamic.ziggo.nl MODE NanoSector :+Zi
28.06.2015 - 21:10:27	  [ WildPHP\Manager-DEBUG ] 	<< :NanoSector!~Yoshi2889@541BF3D2.cm-5-4d.dynamic.ziggo.nl JOIN :#dolphin-emu
28.06.2015 - 21:10:27	  [ WildPHP\Manager-DEBUG ] 	<< :wolfe.freenode.net 332 NanoSector #dolphin-emu :http://dolphin-emu.org/ | http://changes.dolphin-emu.org/ | http://dolphin-emu.org/docs/faq/ | No Magic | No Piracy - Instant Ban | Development channel: #dolphin-dev
28.06.2015 - 21:10:27	  [ WildPHP\Manager-DEBUG ] 	<< :wolfe.freenode.net 333 NanoSector #dolphin-emu HdkR!~ryanh@li489-126.members.linode.com 1417328760
28.06.2015 - 21:10:27	  [ WildPHP\Manager-DEBUG ] 	<< :wolfe.freenode.net 353 NanoSector = #dolphin-emu :Adr1 Amanieu AngerFist Arisaka Armada Aster Azelphur B0g4r7 BITTERBEE @Bh44L Bish_ BtbN CME CoreDuo CyberKitsune DacoTaco DarkAceZ DarkFire David3k Dazzozo Dippyskoodlez DoctorDelusional ExeciN Extrems FIQ Fenhl FenrisulfrX @Fiora FireFly Fog_TAS FourSword Fredgido_ F|RES Genericenemy Genolo Ghabry Gogh GreenBlood Guest58996 GuntherD1 Hamcha @HdkR Helios747 Internets InusualZ Isotarge JMC47 Jacksoft Kazuma KnightMustard Kovensky Ladon Lightning
28.06.2015 - 21:10:27	  [ WildPHP\Manager-DEBUG ] 	<< :wolfe.freenode.net 353 NanoSector = #dolphin-emu :@Lioncash LittleWhite LocoMJ MMukherjee @Matt_P Montisaquadeis MrC Muzer NWPlayer123 NanoSector Neui Nextra NickG365 Nighthawk NsGk Omega22 OrNoX Orlando Orphis Pepe_ Pikachu025 ProjectRevoTPP Quatroking RonnChyran Saturn812 Schquid Shadoxfix Soni StapleButter Subv Summeli Tanjoodo TechyZeldaNerd Toothache Tropsy WinterMute XgF Yllodra Zialus [Unknown] _Fissurez_ _Spekkio_ _aegis_ `blasty_ acidx alucryd amanone anathema_ archshift aztec
28.06.2015 - 21:10:27	  [ WildPHP\Manager-DEBUG ] 	<< :wolfe.freenode.net 353 NanoSector = #dolphin-emu :balrog bigpet booto calc84maniac cdoublejj clobber comex crediar_ csssuf cthd cute_korean_girl dan- dantarion darkengine @degasus dibas dici dozn ds84182 dtm dx ehw- endrift enitiz espes evil-doer flacs flamingspinach flowerhack friden fury__ furyhunter ignalina imaginary inara jchadwick jj2baile juzza1 karolherbst kee7a kexplo kg_ kino` kode54 krnlyng lecx linkmauve1 lol0gram madez_ markey_work marzipanWhale mat^2 mathieui mephostophilis
28.06.2015 - 21:10:27	  [ WildPHP\Manager-DEBUG ] 	<< :wolfe.freenode.net 353 NanoSector = #dolphin-emu :merry mimimi monojin mooch2 moochmcgee mrgreywater msm mth neiltyson @neobrain nethershaw nispaur nogagplz nopnopgoose paperManu pendo324 phire pinchy radens radius rdema riking_ ripdog rweichler saneki sapheriel seirl_ sergio-br2 sherlock shonumi simcop2387 @skid_au skmp smea the8thark unicodesnowman utack variable vik wapiflapi wariw yuriks zkxs zylche
28.06.2015 - 21:10:27	  [ WildPHP\Manager-DEBUG ] 	<< :wolfe.freenode.net 366 NanoSector #dolphin-emu :End of /NAMES list.
28.06.2015 - 21:10:27	  [ WildPHP\Manager-DEBUG ] 	<< :NanoSector!~Yoshi2889@541BF3D2.cm-5-4d.dynamic.ziggo.nl JOIN :#wildphp
28.06.2015 - 21:10:27	  [ WildPHP\Manager-DEBUG ] 	<< :wolfe.freenode.net 332 NanoSector #wildphp :Welcome to #wildphp. Feel free to idle around. For help, just poke one of us and please stay around; someone will get to you. Get the latest version of the bot from https://github.com/WildPHP/Wild-IRC-Bot
28.06.2015 - 21:10:27	  [ WildPHP\Manager-DEBUG ] 	<< :wolfe.freenode.net 333 NanoSector #wildphp NanoSector!~Yoshi2889@simplemachines/support/NanoSector 1428415030
28.06.2015 - 21:10:27	  [ WildPHP\Manager-DEBUG ] 	<< :wolfe.freenode.net 353 NanoSector = #wildphp :@ChanServ Envigado GuntherD1 @NanoSector +SPF|Cloud Sheo Stifler @TimTims +amunak rbxs
28.06.2015 - 21:10:27	  [ WildPHP\Manager-DEBUG ] 	<< :wolfe.freenode.net 366 NanoSector #wildphp :End of /NAMES list.
28.06.2015 - 21:10:27	  [ WildPHP\Manager-DEBUG ] 	<< :NanoSector!~Yoshi2889@541BF3D2.cm-5-4d.dynamic.ziggo.nl JOIN :#NanoPlayground
28.06.2015 - 21:10:27	  [ WildPHP\Manager-DEBUG ] 	<< :wolfe.freenode.net 332 NanoSector #NanoPlayground :Test place for bots.
28.06.2015 - 21:10:27	  [ WildPHP\Manager-DEBUG ] 	<< :wolfe.freenode.net 333 NanoSector #NanoPlayground FatalException!~FatalExce@unaffiliated/yoshi2889/bot/fatalexception 1425410979
28.06.2015 - 21:10:27	  [ WildPHP\Manager-DEBUG ] 	<< :wolfe.freenode.net 353 NanoSector = #NanoPlayground :@ChanServ DenBeiren @NanoSector SPF|Cloud Stifler Stiflerrpg TimTims iStifler sigv
28.06.2015 - 21:10:27	  [ WildPHP\Manager-DEBUG ] 	<< :wolfe.freenode.net 366 NanoSector #NanoPlayground :End of /NAMES list.
28.06.2015 - 21:10:27	  [ WildPHP\Manager-DEBUG ] 	<< :NanoSector!~Yoshi2889@541BF3D2.cm-5-4d.dynamic.ziggo.nl JOIN :#aospa
28.06.2015 - 21:10:27	  [ WildPHP\Manager-DEBUG ] 	<< :wolfe.freenode.net 332 NanoSector #aospa :Welcome to the official AOSPA channel! | Sometimes it is a bit silent here - please don't leave right away! | PA 5.0 ALPHA2 is out | Website: http://aospa.co/ | AOSPA community: http://bit.ly/1lcw0cO | AOSPA Legacy community: http://bit.ly/1gm965I
28.06.2015 - 21:10:27	  [ WildPHP\Manager-DEBUG ] 	<< :wolfe.freenode.net 333 NanoSector #aospa sigv 1425919812
28.06.2015 - 21:10:27	  [ WildPHP\Manager-DEBUG ] 	<< :wolfe.freenode.net 353 NanoSector = #aospa :BytesAndCoffee Cerise Clark008 Cthulhux GermainZ Happzz JZTech101 NanoSector NaterTots ParkerR T-Junk [Saint] @aospa beekay201 chachin codebam deathspawn gnosticJade helicopter88 lol768- m3rcuriel ne0phyte netwoodle p3lim pinPoint pirateghost +sigv
28.06.2015 - 21:10:27	  [ WildPHP\Manager-DEBUG ] 	<< :wolfe.freenode.net 366 NanoSector #aospa :End of /NAMES list.
28.06.2015 - 21:10:27	  [ WildPHP\Manager-DEBUG ] 	<< :NanoSector!~Yoshi2889@541BF3D2.cm-5-4d.dynamic.ziggo.nl JOIN :#Cyanogenmod
28.06.2015 - 21:10:27	  [ WildPHP\Manager-DEBUG ] 	<< :wolfe.freenode.net 332 NanoSector #Cyanogenmod :Welcome! Stuck on a new install? Did you Wipe? || General info see: http://goo.gl/EEoBM & google.com/+CyanogenMod :: Don't ask to ask a question, just ask! || Protip: Do not click EugeneKay's links | All questions regarding development or building #cyanogenmod-dev
28.06.2015 - 21:10:27	  [ WildPHP\Manager-DEBUG ] 	<< :wolfe.freenode.net 333 NanoSector #Cyanogenmod ciwrl|away!~ciwrl@cyanogenmod/pr/ciwrl 1401579684
28.06.2015 - 21:10:27	  [ WildPHP\Manager-DEBUG ] 	<< :wolfe.freenode.net 353 NanoSector * #Cyanogenmod :AbsoluteZero Afterster Alam_Squeeze Ankhers AppAraat Archon__ AshTR Aster AstraMagica Atlas Azelphur BKuhl BlackBishop BloodDonor Bluefoxicy Brando753 BytesAndCoffee CEnnis91 Cerise @ChanServ ChrisWarrick ChunkzZ CiPi Cork Criamos Cultist CygniX Dastgir Dave123 Dave123_ Dazzozo DeadRinga Decad3nce Demokra DinCahill Djole DoYouKnow DrMacinyasha DrTaft DroidOne DzAirmaX Eduard_Munteanu ElAngelo Elish Entropy512 FDCX_ FR^2 Fenhl Fiouz Fleurety
28.06.2015 - 21:10:27	  [ WildPHP\Manager-DEBUG ] 	<< :wolfe.freenode.net 353 NanoSector * #Cyanogenmod :Fogest Frogworm FruitieX FuZZ__ Furai GentileBen GeraldWagner Great-Geek H Happzz Haxxa ImQ009 Ir0nsh007er JRansome_ JZTech101 Jackneill Jagster Jim[work] JohnnyricoMC Jonno_FTW Jordy Jusic KDDLB KaZo58 Kaboon Kenzi` +Khaytsus +KhaytsusToo Kitt3n KoolKidsK Lacriatch Lartza Lekensteyn Liam` LjL Lloir LoganA LoganG LordDeath Lymia LzrdKing_ M4rc3l MDTech-us_MAN Maakuth Makinit Malmis Manbread Manolis Marquel McNetic Midnightfox Monkeh MooingLemur
28.06.2015 - 21:10:27	  [ WildPHP\Manager-DEBUG ] 	<< :wolfe.freenode.net 353 NanoSector * #Cyanogenmod :Namidairo NanoSector Neffi NightMonkey Nik05 NikolausK NucWin Obilan Oldiesmann PatBoy PennStater @PsychoI3oy QuinnLion Qwell R0b0t1 RBecker RDash Raccoon Reedy Reventlov RiXtEr Ricaz RudyValencia Rundll Ruusento SATS Saturn812 Savemech Schnabeltierchen Scrivener Sean_Wang Sedated ShapeShifter499 Shiodooru SirCmpwn Skyrider Soaps SolarAquarion SpeakerToMeat StarfishPrime SteamPoweredH Streetwalrus SudoNull- SuperLag Techman Telvana Termana
28.06.2015 - 21:10:27	  [ WildPHP\Manager-DEBUG ] 	<< :wolfe.freenode.net 353 NanoSector * #Cyanogenmod :ThatOneDude The0x539 TheQuestionmark TheReverend403 Top_Cat Turl Turtuga Unforgiving Vampire0_ Venusaur Vladi Werring Wiki13|Cloud XDS2010 Xavierdarkness Xoib XpineX YamakasY YeahRight Yomi Yoshimo Zackio Zzeiss [Awaxx] [Saint] ]OLI[ _0x5eb_ _litz _marc` a3Dman aaa801 aarontc aeroevan aetheric ajrty33 alok alxd amiconn andre_m androidbruce archshift ari5av arlen asturel axisys b1101 basteh +bealtine benoliver999 bgupta bipolar bitkid blaise
28.06.2015 - 21:10:27	  [ WildPHP\Manager-DEBUG ] 	<< :wolfe.freenode.net 353 NanoSector * #Cyanogenmod :blind blunden borosky break19 brolin_empey bynarie c00p3r c0deweaver cantstanya catpiggest cdesai chiui chjj chris| chrstfer @ciwrl cl4p-tp cliffer cluelesscoder codeworkx coperek303 core cryptic cwstorm_ cydrobolt d1b dadrc damwdan danl danmackay darken datagutt dazo_afk deathspawn devatwork dippingsauce dju dna5589|away doomwake dustinm eXtremo ecips edsonduarte1990 elgatov endlessgate eric f4lk0r_ fekz ferdna flatface fluxi ford forkup
28.06.2015 - 21:10:27	  [ WildPHP\Manager-DEBUG ] 	<< :wolfe.freenode.net 353 NanoSector * #Cyanogenmod :frankS2 frankyboy_ frapell fuqi g_byers gdrc gelignite ghormoon ghost64 godlessfather grobe0ba haasn halakar_ haltdef hays_ heap_ helicopter88 heydabop hfp hmmwhatsthisdo hyper_ch iNsAn|tY ieatacid infernix intervigil invisiblek ischeriad ivan\ jason237 jazka jemus42 jerdog jgeboski joe75 jreese jusplainmike jznomoney kInOzAwA kalz kamyl ketas klaas klusark kossy kuzetsa l0xas lahwran laufersteppenw__ lerc lkoranda lnostdal lonewulf` lonex
28.06.2015 - 21:10:27	  [ WildPHP\Manager-DEBUG ] 	<< :wolfe.freenode.net 353 NanoSector * #Cyanogenmod :lool lunchdump m0viefreak m4rcu5 m4t mac-mini_ macebewley madLyfe makije maqr matrixa1 mave_ maxexcloo mbecroft meLon meeeeeeee megabitdragon meti mfabian milaq mindrunner mist_ mittwinter mmmonk moviuro mrtux myside nausea neersighted nemysis nepochal nethershaw netwoodle noptys normalra nyuszika7h ob-sed obXiDeJSFQ orliesaurus owa oxhak pagefault paramourne passenger pb penguin1263 pfloyd phunyguy pii4 pikpok pinPoint ponyofdeath pppingme
28.06.2015 - 21:10:27	  [ WildPHP\Manager-DEBUG ] 	<< :wolfe.freenode.net 353 NanoSector * #Cyanogenmod :pragma- protodev protosoul prox prurigro pvoigt pw qupada42 raid razorloves rich0 rika rmk robink romann rosseaux ruukasu ryan-c rymate1234 sado1 saintcajetan sash_ scorche seba seejy shoerain siel sigv siinus` sir_tyrion skarn_ sleepys40 snitch_ spY|da sparetire stargo stiv2k storrgie stux|work stvlker subterfugium supa_user swebb tapout thebiffman thoemy tilal6991 tjader @toastcfh tomaw tomreyn trae32566[w] trobotham turgenevskaya uber
28.06.2015 - 21:10:27	  [ WildPHP\Manager-DEBUG ] 	<< :wolfe.freenode.net 353 NanoSector * #Cyanogenmod :unforgiven512 untitaker utack @utkanos v0rtex varesa vividboarder waratte webvictim weltall wlritchi xMopxShell xSmurf xadidas4lifex xelra xfullmetal17 xuedi zaniyah zcat zifnab zinx zom |0xD34D| |PuLi| |shark|
28.06.2015 - 21:10:27	  [ WildPHP\Manager-DEBUG ] 	<< :wolfe.freenode.net 366 NanoSector #Cyanogenmod :End of /NAMES list.
28.06.2015 - 21:10:27	  [ WildPHP\Manager-DEBUG ] 	<< :NanoSector!~Yoshi2889@541BF3D2.cm-5-4d.dynamic.ziggo.nl JOIN :#twrp
28.06.2015 - 21:10:27	  [ WildPHP\Manager-DEBUG ] 	<< :wolfe.freenode.net 332 NanoSector #twrp :Team Win Recovery Project || TWRP 2.8.7.0: http://tinyw.in/twrp || Compile TWRP from source: http://tinyw.in/50tg || Unsupported devices: http://tinyw.in/unsupported || If you need help, just ask your question (don't ask to ask) and state what device you're using and *wait* for an answer
28.06.2015 - 21:10:27	  [ WildPHP\Manager-DEBUG ] 	<< :wolfe.freenode.net 333 NanoSector #twrp _that 1435256772
28.06.2015 - 21:10:27	  [ WildPHP\Manager-DEBUG ] 	<< :wolfe.freenode.net 353 NanoSector @ #twrp :Azelphur Babydollll BigShotRob BytesAndCoffee CEnnis91 CaptainThrowback @ChanServ Chris122- Ciku Darkshado DeMiNe0 @Dees_Troy DrMacinyasha Elimin8er EllieGoulding Entropy512 FireBreath FrankZZ FuZZ__ GhostlyCrowd Grommish Guest9143 HeyCitizen Ignorant JRansome_ Junaos Kamilion Kra1o5 Lky Lloir Lunario Lymia MDTech-us_MAN MeanderingCode MiloH NanoSector @NookieBot NucWin Nuggernogger NxtGenCowboy PRJosh PatBoy PeperPots__ PlayfulGod Rentard SATS
28.06.2015 - 21:10:27	  [ WildPHP\Manager-DEBUG ] 	<< :wolfe.freenode.net 353 NanoSector @ #twrp :Sagi Sean_Wang Sedated SlimBot SolarAquarion T-Junk Tassadar WondererQ XDS2010 @Zanzibar Zesty_ Ziyan [NUT] @_that adema_ aeroevan aj-san alok amarullz_ arlen arrrghhh asturel autoprime ben_alman benoliver999 @bigbiff bipolar bitpushr blacklaser blind book` bynarie chaosagent chrisch1974 chrmhoffmann ckvisme clarjon1 csmart cybo deanrock devrandomfx dexter93 djkinetic dkelle4 doomwake eXtremo @eyeballer fluxi frankyboy_ ghormoon gladiac gladitzu78
28.06.2015 - 21:10:27	  [ WildPHP\Manager-DEBUG ] 	<< :wolfe.freenode.net 353 NanoSector @ #twrp :godlessfather gvercoutere haltdef +hashcode heap_ +helicopter88 humberos idnar irick itsblah jakew02 jcase jerdog jevin jfeise_ jrior001 jscinoz @kevank klept0 +lilstevie lsdigital marduk191 markus-j martinmcu misc-- mistoffelees mschiff netwoodle nkk71__away normalra nytr onebyside pb perillamint phh pirateghost polyzen pvoigt razorloves rebelos riotz rwaters sawdey21 sbdags scanno sigv simonsickle sireebob sleepys40 steev stvlker th3g1z theHAL9000
28.06.2015 - 21:10:27	  [ WildPHP\Manager-DEBUG ] 	<< :wolfe.freenode.net 353 NanoSector @ #twrp :thoemy tiny4579 @toastcfh twitch153 v_superuser-away vidplace7 @vividboarder withere2 wolfgart xadidas4lifex z31s1g
28.06.2015 - 21:10:27	  [ WildPHP\Manager-DEBUG ] 	<< :wolfe.freenode.net 366 NanoSector #twrp :End of /NAMES list.
28.06.2015 - 21:10:27	  [ WildPHP\Manager-DEBUG ] 	<< :NanoSector!~Yoshi2889@541BF3D2.cm-5-4d.dynamic.ziggo.nl JOIN :#sunshine-support
28.06.2015 - 21:10:27	  [ WildPHP\Manager-DEBUG ] 	<< :wolfe.freenode.net 332 NanoSector #sunshine-support :No one here? Submit a ticket http://support.theroot.ninja | Type '!info ring' to summon support | SunShine 3.1 is out! | Get latest copy from http://theroot.ninja | Need help rooting? Type '!info rootchoices' | ALL OFF-TOPIC goes to ##sunshine-support | No re-using license on replacement phones - You need to buy a new license | For Out-of-App payment options, type: !msglist payment
28.06.2015 - 21:10:27	  [ WildPHP\Manager-DEBUG ] 	<< :wolfe.freenode.net 333 NanoSector #sunshine-support beaups 1434806613
28.06.2015 - 21:10:27	  [ WildPHP\Manager-DEBUG ] 	<< :wolfe.freenode.net 353 NanoSector = #sunshine-support :Chris122- Daemoen_ +Dr_Drache Fenny @Fuses GSKarhu Haxxa Jdpaul88 M3mphiZ Markmast_ Mr_Bartek NanoSector @NookieBot OakyTree PeperPots__ XDS2010 @Zanzibar +_litz @autoprime @beaups bfritz blakange3 break19 bschram darkspadez datagutt dizzan djkinetic dr0id dstaley fynn illie +j_to_the_4n jcase jcbjoe joako joeykrim +kingy9000 kuzetsa lud @madpax mistoffelees @nkk71__away pi-rho posixninja pulser sawdey21 th3g1z timong uba @uld wetdog
28.06.2015 - 21:10:27	  [ WildPHP\Manager-DEBUG ] 	<< :wolfe.freenode.net 353 NanoSector = #sunshine-support :@zifnab |EHG|
28.06.2015 - 21:10:27	  [ WildPHP\Manager-DEBUG ] 	<< :wolfe.freenode.net 366 NanoSector #sunshine-support :End of /NAMES list.
28.06.2015 - 21:10:27	  [ WildPHP\Manager-DEBUG ] 	<< :NanoSector!~Yoshi2889@541BF3D2.cm-5-4d.dynamic.ziggo.nl JOIN :##sunshine-support
28.06.2015 - 21:10:27	  [ WildPHP\Manager-DEBUG ] 	<< :wolfe.freenode.net 332 NanoSector ##sunshine-support :FYF
28.06.2015 - 21:10:27	  [ WildPHP\Manager-DEBUG ] 	<< :wolfe.freenode.net 333 NanoSector ##sunshine-support beaups!~beaups@unaffiliated/beaups 1421709151
28.06.2015 - 21:10:27	  [ WildPHP\Manager-DEBUG ] 	<< :wolfe.freenode.net 353 NanoSector = ##sunshine-support :Dr_Drache Haxxa Mr_Bartek NanoSector NookieBot PeperPots__ XDS2010 Zanzibar _litz bschram datagutt illie j_to_the_4n jcase kingy9000 kuzetsa nkk71__away oxyc th3g1z uba zifnab
28.06.2015 - 21:10:27	  [ WildPHP\Manager-DEBUG ] 	<< :wolfe.freenode.net 366 NanoSector ##sunshine-support :End of /NAMES list.
28.06.2015 - 21:10:27	  [ WildPHP\Manager-DEBUG ] 	<< :NanoSector!~Yoshi2889@541BF3D2.cm-5-4d.dynamic.ziggo.nl JOIN :#cakephp
28.06.2015 - 21:10:27	  [ WildPHP\Manager-DEBUG ] 	<< :wolfe.freenode.net 332 NanoSector #cakephp :CakePHP Channel - http://cakephp.org | Manual - http://book.cakephp.org | CakePHP API - http://api.cakephp.org | CakeFest - http://cakefest.org
28.06.2015 - 21:10:27	  [ WildPHP\Manager-DEBUG ] 	<< :wolfe.freenode.net 333 NanoSector #cakephp PhpNut!~PhpNut@137.119.152.45 1393439244
28.06.2015 - 21:10:27	  [ WildPHP\Manager-DEBUG ] 	<< :wolfe.freenode.net 353 NanoSector = #cakephp :Akufen Alina-malina Astraeus BackEndCoder BackEndCoder2 Blacklite CakeBot Ceeram Coldblackice_ Eax Graziel Guest55880 Henskeleinen JelmerD Jippi Kaimei Kitcat711 Laszlo Martin` NanoSector NeoThermic|Work Neon1024 Oldskool Paradox924X RamunasM_ RuAnt Schalla Scott0_ ScottO_1 SpX StephanAZ TheRec Trow ViZi0naRy Werring Wouter0100 Wouterdt WyriHaximus Zir0h _mtz acosonic adamSs alarch arj arnis_ aro atmx bakerman bcSquared berarma bigbluehat bravo_kernel1
28.06.2015 - 21:10:27	  [ WildPHP\Manager-DEBUG ] 	<< :wolfe.freenode.net 353 NanoSector = #cakephp :burzum candybar coellobranco dakota dan_w deizel djpretzel dogmatic69 dorxy_ dziegler_off egerlach elventails foogle gale geheim49 greenmanspirit grzes hekep iwn jadb jcool jekt jfive jmtran jschwartz_ lexx liamonade linxon m-takagi makamo marlinc mclee mglinski micalm michelpeters mikenovikov mkettel mmik mohammadsaleh_ mvriel narutimateum noob13_ oMega_2093 orangey patsToms petris phafner pharesim_ phillaf phishy phpcoder qdk r0kc4t r3g3x
28.06.2015 - 21:10:27	  [ WildPHP\Manager-DEBUG ] 	<< :wolfe.freenode.net 353 NanoSector = #cakephp :ran randompherret renan rmill rvsjoen savant shealyw2 shinnya shudon simont spexi stiv2k storkovo|away styles synapt synbyte tapout the_dave toin0u|a1ay ujjain underflow veganista waspinator_ webguynow zonetti
28.06.2015 - 21:10:27	  [ WildPHP\Manager-DEBUG ] 	<< :wolfe.freenode.net 366 NanoSector #cakephp :End of /NAMES list.
28.06.2015 - 21:10:27	  [ WildPHP\Manager-DEBUG ] 	<< :NanoSector!~Yoshi2889@541BF3D2.cm-5-4d.dynamic.ziggo.nl JOIN :#antergos
28.06.2015 - 21:10:27	  [ WildPHP\Manager-DEBUG ] 	<< :wolfe.freenode.net 332 NanoSector #antergos :Official Antergos IRC | Need Help? IRC Help Guide: http://bit.ly/1odHpzZ | FAQs: http://bit.ly/1wai35S | Forum: http://bit.ly/1CudJ2p | Antergos News: http://bit.ly/1F9qXpo | Arch News: http://bit.ly/1sWFfoE
28.06.2015 - 21:10:27	  [ WildPHP\Manager-DEBUG ] 	<< :wolfe.freenode.net 333 NanoSector #antergos faidoc 1413654696
28.06.2015 - 21:10:27	  [ WildPHP\Manager-DEBUG ] 	<< :wolfe.freenode.net 353 NanoSector = #antergos :Acidflash| Asterisk AyForest @ChanServ DerRaiden Eadaro Guest40051 Impyy JustACharlatan Lartza Meaulnes_ Melon_Bread Mikaela NanoSector NuSuey ShapeShifter499 ShrewdSpirit SiGNAL[Arch] SirCmpwn TheSoph WizBright aitorpazos amdavies_ angular_mike_ anthony25 cook__ cowai ctgriffiths dNbatcp_ dabbill dfalk fractal ghost64 glebihan__ jgmdev johnnydiabetic joren jumbers kennae mitfree nehemiasz neiltyson odinho palasso pankid pirateghost rOss^64
28.06.2015 - 21:10:27	  [ WildPHP\Manager-DEBUG ] 	<< :wolfe.freenode.net 353 NanoSector = #antergos :radish rawzone revnja rikai rrittenhouse ryanlee rylinaux smo superobserver titanomachy
28.06.2015 - 21:10:27	  [ WildPHP\Manager-DEBUG ] 	<< :wolfe.freenode.net 366 NanoSector #antergos :End of /NAMES list.
28.06.2015 - 21:10:27	  [ WildPHP\Manager-DEBUG ] 	<< :NanoSector!~Yoshi2889@541BF3D2.cm-5-4d.dynamic.ziggo.nl JOIN :#smf
28.06.2015 - 21:10:27	  [ WildPHP\Manager-DEBUG ] 	<< :wolfe.freenode.net 332 NanoSector #smf :Simple Machines Forum (SMF) official IRC channel! || SMF 2.1 Beta 1 Released! http://bit.ly/1xItRQl || SMF 2.0.10 and 1.1.21 Released! Please upgrade: http://bit.ly/1GvRVJW || Visit us at http://www.simplemachines.org/ || Online manual: http://bit.ly/I2PEnF || Looking for support? http://bit.ly/1aoqWwZ
28.06.2015 - 21:10:27	  [ WildPHP\Manager-DEBUG ] 	<< :wolfe.freenode.net 333 NanoSector #smf CoreISP!~coreisp@simplemachines/rootadmin/CoreISP 1432406302
28.06.2015 - 21:10:27	  [ WildPHP\Manager-DEBUG ] 	<< :wolfe.freenode.net 353 NanoSector = #smf :+Antes @ChanServ CoreISP Daniel15 +Dragooon Elsensee H Kissaki KnownSyntax NanoSector Nicofuma Niko^ Nikon +Oldiesmann Pouvik RTamas Roph Rymax99 SleePy StupidWeasel Stu|[A] ^esc anonymouse cali callumacrae eichiro luuuciano paulr realz spossiba stefan t tomreyn tvenhola
28.06.2015 - 21:10:27	  [ WildPHP\Manager-DEBUG ] 	<< :wolfe.freenode.net 366 NanoSector #smf :End of /NAMES list.
28.06.2015 - 21:10:29	  [ WildPHP\Manager-DEBUG ] 	<< :nytr!55ab04d7@gateway/web/freenode/ip.85.171.4.215 PRIVMSG #twrp :bigbiff: philz is more verbose, can send the log if you want
28.06.2015 - 21:10:29	  [ WildPHP\Manager-DEBUG ] 	<< :[Saint]!~hayden@rockbox/staff/saint PRIVMSG #Cyanogenmod :Hmmmmm.
28.06.2015 - 21:10:33	  [ WildPHP\Manager-DEBUG ] 	<< :Demokra!demokra@ipbcc06f88.dynamic.kabel-deutschland.de PRIVMSG #Cyanogenmod :im part greek and part german :D
28.06.2015 - 21:10:37	  [ WildPHP\Manager-DEBUG ] 	<< :ecips!~Ecips@220-245-23-214.static.tpgi.com.au PRIVMSG #Cyanogenmod :[Saint]: repo sync 5 minutes ago
28.06.2015 - 21:10:42	  [ WildPHP\Manager-DEBUG ] 	<< :[Saint]!~hayden@rockbox/staff/saint PRIVMSG #Cyanogenmod :Odd.
28.06.2015 - 21:10:45	  [ WildPHP\Manager-DEBUG ] 	<< :NanoSector!~Yoshi2889@541BF3D2.cm-5-4d.dynamic.ziggo.nl PRIVMSG #aospa :ACTION tests his bot
28.06.2015 - 21:11:01	  [ WildPHP\Manager-DEBUG ] 	<< :fynn!6d5ab901@gateway/web/freenode/ip.109.90.185.1 PRIVMSG #sunshine-support :and if I install the sense rom and then switch to a custom rom?
28.06.2015 - 21:11:08	  [ WildPHP\Manager-DEBUG ] 	<< :beaups!~beaups@unaffiliated/beaups PRIVMSG #sunshine-support :yes that's fine
28.06.2015 - 21:11:14	  [ WildPHP\Manager-DEBUG ] 	<< :NanoSector!~Yoshi2889@541BF3D2.cm-5-4d.dynamic.ziggo.nl PRIVMSG #aospa :#join #random
28.06.2015 - 21:11:14	  [ AUTH ] 	Checking authorization for hostname :NanoSector!~Yoshi2889@541BF3D2.cm-5-4d.dynamic.ziggo.nl: Authorized28.06.2015 - 21:11:14	  [ CHANMAN ] 	Joining channel #random...28.06.2015 - 21:11:14	  [ DATAOUT ] 	JOIN #random28.06.2015 - 21:11:14	  [ WildPHP\Manager-DEBUG ] 	<< :NanoSector!~Yoshi2889@simplemachines/friend/NanoSector JOIN #Random
28.06.2015 - 21:11:14	  [ WildPHP\Manager-DEBUG ] 	<< :wolfe.freenode.net 332 NanoSector #Random :Go crazy in #random! ;)
28.06.2015 - 21:11:14	  [ WildPHP\Manager-DEBUG ] 	<< :wolfe.freenode.net 333 NanoSector #Random unknown 1212089057
28.06.2015 - 21:11:14	  [ WildPHP\Manager-DEBUG ] 	<< :wolfe.freenode.net 353 NanoSector @ #Random :NanoSector dTal_ kiddo webvictim webby @ChanServ ylfchild
28.06.2015 - 21:11:14	  [ WildPHP\Manager-DEBUG ] 	<< :wolfe.freenode.net 366 NanoSector #Random :End of /NAMES list.
28.06.2015 - 21:11:14	  [ WildPHP\Manager-DEBUG ] 	<< :wolfe.freenode.net 324 NanoSector #Random +nst
28.06.2015 - 21:11:14	  [ WildPHP\Manager-DEBUG ] 	<< :wolfe.freenode.net 329 NanoSector #Random 1263567046
28.06.2015 - 21:11:16	  [ WildPHP\Manager-DEBUG ] 	<< :fynn!6d5ab901@gateway/web/freenode/ip.109.90.185.1 PRIVMSG #sunshine-support :will it be soff
28.06.2015 - 21:11:16	  [ WildPHP\Manager-DEBUG ] 	<< :Frogworm!Frogworm@c-50-173-215-110.hsd1.ca.comcast.net PRIVMSG #Cyanogenmod :time to find out who is the maintainer for jflte and try to get ahold of that person ;)
28.06.2015 - 21:11:19	  [ WildPHP\Manager-DEBUG ] 	<< :[Saint]!~hayden@rockbox/staff/saint PRIVMSG #Cyanogenmod :No idea offhand, that was my first guess - the audio interface changed, but, if that isn't it - no idea.
28.06.2015 - 21:11:21	  [ WildPHP\Manager-DEBUG ] 	<< :fynn!6d5ab901@gateway/web/freenode/ip.109.90.185.1 PRIVMSG #sunshine-support :anytime
28.06.2015 - 21:11:24	  [ WildPHP\Manager-DEBUG ] 	<< :NanoSector!~Yoshi2889@541BF3D2.cm-5-4d.dynamic.ziggo.nl PRIVMSG #aospa :#part #random
28.06.2015 - 21:11:24	  [ AUTH ] 	Checking authorization for hostname :NanoSector!~Yoshi2889@541BF3D2.cm-5-4d.dynamic.ziggo.nl: Authorized28.06.2015 - 21:11:24	  [ CHANMAN ] 	Parting channel #random...28.06.2015 - 21:11:24	  [ DATAOUT ] 	PART #random28.06.2015 - 21:11:25	  [ WildPHP\Manager-DEBUG ] 	<< :NanoSector!~Yoshi2889@simplemachines/friend/NanoSector PART #Random
28.06.2015 - 21:11:32	  [ WildPHP\Manager-DEBUG ] 	<< :NanoSector!~Yoshi2889@541BF3D2.cm-5-4d.dynamic.ziggo.nl PRIVMSG #aospa :heh my client actually responds to that
28.06.2015 - 21:11:35	  [ WildPHP\Manager-DEBUG ] 	<< :beaups!~beaups@unaffiliated/beaups PRIVMSG #sunshine-support :switching roms doesn't remove s-off
28.06.2015 - 21:11:35	  [ WildPHP\Manager-DEBUG ] 	<< :[Saint]!~hayden@rockbox/staff/saint PRIVMSG #Cyanogenmod :Frogworm: not exactly sure how that helps you
28.06.2015 - 21:11:37	  [ WildPHP\Manager-DEBUG ] 	<< :Jippi!~cw@x1-6-90-72-40-04-fa-86.cpe.webspeed.dk QUIT :Quit: Jippi
28.06.2015 - 21:11:42	  [ WildPHP\Manager-DEBUG ] 	<< :Frogworm!Frogworm@c-50-173-215-110.hsd1.ca.comcast.net PRIVMSG #Cyanogenmod :granted, it is cm11 instead of cm12.1
28.06.2015 - 21:11:43	  [ WildPHP\Manager-DEBUG ] 	<< :beaups!~beaups@unaffiliated/beaups PRIVMSG #sunshine-support :so you can backup
28.06.2015 - 21:11:44	  [ WildPHP\Manager-DEBUG ] 	<< :NanoSector!~Yoshi2889@541BF3D2.cm-5-4d.dynamic.ziggo.nl PRIVMSG #aospa :b/c same slot in bouncer
28.06.2015 - 21:11:45	  [ WildPHP\Manager-DEBUG ] 	<< :bigbiff!~bigbiff@unaffiliated/bigbiff PRIVMSG #twrp :doesnt help deugging twrp
28.06.2015 - 21:11:46	  [ WildPHP\Manager-DEBUG ] 	<< :beaups!~beaups@unaffiliated/beaups PRIVMSG #sunshine-support :flash sense rom
28.06.2015 - 21:11:48	  [ WildPHP\Manager-DEBUG ] 	<< :beaups!~beaups@unaffiliated/beaups PRIVMSG #sunshine-support :do s-off
28.06.2015 - 21:11:51	  [ WildPHP\Manager-DEBUG ] 	<< :HdkR!~ryanh@li489-126.members.linode.com PRIVMSG #dolphin-emu :Bh44L: A guy in their music video looks like Adam Baldwin
28.06.2015 - 21:11:53	  [ WildPHP\Manager-DEBUG ] 	<< :beaups!~beaups@unaffiliated/beaups PRIVMSG #sunshine-support :restore your paranoid android, etc
28.06.2015 - 21:11:55	  [ WildPHP\Manager-DEBUG ] 	<< :bigbiff!~bigbiff@unaffiliated/bigbiff PRIVMSG #twrp :need recovery.log from twrp
28.06.2015 - 21:11:56	  [ WildPHP\Manager-DEBUG ] 	<< :[Saint]!~hayden@rockbox/staff/saint PRIVMSG #Cyanogenmod :if that maintainer was in any way interested in the device, s/he'd be doing it already.
28.06.2015 - 21:11:57	  [ WildPHP\Manager-DEBUG ] 	<< :NanoSector!~Yoshi2889@541BF3D2.cm-5-4d.dynamic.ziggo.nl PRIVMSG #aospa :hang on
28.06.2015 - 21:11:57	  [ WildPHP\Manager-DEBUG ] 	<< :Bh44L!BhaaL@unaffiliated/bh44l PRIVMSG #dolphin-emu ::o
28.06.2015 - 21:11:58	  [ WildPHP\Manager-DEBUG ] 	<< :NanoSector!~Yoshi2889@541BF3D2.cm-5-4d.dynamic.ziggo.nl PRIVMSG #aospa :#part
28.06.2015 - 21:11:58	  [ AUTH ] 	Checking authorization for hostname :NanoSector!~Yoshi2889@541BF3D2.cm-5-4d.dynamic.ziggo.nl: Authorized28.06.2015 - 21:11:58	  [ CHANMAN ] 	Parting channel #aospa...28.06.2015 - 21:11:58	  [ DATAOUT ] 	PART #aospa28.06.2015 - 21:11:58	  [ WildPHP\Manager-DEBUG ] 	<< :NanoSector!~Yoshi2889@simplemachines/friend/NanoSector PART #aospa
28.06.2015 - 21:12:01	  [ WildPHP\Manager-DEBUG ] 	<< :NanoSector!~Yoshi2889@541BF3D2.cm-5-4d.dynamic.ziggo.nl PRIVMSG #NanoPlayground :#join #aospa
28.06.2015 - 21:12:01	  [ AUTH ] 	Checking authorization for hostname :NanoSector!~Yoshi2889@541BF3D2.cm-5-4d.dynamic.ziggo.nl: Authorized28.06.2015 - 21:12:01	  [ CHANMAN ] 	Joining channel #aospa...28.06.2015 - 21:12:01	  [ DATAOUT ] 	JOIN #aospa28.06.2015 - 21:12:01	  [ WildPHP\Manager-DEBUG ] 	<< :NanoSector!~Yoshi2889@simplemachines/friend/NanoSector JOIN #aospa
28.06.2015 - 21:12:01	  [ WildPHP\Manager-DEBUG ] 	<< :wolfe.freenode.net 332 NanoSector #aospa :Welcome to the official AOSPA channel! | Sometimes it is a bit silent here - please don't leave right away! | PA 5.0 ALPHA2 is out | Website: http://aospa.co/ | AOSPA community: http://bit.ly/1lcw0cO | AOSPA Legacy community: http://bit.ly/1gm965I
28.06.2015 - 21:12:01	  [ WildPHP\Manager-DEBUG ] 	<< :wolfe.freenode.net 333 NanoSector #aospa sigv 1425919812
28.06.2015 - 21:12:01	  [ WildPHP\Manager-DEBUG ] 	<< :wolfe.freenode.net 353 NanoSector = #aospa :NanoSector [Saint] Clark008 @aospa beekay201 chachin p3lim GermainZ ParkerR netwoodle NaterTots T-Junk Cthulhux Happzz pinPoint deathspawn m3rcuriel +sigv codebam Cerise lol768- ne0phyte pirateghost BytesAndCoffee helicopter88 gnosticJade JZTech101
28.06.2015 - 21:12:01	  [ WildPHP\Manager-DEBUG ] 	<< :wolfe.freenode.net 366 NanoSector #aospa :End of /NAMES list.
28.06.2015 - 21:12:01	  [ WildPHP\Manager-DEBUG ] 	<< :wolfe.freenode.net 324 NanoSector #aospa +cnt
28.06.2015 - 21:12:01	  [ WildPHP\Manager-DEBUG ] 	<< :wolfe.freenode.net 329 NanoSector #aospa 1400023625
28.06.2015 - 21:12:02	  [ WildPHP\Manager-DEBUG ] 	<< :ecips!~Ecips@220-245-23-214.static.tpgi.com.au PRIVMSG #Cyanogenmod :make: *** [/home/spice.net.au/homes/spice/data/CM12/out/target/product/m7/obj/SHARED_LIBRARIES/audio.primary.msm8960_intermediates/LINKED/audio.primary.msm8960.so] Error 1
28.06.2015 - 21:12:04	  [ WildPHP\Manager-DEBUG ] 	<< :Grommish!ae6599ee@gateway/web/freenode/ip.174.101.153.238 PRIVMSG #twrp :amarullz_: I tried to change the fb device from a /tmp file to /dev/fb0 (because its what TWRP uses bigbiff said).  I've tried various version levels (1/2/3) as well
28.06.2015 - 21:12:06	  [ WildPHP\Manager-DEBUG ] 	<< :ecips!~Ecips@220-245-23-214.static.tpgi.com.au PRIVMSG #Cyanogenmod :next line of the same error
28.06.2015 - 21:12:08	  [ WildPHP\Manager-DEBUG ] 	<< :NanoSector!~Yoshi2889@541BF3D2.cm-5-4d.dynamic.ziggo.nl PRIVMSG #aospa :nice, nice
28.06.2015 - 21:12:10	  [ WildPHP\Manager-DEBUG ] 	<< :nytr!55ab04d7@gateway/web/freenode/ip.85.171.4.215 PRIVMSG #twrp :ok, will try to find it
28.06.2015 - 21:12:16	  [ WildPHP\Manager-DEBUG ] 	<< :Fissurez!~Fissurez@host86-179-115-162.range86-179.btcentralplus.com JOIN #dolphin-emu
28.06.2015 - 21:12:17	  [ WildPHP\Manager-DEBUG ] 	<< :Neui!~neui@unaffiliated/neui PRIVMSG #dolphin-emu :Man time goes so fast
28.06.2015 - 21:12:19	  [ WildPHP\Manager-DEBUG ] 	<< :fynn!6d5ab901@gateway/web/freenode/ip.109.90.185.1 PRIVMSG #sunshine-support :cool
28.06.2015 - 21:12:31	  [ WildPHP\Manager-DEBUG ] 	<< :fynn!6d5ab901@gateway/web/freenode/ip.109.90.185.1 PRIVMSG #sunshine-support :thx man...
28.06.2015 - 21:12:39	  [ WildPHP\Manager-DEBUG ] 	<< :NanoSector!~Yoshi2889@541BF3D2.cm-5-4d.dynamic.ziggo.nl PRIVMSG #wildphp :amunak, still around?
28.06.2015 - 21:12:40	  [ WildPHP\Manager-DEBUG ] 	<< :fynn!6d5ab901@gateway/web/freenode/ip.109.90.185.1 QUIT :Client Quit
28.06.2015 - 21:12:41	  [ WildPHP\Manager-DEBUG ] 	<< :[Saint]!~hayden@rockbox/staff/saint PRIVMSG #Cyanogenmod :yeah - that's entirely non-interesting as far as debugging goes.
28.06.2015 - 21:12:51	  [ WildPHP\Manager-DEBUG ] 	<< :[Saint]!~hayden@rockbox/staff/saint PRIVMSG #Cyanogenmod :given the error I knew where it was falling over already
28.06.2015 - 21:12:52	  [ WildPHP\Manager-DEBUG ] 	<< :ecips!~Ecips@220-245-23-214.static.tpgi.com.au PRIVMSG #Cyanogenmod :[Saint]: you know, for a kiwi you're not so bad after all.
28.06.2015 - 21:12:55	  [ WildPHP\Manager-DEBUG ] 	<< :[Saint]!~hayden@rockbox/staff/saint PRIVMSG #Cyanogenmod :but, thanks.
28.06.2015 - 21:13:11	  [ WildPHP\Manager-DEBUG ] 	<< :ecips!~Ecips@220-245-23-214.static.tpgi.com.au PRIVMSG #Cyanogenmod :ACTION grins
28.06.2015 - 21:13:19	  [ WildPHP\Manager-DEBUG ] 	<< :Shoegazer!~Shoegazer@pool-96-241-238-61.washdc.fios.verizon.net JOIN #dolphin-emu
28.06.2015 - 21:13:23	  [ WildPHP\Manager-DEBUG ] 	<< :ecips!~Ecips@220-245-23-214.static.tpgi.com.au PRIVMSG #Cyanogenmod :I'll sync and try a build again
28.06.2015 - 21:13:50	  [ WildPHP\Manager-DEBUG ] 	<< :GentileBen!GentileBen@cpc70137-lutn12-2-0-cust564.9-3.cable.virginm.net QUIT :
28.06.2015 - 21:13:50	  [ WildPHP\Manager-DEBUG ] 	<< :ecips!~Ecips@220-245-23-214.static.tpgi.com.au PRIVMSG #Cyanogenmod :and if it doesnt work I'll be demanding a refund
28.06.2015 - 21:14:08	  [ WildPHP\Manager-DEBUG ] 	<< :Frogworm!Frogworm@c-50-173-215-110.hsd1.ca.comcast.net PRIVMSG #Cyanogenmod :fact, kiwis are some of the best fruit
28.06.2015 - 21:14:26	  [ WildPHP\Manager-DEBUG ] 	<< :AppAraat!~AppAraat@gateway/vpn/privateinternetaccess/apparaat PRIVMSG #Cyanogenmod :they're not a fruit, they're birds
28.06.2015 - 21:14:29	  [ WildPHP\Manager-DEBUG ] 	<< :Frogworm!Frogworm@c-50-173-215-110.hsd1.ca.comcast.net PRIVMSG #Cyanogenmod :but the damn drought killed my kiwifruit plants
28.06.2015 - 21:14:47	  [ WildPHP\Manager-DEBUG ] 	<< :[Saint]!~hayden@rockbox/staff/saint PRIVMSG #Cyanogenmod :little furry fuckers that taste like sour ass.
28.06.2015 - 21:14:55	  [ WildPHP\Manager-DEBUG ] 	<< :AppAraat!~AppAraat@gateway/vpn/privateinternetaccess/apparaat PRIVMSG #Cyanogenmod :lol
28.06.2015 - 21:14:58	  [ WildPHP\Manager-DEBUG ] 	<< :[Saint]!~hayden@rockbox/staff/saint PRIVMSG #Cyanogenmod :shit gets all stuck to your tongue.
28.06.2015 - 21:15:00	  [ WildPHP\Manager-DEBUG ] 	<< :Frogworm!Frogworm@c-50-173-215-110.hsd1.ca.comcast.net PRIVMSG #Cyanogenmod :ew
28.06.2015 - 21:15:09	  [ WildPHP\Manager-DEBUG ] 	<< :ecips!~Ecips@220-245-23-214.static.tpgi.com.au PRIVMSG #Cyanogenmod :Kiwis are cute - Kea's are utter cunts - the devils own bird!!
28.06.2015 - 21:15:15	  [ WildPHP\Manager-DEBUG ] 	<< :ShrewdSpirit!~ShrewdSpi@5.78.60.211 QUIT :Ping timeout: 272 seconds
28.06.2015 - 21:15:26	  [ WildPHP\Manager-DEBUG ] 	<< :_Fissurez_!~Fissurez@host86-179-115-162.range86-179.btcentralplus.com QUIT :Ping timeout: 276 seconds
28.06.2015 - 21:15:32	  [ WildPHP\Manager-DEBUG ] 	<< :[Saint]!~hayden@rockbox/staff/saint PRIVMSG #Cyanogenmod :Can concur. They ripped my car apart just because once.
28.06.2015 - 21:15:37	  [ WildPHP\Manager-DEBUG ] 	<< :[Saint]!~hayden@rockbox/staff/saint PRIVMSG #Cyanogenmod :Assholes.
28.06.2015 - 21:15:44	  [ WildPHP\Manager-DEBUG ] 	<< :ecips!~Ecips@220-245-23-214.static.tpgi.com.au PRIVMSG #Cyanogenmod :lol - yeah, I've had a car kea-fucked
28.06.2015 - 21:15:44	  [ WildPHP\Manager-DEBUG ] 	<< :NanoSector!~Yoshi2889@541BF3D2.cm-5-4d.dynamic.ziggo.nl PRIVMSG #aospa :#exec var_dump($e->getMessage()->get());
28.06.2015 - 21:15:44	  [ AUTH ] 	Checking authorization for hostname :NanoSector!~Yoshi2889@541BF3D2.cm-5-4d.dynamic.ziggo.nl: Authorized28.06.2015 - 21:15:44	  [ LOG ] 	Running command "var_dump($e->getMessage()->get());"28.06.2015 - 21:15:44	  [ LOG ] 	Shutdown function called, closing log...