07.07.2015 - 15:52:24	  [ LOG ] 	Using log file /mnt/data/IRC Bot/new/Wild-IRC-Bot/logs//log87.log07.07.2015 - 15:52:24	  [ WildPHP\Manager ] 	Registered event IRCMessageInbound (with class IIRCMessageInboundEvent).07.07.2015 - 15:52:24	  [ WildPHP\Manager ] 	Registered event BotCommand (with class ICommandEvent).07.07.2015 - 15:52:24	  [ WildPHP\Manager ] 	Registered event Say (with class ISayEvent).07.07.2015 - 15:52:24	  [ WildPHP\Manager ] 	Registered event Connect (with class IConnectEvent).07.07.2015 - 15:52:24	  [ WildPHP\Manager ] 	Registered event Loop (with class IEvent).07.07.2015 - 15:52:24	  [ WildPHP\Manager-DEBUG ] 	Module Auth registered.07.07.2015 - 15:52:24	  [ WildPHP\Manager-DEBUG ] 	Module ChannelAdmin registered.07.07.2015 - 15:52:24	  [ WildPHP\Manager-DEBUG ] 	Module ChannelManager registered.07.07.2015 - 15:52:24	  [ WildPHP\Manager-DEBUG ] 	Module CoreCommands registered.07.07.2015 - 15:52:24	  [ WildPHP\Manager-DEBUG ] 	Module Dev registered.07.07.2015 - 15:52:24	  [ WildPHP\Manager-DEBUG ] 	Module GitHub registered.07.07.2015 - 15:52:24	  [ WildPHP\Manager-DEBUG ] 	Module Help registered.07.07.2015 - 15:52:24	  [ WildPHP\Manager-DEBUG ] 	Module Remote registered.07.07.2015 - 15:52:24	  [ WildPHP\Manager-DEBUG ] 	Module Watchdog registered.07.07.2015 - 15:52:24	  [ WildPHP\Manager-DEBUG ] 	Loading module Auth...07.07.2015 - 15:52:24	  [ WildPHP\Manager ] 	Module Auth loaded.07.07.2015 - 15:52:24	  [ WildPHP\Manager-DEBUG ] 	Loading module ChannelAdmin...07.07.2015 - 15:52:24	  [ WildPHP\Manager ] 	Module ChannelAdmin loaded.07.07.2015 - 15:52:24	  [ WildPHP\Manager-DEBUG ] 	Loading module ChannelManager...07.07.2015 - 15:52:24	  [ WildPHP\Manager ] 	Registered event ChannelJoin (with class ChannelJoinEvent).07.07.2015 - 15:52:24	  [ WildPHP\Manager ] 	Module ChannelManager loaded.07.07.2015 - 15:52:24	  [ WildPHP\Manager-DEBUG ] 	Loading module CoreCommands...07.07.2015 - 15:52:24	  [ WildPHP\Manager ] 	Module CoreCommands loaded.07.07.2015 - 15:52:24	  [ WildPHP\Manager-DEBUG ] 	Loading module Dev...07.07.2015 - 15:52:24	  [ WildPHP\Manager ] 	Module Dev loaded.07.07.2015 - 15:52:24	  [ WildPHP\Manager-DEBUG ] 	Loading module GitHub...07.07.2015 - 15:52:24	  [ WildPHP\Manager ] 	Module GitHub loaded.07.07.2015 - 15:52:24	  [ WildPHP\Manager-DEBUG ] 	Loading module Help...07.07.2015 - 15:52:24	  [ WildPHP\Manager ] 	Module Help loaded.07.07.2015 - 15:52:24	  [ WildPHP\Manager-DEBUG ] 	Loading module Remote...07.07.2015 - 15:52:24	  [ WildPHP\Manager ] 	Module Remote loaded.07.07.2015 - 15:52:24	  [ WildPHP\Manager-DEBUG ] 	Loading module Watchdog...07.07.2015 - 15:52:24	  [ TIMERMAN ] 	Added new timer PingTimeoutTimer. Next trigger in 256 seconds.07.07.2015 - 15:52:24	  [ WildPHP\Manager ] 	Module Watchdog loaded.07.07.2015 - 15:52:24	  [ WildPHP\Manager ] 	Connection to server irc.freenode.net:6667 set up with nick FatalException; ready to use.07.07.2015 - 15:52:24	  [ WildPHP\Manager-DEBUG ] 	<< :leguin.freenode.net NOTICE * :*** Looking up your hostname...
07.07.2015 - 15:52:24	  [ WildPHP\Manager-DEBUG ] 	<< :leguin.freenode.net NOTICE * :*** Checking Ident
07.07.2015 - 15:52:24	  [ WildPHP\Manager-DEBUG ] 	<< :leguin.freenode.net NOTICE * :*** Found your hostname
07.07.2015 - 15:52:30	  [ WildPHP\Manager-DEBUG ] 	<< :leguin.freenode.net NOTICE * :*** No Ident response
07.07.2015 - 15:52:30	  [ WildPHP\Manager-DEBUG ] 	<< :leguin.freenode.net 001 FatalException :Welcome to the freenode Internet Relay Chat Network FatalException
07.07.2015 - 15:52:30	  [ WildPHP\Manager-DEBUG ] 	<< :leguin.freenode.net 002 FatalException :Your host is leguin.freenode.net[130.239.18.119/6667], running version ircd-seven-1.1.3
07.07.2015 - 15:52:30	  [ WildPHP\Manager-DEBUG ] 	<< :leguin.freenode.net 003 FatalException :This server was created Sun Mar 15 2015 at 18:31:34 UTC
07.07.2015 - 15:52:30	  [ WildPHP\Manager-DEBUG ] 	<< :leguin.freenode.net 004 FatalException leguin.freenode.net ircd-seven-1.1.3 DOQRSZaghilopswz CFILMPQSbcefgijklmnopqrstvz bkloveqjfI
07.07.2015 - 15:52:30	  [ WildPHP\Manager-DEBUG ] 	<< :leguin.freenode.net 005 FatalException CHANTYPES=# EXCEPTS INVEX CHANMODES=eIbq,k,flj,CFLMPQScgimnprstz CHANLIMIT=#:120 PREFIX=(ov)@+ MAXLIST=bqeI:100 MODES=4 NETWORK=freenode KNOCK STATUSMSG=@+ CALLERID=g :are supported by this server
07.07.2015 - 15:52:30	  [ WildPHP\Manager-DEBUG ] 	<< :leguin.freenode.net 005 FatalException CASEMAPPING=rfc1459 CHARSET=ascii NICKLEN=16 CHANNELLEN=50 TOPICLEN=390 ETRACE CPRIVMSG CNOTICE DEAF=D MONITOR=100 FNC TARGMAX=NAMES:1,LIST:1,KICK:1,WHOIS:1,PRIVMSG:4,NOTICE:4,ACCEPT:,MONITOR: :are supported by this server
07.07.2015 - 15:52:30	  [ WildPHP\Manager-DEBUG ] 	<< :leguin.freenode.net 005 FatalException EXTBAN=$,ajrxz WHOX CLIENTVER=3.0 SAFELIST ELIST=CTU :are supported by this server
07.07.2015 - 15:52:30	  [ WildPHP\Manager-DEBUG ] 	<< :leguin.freenode.net 251 FatalException :There are 168 users and 93354 invisible on 27 servers
07.07.2015 - 15:52:30	  [ WildPHP\Manager-DEBUG ] 	<< :leguin.freenode.net 252 FatalException 21 :IRC Operators online
07.07.2015 - 15:52:30	  [ WildPHP\Manager-DEBUG ] 	<< :leguin.freenode.net 253 FatalException 6 :unknown connection(s)
07.07.2015 - 15:52:30	  [ WildPHP\Manager-DEBUG ] 	<< :leguin.freenode.net 254 FatalException 60666 :channels formed
07.07.2015 - 15:52:30	  [ WildPHP\Manager-DEBUG ] 	<< :leguin.freenode.net 255 FatalException :I have 7204 clients and 1 servers
07.07.2015 - 15:52:30	  [ WildPHP\Manager-DEBUG ] 	<< :leguin.freenode.net 265 FatalException 7204 9114 :Current local users 7204, max 9114
07.07.2015 - 15:52:30	  [ WildPHP\Manager-DEBUG ] 	<< :leguin.freenode.net 266 FatalException 93522 100454 :Current global users 93522, max 100454
07.07.2015 - 15:52:30	  [ WildPHP\Manager-DEBUG ] 	<< :leguin.freenode.net 250 FatalException :Highest connection count: 9115 (9114 clients) (274937 connections received)
07.07.2015 - 15:52:30	  [ WildPHP\Manager-DEBUG ] 	<< :leguin.freenode.net 375 FatalException :- leguin.freenode.net Message of the Day - 
07.07.2015 - 15:52:30	  [ WildPHP\Manager-DEBUG ] 	<< :leguin.freenode.net 372 FatalException :- Welcome to leguin.freenode.net in Umeå, Sweden, EU! Thanks to
07.07.2015 - 15:52:30	  [ WildPHP\Manager-DEBUG ] 	<< :leguin.freenode.net 372 FatalException :- the Academic Computer Club at Umeå University for sponsoring
07.07.2015 - 15:52:30	  [ WildPHP\Manager-DEBUG ] 	<< :leguin.freenode.net 372 FatalException :- this server!
07.07.2015 - 15:52:30	  [ WildPHP\Manager-DEBUG ] 	<< :leguin.freenode.net 372 FatalException :-  
07.07.2015 - 15:52:30	  [ WildPHP\Manager-DEBUG ] 	<< :leguin.freenode.net 372 FatalException :- LE GUIN, URSULA K. (1929-) Born in Berkeley, California,
07.07.2015 - 15:52:30	  [ WildPHP\Manager-DEBUG ] 	<< :leguin.freenode.net 372 FatalException :- Ursula Le Guin is an american author primarily known for
07.07.2015 - 15:52:30	  [ WildPHP\Manager-DEBUG ] 	<< :leguin.freenode.net 372 FatalException :- her Science Fiction and Fantasy. She has been awarded the
07.07.2015 - 15:52:30	  [ WildPHP\Manager-DEBUG ] 	<< :leguin.freenode.net 372 FatalException :- Hugo and Nebula awards, and is best known for her Earthsea
07.07.2015 - 15:52:30	  [ WildPHP\Manager-DEBUG ] 	<< :leguin.freenode.net 372 FatalException :- and Hainish series.
07.07.2015 - 15:52:30	  [ WildPHP\Manager-DEBUG ] 	<< :leguin.freenode.net 372 FatalException :-  
07.07.2015 - 15:52:30	  [ WildPHP\Manager-DEBUG ] 	<< :leguin.freenode.net 372 FatalException :- Welcome to freenode - supporting the free and open source
07.07.2015 - 15:52:30	  [ WildPHP\Manager-DEBUG ] 	<< :leguin.freenode.net 372 FatalException :- software communities since 1998.
07.07.2015 - 15:52:30	  [ WildPHP\Manager-DEBUG ] 	<< :leguin.freenode.net 372 FatalException :-  
07.07.2015 - 15:52:30	  [ WildPHP\Manager-DEBUG ] 	<< :leguin.freenode.net 372 FatalException :- By connecting to freenode you indicate that you have read and
07.07.2015 - 15:52:30	  [ WildPHP\Manager-DEBUG ] 	<< :leguin.freenode.net 372 FatalException :- accept our policies as set out on http://www.freenode.net
07.07.2015 - 15:52:30	  [ WildPHP\Manager-DEBUG ] 	<< :leguin.freenode.net 372 FatalException :- freenode runs an open proxy scanner. Please join #freenode for
07.07.2015 - 15:52:30	  [ WildPHP\Manager-DEBUG ] 	<< :leguin.freenode.net 372 FatalException :- any network-related questions or queries, where a number of
07.07.2015 - 15:52:30	  [ WildPHP\Manager-DEBUG ] 	<< :leguin.freenode.net 372 FatalException :- volunteer staff and helpful users will be happy to assist you.
07.07.2015 - 15:52:30	  [ WildPHP\Manager-DEBUG ] 	<< :leguin.freenode.net 372 FatalException :-  
07.07.2015 - 15:52:30	  [ WildPHP\Manager-DEBUG ] 	<< :leguin.freenode.net 372 FatalException :- You can meet us at FOSSCON (http://www.fosscon.org) where we get
07.07.2015 - 15:52:30	  [ WildPHP\Manager-DEBUG ] 	<< :leguin.freenode.net 372 FatalException :- together with like-minded FOSS enthusiasts for talks and
07.07.2015 - 15:52:30	  [ WildPHP\Manager-DEBUG ] 	<< :leguin.freenode.net 372 FatalException :- real-life collaboration.
07.07.2015 - 15:52:30	  [ WildPHP\Manager-DEBUG ] 	<< :leguin.freenode.net 372 FatalException :-  
07.07.2015 - 15:52:30	  [ WildPHP\Manager-DEBUG ] 	<< :leguin.freenode.net 372 FatalException :- We would like to thank Private Internet Access
07.07.2015 - 15:52:30	  [ WildPHP\Manager-DEBUG ] 	<< :leguin.freenode.net 372 FatalException :- (https://www.privateinternetaccess.com/) and the other
07.07.2015 - 15:52:30	  [ WildPHP\Manager-DEBUG ] 	<< :leguin.freenode.net 372 FatalException :- organisations that help keep freenode and our other projects
07.07.2015 - 15:52:30	  [ WildPHP\Manager-DEBUG ] 	<< :leguin.freenode.net 372 FatalException :- running for their sustained support.
07.07.2015 - 15:52:30	  [ WildPHP\Manager-DEBUG ] 	<< :leguin.freenode.net 372 FatalException :-  
07.07.2015 - 15:52:30	  [ WildPHP\Manager-DEBUG ] 	<< :leguin.freenode.net 372 FatalException :- In particular we would like to thank the sponsor
07.07.2015 - 15:52:30	  [ WildPHP\Manager-DEBUG ] 	<< :leguin.freenode.net 372 FatalException :- of this server, det07.07.2015 - 15:52:30	  [ WildPHP\Manager-DEBUG ] 	<< ails of which can be found above.
07.07.2015 - 15:52:30	  [ WildPHP\Manager-DEBUG ] 	<< :leguin.freenode.net 372 FatalException :-  
07.07.2015 - 15:52:30	  [ WildPHP\Manager-DEBUG ] 	<< :leguin.freenode.net 376 FatalException :End of /MOTD command.
07.07.2015 - 15:52:30	  [ DATAOUT ] 	JOIN #NanoPlayground07.07.2015 - 15:52:30	  [ DATAOUT ] 	JOIN #smf07.07.2015 - 15:52:30	  [ DATAOUT ] 	JOIN #wildphp07.07.2015 - 15:52:30	  [ WildPHP\Manager-DEBUG ] 	<< :FatalException MODE FatalException :+i
07.07.2015 - 15:52:30	  [ WildPHP\Manager-DEBUG ] 	<< :NickServ!NickServ@services. NOTICE FatalException :This nickname is registered. Please choose a different nickname, or identify via /msg NickServ identify <password>.
07.07.2015 - 15:52:30	  [ WildPHP\Manager-DEBUG ] 	<< :NickServ!NickServ@services. NOTICE FatalException :You are now identified for FatalException.
07.07.2015 - 15:52:30	  [ WildPHP\Manager-DEBUG ] 	<< :leguin.freenode.net 396 FatalException unaffiliated/yoshi2889/bot/fatalexception :is now your hidden host (set by services.)
07.07.2015 - 15:52:36	  [ WildPHP\Manager-DEBUG ] 	<< :FatalException!~FatalExce@unaffiliated/yoshi2889/bot/fatalexception JOIN #NanoPlayground
07.07.2015 - 15:52:36	  [ WildPHP\Manager-DEBUG ] 	<< :leguin.freenode.net 332 FatalException #NanoPlayground :Test place for bots.
07.07.2015 - 15:52:36	  [ WildPHP\Manager-DEBUG ] 	<< :leguin.freenode.net 333 FatalException #NanoPlayground FatalException!~FatalExce@unaffiliated/yoshi2889/bot/fatalexception 1425410979
07.07.2015 - 15:52:36	  [ WildPHP\Manager-DEBUG ] 	<< :leguin.freenode.net 353 FatalException = #NanoPlayground :FatalException SPF|Cloud DenBeiren NanoSector Stiflerrpg sigv Stifler @ChanServ TimTims
07.07.2015 - 15:52:36	  [ WildPHP\Manager-DEBUG ] 	<< :leguin.freenode.net 366 FatalException #NanoPlayground :End of /NAMES list.
07.07.2015 - 15:52:36	  [ WildPHP\Manager-DEBUG ] 	<< :FatalException!~FatalExce@unaffiliated/yoshi2889/bot/fatalexception JOIN #smf
07.07.2015 - 15:52:36	  [ WildPHP\Manager-DEBUG ] 	<< :leguin.freenode.net 332 FatalException #smf :Simple Machines Forum (SMF) official IRC channel! || SMF 2.1 Beta 1 Released! http://bit.ly/1xItRQl || SMF 2.0.10 and 1.1.21 Released! Please upgrade: http://bit.ly/1GvRVJW || Visit us at http://www.simplemachines.org/ || Online manual: http://bit.ly/I2PEnF || Looking for support? http://bit.ly/1aoqWwZ
07.07.2015 - 15:52:36	  [ WildPHP\Manager-DEBUG ] 	<< :leguin.freenode.net 333 FatalException #smf CoreISP!~coreisp@simplemachines/rootadmin/CoreISP 1432406302
07.07.2015 - 15:52:36	  [ WildPHP\Manager-DEBUG ] 	<< :leguin.freenode.net 353 FatalException = #smf :FatalException +Dragooon +Antes idosedthekoolaid luuuciano KnownSyntax cali Roph NanoSector Metacity Kissaki tvenhola Stu| spossiba paulr realz anonymouse Rymax99 Elsensee Niko^ StupidWeasel stefan RTamas SleePy @ChanServ t eichiro Nicofuma callumacrae
07.07.2015 - 15:52:36	  [ WildPHP\Manager-DEBUG ] 	<< :leguin.freenode.net 366 FatalException #smf :End of /NAMES list.
07.07.2015 - 15:52:36	  [ WildPHP\Manager-DEBUG ] 	<< :leguin.freenode.net NOTICE #smf :[freenode-info] channel flooding and no channel staff around to help? Please c07.07.2015 - 15:52:36	  [ WildPHP\Manager-DEBUG ] 	<< heck with freenode support: http://freenode.net/faq.shtml#gettinghelp
07.07.2015 - 15:52:36	  [ WildPHP\Manager-DEBUG ] 	<< :FatalException!~FatalExce@unaffiliated/yoshi2889/bot/fatalexception JOIN #wildphp
07.07.2015 - 15:52:36	  [ WildPHP\Manager-DEBUG ] 	<< :leguin.freenode.net 332 FatalException #wildphp :Welcome to #wildphp. Feel free to idle around. For help, just poke one of us and please stay around; someone will get to you. Get the latest version of the bot from https://github.com/WildPHP/Wild-IRC-Bot
07.07.2015 - 15:52:36	  [ WildPHP\Manager-DEBUG ] 	<< :leguin.freenode.net 333 FatalException #wildphp NanoSector!~Yoshi2889@simplemachines/support/NanoSector 1428415030
07.07.2015 - 15:52:36	  [ WildPHP\Manager-DEBUG ] 	<< :leguin.freenode.net 353 FatalException = #wildphp :FatalException +SPF|Cloud @NanoSector Madgod +amunak Stifler @ChanServ GuntherD1 @TimTims rbxs
07.07.2015 - 15:52:36	  [ WildPHP\Manager-DEBUG ] 	<< :leguin.freenode.net 366 FatalException #wildphp :End of /NAMES list.
07.07.2015 - 15:52:36	  [ WildPHP\Manager-DEBUG ] 	<< :ChanServ!ChanServ@services. MODE #NanoPlayground +o FatalException
07.07.2015 - 15:52:36	  [ WildPHP\Manager-DEBUG ] 	<< :ChanServ!ChanServ@services. NOTICE FatalException :[#smf] Welcome to the SimpleMachines.org official IRC channel! No guarantee for support here. Please do !NOT! send private messages to anyone in this channel without asking permission first! Thank you :) Staff are +v. Have a great time! *!*Please speak English in this channel*!*
07.07.2015 - 15:52:36	  [ WildPHP\Manager-DEBUG ] 	<< :services. 328 FatalException #smf :http://www.simplemachines.org/
07.07.2015 - 15:52:36	  [ WildPHP\Manager-DEBUG ] 	<< :services. 328 FatalException #wildphp :http://wildphp.com
07.07.2015 - 15:52:36	  [ WildPHP\Manager-DEBUG ] 	<< :ChanServ!ChanServ@services. MODE #wildphp +v FatalException
07.07.2015 - 15:54:43	  [ WildPHP\Manager-DEBUG ] 	<< PING :leguin.freenode.net
07.07.2015 - 15:54:43	  [ DATAOUT ] 	PONG :leguin.freenode.net
07.07.2015 - 15:56:40	  [ TIMERMAN ] 	Triggering timer PingTimeoutTimer07.07.2015 - 15:56:49	  [ WildPHP\Manager-DEBUG ] 	<< PING :leguin.freenode.net
07.07.2015 - 15:56:49	  [ DATAOUT ] 	PONG :leguin.freenode.net
07.07.2015 - 15:58:55	  [ WildPHP\Manager-DEBUG ] 	<< PING :leguin.freenode.net
07.07.2015 - 15:58:55	  [ DATAOUT ] 	PONG :leguin.freenode.net
07.07.2015 - 16:00:56	  [ TIMERMAN ] 	Triggering timer PingTimeoutTimer07.07.2015 - 16:01:01	  [ WildPHP\Manager-DEBUG ] 	<< PING :leguin.freenode.net
07.07.2015 - 16:01:01	  [ DATAOUT ] 	PONG :leguin.freenode.net
07.07.2015 - 16:03:07	  [ WildPHP\Manager-DEBUG ] 	<< PING :leguin.freenode.net
07.07.2015 - 16:03:07	  [ DATAOUT ] 	PONG :leguin.freenode.net
07.07.2015 - 16:05:12	  [ TIMERMAN ] 	Triggering timer PingTimeoutTimer07.07.2015 - 16:05:13	  [ WildPHP\Manager-DEBUG ] 	<< PING :leguin.freenode.net
07.07.2015 - 16:05:13	  [ DATAOUT ] 	PONG :leguin.freenode.net
07.07.2015 - 16:07:19	  [ WildPHP\Manager-DEBUG ] 	<< PING :leguin.freenode.net
07.07.2015 - 16:07:19	  [ DATAOUT ] 	PONG :leguin.freenode.net
07.07.2015 - 16:09:25	  [ WildPHP\Manager-DEBUG ] 	<< PING :leguin.freenode.net
07.07.2015 - 16:09:25	  [ DATAOUT ] 	PONG :leguin.freenode.net
07.07.2015 - 16:09:28	  [ TIMERMAN ] 	Triggering timer PingTimeoutTimer07.07.2015 - 16:11:31	  [ WildPHP\Manager-DEBUG ] 	<< PING :leguin.freenode.net
07.07.2015 - 16:11:31	  [ DATAOUT ] 	PONG :leguin.freenode.net
07.07.2015 - 16:13:37	  [ WildPHP\Manager-DEBUG ] 	<< PING :leguin.freenode.net
07.07.2015 - 16:13:37	  [ DATAOUT ] 	PONG :leguin.freenode.net
07.07.2015 - 16:13:44	  [ TIMERMAN ] 	Triggering timer PingTimeoutTimer07.07.2015 - 16:15:43	  [ WildPHP\Manager-DEBUG ] 	<< PING :leguin.freenode.net
07.07.2015 - 16:15:43	  [ DATAOUT ] 	PONG :leguin.freenode.net
07.07.2015 - 16:17:49	  [ WildPHP\Manager-DEBUG ] 	<< PING :leguin.freenode.net
07.07.2015 - 16:17:49	  [ DATAOUT ] 	PONG :leguin.freenode.net
07.07.2015 - 16:18:00	  [ TIMERMAN ] 	Triggering timer PingTimeoutTimer07.07.2015 - 16:19:55	  [ WildPHP\Manager-DEBUG ] 	<< PING :leguin.freenode.net
07.07.2015 - 16:19:55	  [ DATAOUT ] 	PONG :leguin.freenode.net
07.07.2015 - 16:22:01	  [ WildPHP\Manager-DEBUG ] 	<< PING :leguin.freenode.net
07.07.2015 - 16:22:01	  [ DATAOUT ] 	PONG :leguin.freenode.net
07.07.2015 - 16:22:16	  [ TIMERMAN ] 	Triggering timer PingTimeoutTimer07.07.2015 - 16:24:07	  [ WildPHP\Manager-DEBUG ] 	<< PING :leguin.freenode.net
07.07.2015 - 16:24:07	  [ DATAOUT ] 	PONG :leguin.freenode.net
07.07.2015 - 16:26:13	  [ WildPHP\Manager-DEBUG ] 	<< PING :leguin.freenode.net
07.07.2015 - 16:26:13	  [ DATAOUT ] 	PONG :leguin.freenode.net
07.07.2015 - 16:26:32	  [ TIMERMAN ] 	Triggering timer PingTimeoutTimer07.07.2015 - 16:28:19	  [ WildPHP\Manager-DEBUG ] 	<< PING :leguin.freenode.net
07.07.2015 - 16:28:19	  [ DATAOUT ] 	PONG :leguin.freenode.net
07.07.2015 - 16:30:25	  [ WildPHP\Manager-DEBUG ] 	<< PING :leguin.freenode.net
07.07.2015 - 16:30:25	  [ DATAOUT ] 	PONG :leguin.freenode.net
07.07.2015 - 16:30:48	  [ TIMERMAN ] 	Triggering timer PingTimeoutTimer07.07.2015 - 16:32:31	  [ WildPHP\Manager-DEBUG ] 	<< PING :leguin.freenode.net
07.07.2015 - 16:32:31	  [ DATAOUT ] 	PONG :leguin.freenode.net
07.07.2015 - 16:34:37	  [ WildPHP\Manager-DEBUG ] 	<< PING :leguin.freenode.net
07.07.2015 - 16:34:37	  [ DATAOUT ] 	PONG :leguin.freenode.net
07.07.2015 - 16:35:04	  [ TIMERMAN ] 	Triggering timer PingTimeoutTimer07.07.2015 - 16:36:43	  [ WildPHP\Manager-DEBUG ] 	<< PING :leguin.freenode.net
07.07.2015 - 16:36:43	  [ DATAOUT ] 	PONG :leguin.freenode.net
07.07.2015 - 16:38:49	  [ WildPHP\Manager-DEBUG ] 	<< PING :leguin.freenode.net
07.07.2015 - 16:38:49	  [ DATAOUT ] 	PONG :leguin.freenode.net
07.07.2015 - 16:39:20	  [ TIMERMAN ] 	Triggering timer PingTimeoutTimer07.07.2015 - 16:40:55	  [ WildPHP\Manager-DEBUG ] 	<< PING :leguin.freenode.net
07.07.2015 - 16:40:55	  [ DATAOUT ] 	PONG :leguin.freenode.net
07.07.2015 - 16:43:01	  [ WildPHP\Manager-DEBUG ] 	<< PING :leguin.freenode.net
07.07.2015 - 16:43:01	  [ DATAOUT ] 	PONG :leguin.freenode.net
07.07.2015 - 16:43:36	  [ TIMERMAN ] 	Triggering timer PingTimeoutTimer07.07.2015 - 16:45:07	  [ WildPHP\Manager-DEBUG ] 	<< PING :leguin.freenode.net
07.07.2015 - 16:45:07	  [ DATAOUT ] 	PONG :leguin.freenode.net
07.07.2015 - 16:47:13	  [ WildPHP\Manager-DEBUG ] 	<< PING :leguin.freenode.net
07.07.2015 - 16:47:13	  [ DATAOUT ] 	PONG :leguin.freenode.net
07.07.2015 - 16:47:52	  [ TIMERMAN ] 	Triggering timer PingTimeoutTimer07.07.2015 - 16:49:19	  [ WildPHP\Manager-DEBUG ] 	<< PING :leguin.freenode.net
07.07.2015 - 16:49:19	  [ DATAOUT ] 	PONG :leguin.freenode.net
07.07.2015 - 16:51:25	  [ WildPHP\Manager-DEBUG ] 	<< PING :leguin.freenode.net
07.07.2015 - 16:51:25	  [ DATAOUT ] 	PONG :leguin.freenode.net
07.07.2015 - 16:52:08	  [ TIMERMAN ] 	Triggering timer PingTimeoutTimer07.07.2015 - 16:53:31	  [ WildPHP\Manager-DEBUG ] 	<< PING :leguin.freenode.net
07.07.2015 - 16:53:31	  [ DATAOUT ] 	PONG :leguin.freenode.net
07.07.2015 - 16:53:39	  [ WildPHP\Manager-DEBUG ] 	<< :Oldiesmann!~oldiesman@simplemachines/developer/Oldiesmann JOIN #smf
07.07.2015 - 16:53:39	  [ WildPHP\Manager-DEBUG ] 	<< :ChanServ!ChanServ@services. MODE #smf +v Oldiesmann
07.07.2015 - 16:55:37	  [ WildPHP\Manager-DEBUG ] 	<< PING :leguin.freenode.net
07.07.2015 - 16:55:37	  [ DATAOUT ] 	PONG :leguin.freenode.net
07.07.2015 - 16:56:24	  [ TIMERMAN ] 	Triggering timer PingTimeoutTimer07.07.2015 - 16:57:43	  [ WildPHP\Manager-DEBUG ] 	<< PING :leguin.freenode.net
07.07.2015 - 16:57:43	  [ DATAOUT ] 	PONG :leguin.freenode.net
